{"/home/iamnwani/Desktop/OSS/ambianic-ui/cypress/integration/ambianic-tests/about.spec.js": {"path":"/home/iamnwani/Desktop/OSS/ambianic-ui/cypress/integration/ambianic-tests/about.spec.js","statementMap":{"0":{"start":{"line":2,"column":0},"end":{"line":33,"column":2}},"1":{"start":{"line":3,"column":2},"end":{"line":5,"column":4}},"2":{"start":{"line":4,"column":4},"end":{"line":4,"column":22}},"3":{"start":{"line":7,"column":2},"end":{"line":13,"column":4}},"4":{"start":{"line":8,"column":4},"end":{"line":9,"column":42}},"5":{"start":{"line":11,"column":4},"end":{"line":12,"column":57}},"6":{"start":{"line":15,"column":2},"end":{"line":20,"column":4}},"7":{"start":{"line":16,"column":14},"end":{"line":16,"column":37}},"8":{"start":{"line":17,"column":4},"end":{"line":17,"column":48}},"9":{"start":{"line":18,"column":4},"end":{"line":19,"column":54}},"10":{"start":{"line":22,"column":2},"end":{"line":27,"column":4}},"11":{"start":{"line":23,"column":14},"end":{"line":23,"column":37}},"12":{"start":{"line":24,"column":4},"end":{"line":24,"column":48}},"13":{"start":{"line":25,"column":4},"end":{"line":26,"column":49}},"14":{"start":{"line":29,"column":2},"end":{"line":32,"column":4}},"15":{"start":{"line":30,"column":4},"end":{"line":31,"column":48}}},"fnMap":{"0":{"name":"(anonymous_0)","decl":{"start":{"line":2,"column":21},"end":{"line":2,"column":22}},"loc":{"start":{"line":2,"column":27},"end":{"line":33,"column":1}},"line":2},"1":{"name":"(anonymous_1)","decl":{"start":{"line":3,"column":13},"end":{"line":3,"column":14}},"loc":{"start":{"line":3,"column":19},"end":{"line":5,"column":3}},"line":3},"2":{"name":"(anonymous_2)","decl":{"start":{"line":7,"column":33},"end":{"line":7,"column":34}},"loc":{"start":{"line":7,"column":39},"end":{"line":13,"column":3}},"line":7},"3":{"name":"(anonymous_3)","decl":{"start":{"line":15,"column":30},"end":{"line":15,"column":31}},"loc":{"start":{"line":15,"column":36},"end":{"line":20,"column":3}},"line":15},"4":{"name":"(anonymous_4)","decl":{"start":{"line":22,"column":30},"end":{"line":22,"column":31}},"loc":{"start":{"line":22,"column":36},"end":{"line":27,"column":3}},"line":22},"5":{"name":"(anonymous_5)","decl":{"start":{"line":29,"column":27},"end":{"line":29,"column":28}},"loc":{"start":{"line":29,"column":33},"end":{"line":32,"column":3}},"line":29}},"branchMap":{},"s":{"0":1,"1":1,"2":4,"3":1,"4":1,"5":1,"6":1,"7":1,"8":1,"9":1,"10":1,"11":1,"12":1,"13":1,"14":1,"15":1},"f":{"0":1,"1":4,"2":1,"3":1,"4":1,"5":1},"b":{},"_coverageSchema":"1a1c01bbd47fc00a2c39e90264f33305004495a9","hash":"775d48c0deba75af90cbe529474f441e94d6f94e"}
,"/home/iamnwani/Desktop/OSS/ambianic-ui/cypress/integration/ambianic-tests/actions.spec.js": {"path":"/home/iamnwani/Desktop/OSS/ambianic-ui/cypress/integration/ambianic-tests/actions.spec.js","statementMap":{"0":{"start":{"line":3,"column":0},"end":{"line":27,"column":2}},"1":{"start":{"line":4,"column":2},"end":{"line":6,"column":4}},"2":{"start":{"line":5,"column":4},"end":{"line":5,"column":17}},"3":{"start":{"line":8,"column":2},"end":{"line":10,"column":4}},"4":{"start":{"line":9,"column":4},"end":{"line":9,"column":42}},"5":{"start":{"line":12,"column":2},"end":{"line":15,"column":4}},"6":{"start":{"line":13,"column":4},"end":{"line":14,"column":112}},"7":{"start":{"line":17,"column":2},"end":{"line":20,"column":4}},"8":{"start":{"line":18,"column":4},"end":{"line":19,"column":52}},"9":{"start":{"line":22,"column":2},"end":{"line":26,"column":4}},"10":{"start":{"line":23,"column":14},"end":{"line":23,"column":37}},"11":{"start":{"line":24,"column":4},"end":{"line":25,"column":55}}},"fnMap":{"0":{"name":"(anonymous_0)","decl":{"start":{"line":3,"column":19},"end":{"line":3,"column":20}},"loc":{"start":{"line":3,"column":25},"end":{"line":27,"column":1}},"line":3},"1":{"name":"(anonymous_1)","decl":{"start":{"line":4,"column":13},"end":{"line":4,"column":14}},"loc":{"start":{"line":4,"column":19},"end":{"line":6,"column":3}},"line":4},"2":{"name":"(anonymous_2)","decl":{"start":{"line":8,"column":33},"end":{"line":8,"column":34}},"loc":{"start":{"line":8,"column":39},"end":{"line":10,"column":3}},"line":8},"3":{"name":"(anonymous_3)","decl":{"start":{"line":12,"column":48},"end":{"line":12,"column":49}},"loc":{"start":{"line":12,"column":54},"end":{"line":15,"column":3}},"line":12},"4":{"name":"(anonymous_4)","decl":{"start":{"line":17,"column":37},"end":{"line":17,"column":38}},"loc":{"start":{"line":17,"column":43},"end":{"line":20,"column":3}},"line":17},"5":{"name":"(anonymous_5)","decl":{"start":{"line":22,"column":32},"end":{"line":22,"column":33}},"loc":{"start":{"line":22,"column":38},"end":{"line":26,"column":3}},"line":22}},"branchMap":{},"s":{"0":1,"1":1,"2":4,"3":1,"4":1,"5":1,"6":1,"7":1,"8":1,"9":1,"10":1,"11":1},"f":{"0":1,"1":4,"2":1,"3":1,"4":1,"5":1},"b":{},"_coverageSchema":"1a1c01bbd47fc00a2c39e90264f33305004495a9","hash":"af31cd184f6efa534af485f8de0a797370d61314"}
,"/home/iamnwani/Desktop/OSS/ambianic-ui/cypress/integration/ambianic-tests/authbar-menu.spec.js": {"path":"/home/iamnwani/Desktop/OSS/ambianic-ui/cypress/integration/ambianic-tests/authbar-menu.spec.js","statementMap":{"0":{"start":{"line":3,"column":0},"end":{"line":56,"column":2}},"1":{"start":{"line":4,"column":2},"end":{"line":6,"column":4}},"2":{"start":{"line":5,"column":4},"end":{"line":5,"column":46}},"3":{"start":{"line":8,"column":2},"end":{"line":22,"column":4}},"4":{"start":{"line":9,"column":4},"end":{"line":19,"column":6}},"5":{"start":{"line":10,"column":6},"end":{"line":18,"column":8}},"6":{"start":{"line":21,"column":4},"end":{"line":21,"column":55}},"7":{"start":{"line":24,"column":2},"end":{"line":27,"column":4}},"8":{"start":{"line":25,"column":4},"end":{"line":25,"column":38}},"9":{"start":{"line":26,"column":4},"end":{"line":26,"column":54}},"10":{"start":{"line":29,"column":2},"end":{"line":34,"column":4}},"11":{"start":{"line":30,"column":23},"end":{"line":30,"column":57}},"12":{"start":{"line":32,"column":4},"end":{"line":32,"column":35}},"13":{"start":{"line":33,"column":4},"end":{"line":33,"column":61}},"14":{"start":{"line":36,"column":2},"end":{"line":48,"column":4}},"15":{"start":{"line":37,"column":4},"end":{"line":37,"column":46}},"16":{"start":{"line":39,"column":4},"end":{"line":39,"column":49}},"17":{"start":{"line":41,"column":4},"end":{"line":42,"column":42}},"18":{"start":{"line":44,"column":4},"end":{"line":45,"column":46}},"19":{"start":{"line":47,"column":4},"end":{"line":47,"column":58}},"20":{"start":{"line":50,"column":2},"end":{"line":55,"column":4}},"21":{"start":{"line":51,"column":4},"end":{"line":51,"column":52}},"22":{"start":{"line":53,"column":4},"end":{"line":53,"column":48}},"23":{"start":{"line":54,"column":4},"end":{"line":54,"column":56}}},"fnMap":{"0":{"name":"(anonymous_0)","decl":{"start":{"line":3,"column":24},"end":{"line":3,"column":25}},"loc":{"start":{"line":3,"column":30},"end":{"line":56,"column":1}},"line":3},"1":{"name":"(anonymous_1)","decl":{"start":{"line":4,"column":9},"end":{"line":4,"column":10}},"loc":{"start":{"line":4,"column":15},"end":{"line":6,"column":3}},"line":4},"2":{"name":"(anonymous_2)","decl":{"start":{"line":8,"column":60},"end":{"line":8,"column":61}},"loc":{"start":{"line":8,"column":66},"end":{"line":22,"column":3}},"line":8},"3":{"name":"(anonymous_3)","decl":{"start":{"line":9,"column":21},"end":{"line":9,"column":22}},"loc":{"start":{"line":9,"column":28},"end":{"line":19,"column":5}},"line":9},"4":{"name":"(anonymous_4)","decl":{"start":{"line":24,"column":30},"end":{"line":24,"column":31}},"loc":{"start":{"line":24,"column":36},"end":{"line":27,"column":3}},"line":24},"5":{"name":"(anonymous_5)","decl":{"start":{"line":29,"column":52},"end":{"line":29,"column":53}},"loc":{"start":{"line":29,"column":58},"end":{"line":34,"column":3}},"line":29},"6":{"name":"(anonymous_6)","decl":{"start":{"line":36,"column":54},"end":{"line":36,"column":55}},"loc":{"start":{"line":36,"column":60},"end":{"line":48,"column":3}},"line":36},"7":{"name":"(anonymous_7)","decl":{"start":{"line":50,"column":74},"end":{"line":50,"column":75}},"loc":{"start":{"line":50,"column":80},"end":{"line":55,"column":3}},"line":50}},"branchMap":{},"s":{"0":2,"1":2,"2":2,"3":2,"4":2,"5":2,"6":2,"7":2,"8":2,"9":2,"10":2,"11":2,"12":2,"13":2,"14":2,"15":2,"16":2,"17":2,"18":2,"19":2,"20":2,"21":2,"22":2,"23":2},"f":{"0":2,"1":2,"2":2,"3":2,"4":2,"5":2,"6":2,"7":2},"b":{},"_coverageSchema":"1a1c01bbd47fc00a2c39e90264f33305004495a9","hash":"659919fbe38f98ff1818fdf9d3da24f463c87130"}
,"/home/iamnwani/Desktop/OSS/ambianic-ui/cypress/integration/ambianic-tests/feedback.spec.js": {"path":"/home/iamnwani/Desktop/OSS/ambianic-ui/cypress/integration/ambianic-tests/feedback.spec.js","statementMap":{"0":{"start":{"line":2,"column":0},"end":{"line":24,"column":2}},"1":{"start":{"line":3,"column":2},"end":{"line":5,"column":4}},"2":{"start":{"line":4,"column":4},"end":{"line":4,"column":25}},"3":{"start":{"line":8,"column":2},"end":{"line":15,"column":4}},"4":{"start":{"line":10,"column":4},"end":{"line":11,"column":54}},"5":{"start":{"line":13,"column":4},"end":{"line":14,"column":89}},"6":{"start":{"line":17,"column":2},"end":{"line":22,"column":4}},"7":{"start":{"line":18,"column":14},"end":{"line":18,"column":37}},"8":{"start":{"line":19,"column":4},"end":{"line":19,"column":85}},"9":{"start":{"line":20,"column":4},"end":{"line":21,"column":59}}},"fnMap":{"0":{"name":"(anonymous_0)","decl":{"start":{"line":2,"column":24},"end":{"line":2,"column":25}},"loc":{"start":{"line":2,"column":30},"end":{"line":24,"column":1}},"line":2},"1":{"name":"(anonymous_1)","decl":{"start":{"line":3,"column":13},"end":{"line":3,"column":14}},"loc":{"start":{"line":3,"column":19},"end":{"line":5,"column":3}},"line":3},"2":{"name":"(anonymous_2)","decl":{"start":{"line":8,"column":40},"end":{"line":8,"column":41}},"loc":{"start":{"line":8,"column":46},"end":{"line":15,"column":3}},"line":8},"3":{"name":"(anonymous_3)","decl":{"start":{"line":17,"column":30},"end":{"line":17,"column":31}},"loc":{"start":{"line":17,"column":36},"end":{"line":22,"column":3}},"line":17}},"branchMap":{},"s":{"0":1,"1":1,"2":2,"3":1,"4":1,"5":1,"6":1,"7":1,"8":1,"9":1},"f":{"0":1,"1":2,"2":1,"3":1},"b":{},"_coverageSchema":"1a1c01bbd47fc00a2c39e90264f33305004495a9","hash":"05a268b8f6b394644c56a98263910eac7d26e7fa"}
,"/home/iamnwani/Desktop/OSS/ambianic-ui/cypress/integration/ambianic-tests/help.spec.js": {"path":"/home/iamnwani/Desktop/OSS/ambianic-ui/cypress/integration/ambianic-tests/help.spec.js","statementMap":{"0":{"start":{"line":2,"column":0},"end":{"line":31,"column":2}},"1":{"start":{"line":3,"column":2},"end":{"line":5,"column":4}},"2":{"start":{"line":4,"column":4},"end":{"line":4,"column":21}},"3":{"start":{"line":9,"column":2},"end":{"line":15,"column":4}},"4":{"start":{"line":10,"column":4},"end":{"line":11,"column":65}},"5":{"start":{"line":13,"column":4},"end":{"line":14,"column":95}},"6":{"start":{"line":17,"column":2},"end":{"line":22,"column":4}},"7":{"start":{"line":18,"column":14},"end":{"line":18,"column":33}},"8":{"start":{"line":19,"column":4},"end":{"line":19,"column":63}},"9":{"start":{"line":20,"column":4},"end":{"line":21,"column":54}},"10":{"start":{"line":24,"column":2},"end":{"line":29,"column":4}},"11":{"start":{"line":25,"column":14},"end":{"line":25,"column":38}},"12":{"start":{"line":26,"column":4},"end":{"line":26,"column":69}},"13":{"start":{"line":27,"column":4},"end":{"line":28,"column":48}}},"fnMap":{"0":{"name":"(anonymous_0)","decl":{"start":{"line":2,"column":20},"end":{"line":2,"column":21}},"loc":{"start":{"line":2,"column":26},"end":{"line":31,"column":1}},"line":2},"1":{"name":"(anonymous_1)","decl":{"start":{"line":3,"column":13},"end":{"line":3,"column":14}},"loc":{"start":{"line":3,"column":19},"end":{"line":5,"column":3}},"line":3},"2":{"name":"(anonymous_2)","decl":{"start":{"line":9,"column":40},"end":{"line":9,"column":41}},"loc":{"start":{"line":9,"column":46},"end":{"line":15,"column":3}},"line":9},"3":{"name":"(anonymous_3)","decl":{"start":{"line":17,"column":26},"end":{"line":17,"column":27}},"loc":{"start":{"line":17,"column":32},"end":{"line":22,"column":3}},"line":17},"4":{"name":"(anonymous_4)","decl":{"start":{"line":24,"column":31},"end":{"line":24,"column":32}},"loc":{"start":{"line":24,"column":37},"end":{"line":29,"column":3}},"line":24}},"branchMap":{},"s":{"0":1,"1":1,"2":3,"3":1,"4":1,"5":1,"6":1,"7":1,"8":1,"9":1,"10":1,"11":1,"12":1,"13":1},"f":{"0":1,"1":3,"2":1,"3":1,"4":1},"b":{},"_coverageSchema":"1a1c01bbd47fc00a2c39e90264f33305004495a9","hash":"a9ff4661db23efd5ae468e41d9cdcadd1a1bdffe"}
,"/home/iamnwani/Desktop/OSS/ambianic-ui/cypress/integration/ambianic-tests/home.spec.js": {"path":"/home/iamnwani/Desktop/OSS/ambianic-ui/cypress/integration/ambianic-tests/home.spec.js","statementMap":{"0":{"start":{"line":4,"column":0},"end":{"line":32,"column":2}},"1":{"start":{"line":5,"column":4},"end":{"line":7,"column":6}},"2":{"start":{"line":6,"column":8},"end":{"line":6,"column":21}},"3":{"start":{"line":9,"column":4},"end":{"line":12,"column":6}},"4":{"start":{"line":10,"column":8},"end":{"line":11,"column":75}},"5":{"start":{"line":14,"column":4},"end":{"line":18,"column":6}},"6":{"start":{"line":15,"column":8},"end":{"line":17,"column":20}},"7":{"start":{"line":20,"column":4},"end":{"line":31,"column":6}},"8":{"start":{"line":21,"column":8},"end":{"line":21,"column":56}},"9":{"start":{"line":22,"column":8},"end":{"line":30,"column":10}},"10":{"start":{"line":23,"column":12},"end":{"line":23,"column":97}},"11":{"start":{"line":24,"column":12},"end":{"line":24,"column":25}},"12":{"start":{"line":27,"column":12},"end":{"line":27,"column":23}},"13":{"start":{"line":29,"column":12},"end":{"line":29,"column":51}}},"fnMap":{"0":{"name":"(anonymous_0)","decl":{"start":{"line":4,"column":20},"end":{"line":4,"column":21}},"loc":{"start":{"line":4,"column":26},"end":{"line":32,"column":1}},"line":4},"1":{"name":"(anonymous_1)","decl":{"start":{"line":5,"column":15},"end":{"line":5,"column":16}},"loc":{"start":{"line":5,"column":21},"end":{"line":7,"column":5}},"line":5},"2":{"name":"(anonymous_2)","decl":{"start":{"line":9,"column":35},"end":{"line":9,"column":36}},"loc":{"start":{"line":9,"column":41},"end":{"line":12,"column":5}},"line":9},"3":{"name":"(anonymous_3)","decl":{"start":{"line":14,"column":46},"end":{"line":14,"column":47}},"loc":{"start":{"line":14,"column":52},"end":{"line":18,"column":5}},"line":14},"4":{"name":"(anonymous_4)","decl":{"start":{"line":20,"column":65},"end":{"line":20,"column":66}},"loc":{"start":{"line":20,"column":71},"end":{"line":31,"column":5}},"line":20},"5":{"name":"(anonymous_5)","decl":{"start":{"line":22,"column":25},"end":{"line":22,"column":26}},"loc":{"start":{"line":22,"column":32},"end":{"line":30,"column":9}},"line":22}},"branchMap":{},"s":{"0":1,"1":1,"2":3,"3":1,"4":1,"5":1,"6":1,"7":1,"8":1,"9":1,"10":1,"11":1,"12":1,"13":1},"f":{"0":1,"1":3,"2":1,"3":1,"4":1,"5":1},"b":{},"_coverageSchema":"1a1c01bbd47fc00a2c39e90264f33305004495a9","hash":"52337679a28587d5aca0273cdf924073e038bd4a"}
,"/home/iamnwani/Desktop/OSS/ambianic-ui/cypress/integration/ambianic-tests/navbar.spec.js": {"path":"/home/iamnwani/Desktop/OSS/ambianic-ui/cypress/integration/ambianic-tests/navbar.spec.js","statementMap":{"0":{"start":{"line":3,"column":29},"end":{"line":6,"column":1}},"1":{"start":{"line":4,"column":2},"end":{"line":4,"column":21}},"2":{"start":{"line":5,"column":2},"end":{"line":5,"column":44}},"3":{"start":{"line":8,"column":0},"end":{"line":72,"column":2}},"4":{"start":{"line":9,"column":2},"end":{"line":12,"column":4}},"5":{"start":{"line":10,"column":4},"end":{"line":10,"column":37}},"6":{"start":{"line":11,"column":4},"end":{"line":11,"column":40}},"7":{"start":{"line":14,"column":2},"end":{"line":16,"column":4}},"8":{"start":{"line":15,"column":4},"end":{"line":15,"column":73}},"9":{"start":{"line":18,"column":2},"end":{"line":21,"column":4}},"10":{"start":{"line":19,"column":14},"end":{"line":19,"column":46}},"11":{"start":{"line":20,"column":4},"end":{"line":20,"column":22}},"12":{"start":{"line":37,"column":2},"end":{"line":55,"column":4}},"13":{"start":{"line":38,"column":4},"end":{"line":38,"column":58}},"14":{"start":{"line":40,"column":4},"end":{"line":40,"column":46}},"15":{"start":{"line":41,"column":4},"end":{"line":41,"column":44}},"16":{"start":{"line":43,"column":4},"end":{"line":43,"column":34}},"17":{"start":{"line":44,"column":4},"end":{"line":44,"column":31}},"18":{"start":{"line":45,"column":4},"end":{"line":45,"column":35}},"19":{"start":{"line":46,"column":4},"end":{"line":46,"column":35}},"20":{"start":{"line":47,"column":4},"end":{"line":47,"column":44}},"21":{"start":{"line":49,"column":4},"end":{"line":49,"column":33}},"22":{"start":{"line":50,"column":4},"end":{"line":50,"column":33}},"23":{"start":{"line":51,"column":4},"end":{"line":51,"column":36}},"24":{"start":{"line":52,"column":4},"end":{"line":52,"column":38}},"25":{"start":{"line":53,"column":4},"end":{"line":53,"column":33}},"26":{"start":{"line":54,"column":4},"end":{"line":54,"column":34}},"27":{"start":{"line":57,"column":2},"end":{"line":61,"column":4}},"28":{"start":{"line":58,"column":4},"end":{"line":60,"column":6}},"29":{"start":{"line":59,"column":6},"end":{"line":59,"column":101}},"30":{"start":{"line":63,"column":2},"end":{"line":71,"column":4}},"31":{"start":{"line":64,"column":17},"end":{"line":64,"column":50}},"32":{"start":{"line":66,"column":4},"end":{"line":66,"column":29}},"33":{"start":{"line":68,"column":4},"end":{"line":68,"column":16}},"34":{"start":{"line":70,"column":4},"end":{"line":70,"column":43}}},"fnMap":{"0":{"name":"(anonymous_0)","decl":{"start":{"line":3,"column":29},"end":{"line":3,"column":30}},"loc":{"start":{"line":3,"column":45},"end":{"line":6,"column":1}},"line":3},"1":{"name":"(anonymous_1)","decl":{"start":{"line":8,"column":30},"end":{"line":8,"column":31}},"loc":{"start":{"line":8,"column":36},"end":{"line":72,"column":1}},"line":8},"2":{"name":"(anonymous_2)","decl":{"start":{"line":9,"column":9},"end":{"line":9,"column":10}},"loc":{"start":{"line":9,"column":15},"end":{"line":12,"column":3}},"line":9},"3":{"name":"(anonymous_3)","decl":{"start":{"line":14,"column":42},"end":{"line":14,"column":43}},"loc":{"start":{"line":14,"column":48},"end":{"line":16,"column":3}},"line":14},"4":{"name":"(anonymous_4)","decl":{"start":{"line":18,"column":40},"end":{"line":18,"column":41}},"loc":{"start":{"line":18,"column":46},"end":{"line":21,"column":3}},"line":18},"5":{"name":"(anonymous_5)","decl":{"start":{"line":37,"column":59},"end":{"line":37,"column":60}},"loc":{"start":{"line":37,"column":65},"end":{"line":55,"column":3}},"line":37},"6":{"name":"(anonymous_6)","decl":{"start":{"line":57,"column":31},"end":{"line":57,"column":32}},"loc":{"start":{"line":57,"column":37},"end":{"line":61,"column":3}},"line":57},"7":{"name":"(anonymous_7)","decl":{"start":{"line":58,"column":36},"end":{"line":58,"column":37}},"loc":{"start":{"line":58,"column":49},"end":{"line":60,"column":5}},"line":58},"8":{"name":"(anonymous_8)","decl":{"start":{"line":63,"column":46},"end":{"line":63,"column":47}},"loc":{"start":{"line":63,"column":52},"end":{"line":71,"column":3}},"line":63}},"branchMap":{},"s":{"0":1,"1":10,"2":10,"3":1,"4":1,"5":1,"6":1,"7":1,"8":1,"9":1,"10":1,"11":1,"12":1,"13":1,"14":1,"15":1,"16":1,"17":1,"18":1,"19":1,"20":1,"21":1,"22":1,"23":1,"24":1,"25":1,"26":1,"27":1,"28":1,"29":1,"30":1,"31":1,"32":1,"33":1,"34":1},"f":{"0":10,"1":1,"2":1,"3":1,"4":1,"5":1,"6":1,"7":1,"8":1},"b":{},"_coverageSchema":"1a1c01bbd47fc00a2c39e90264f33305004495a9","hash":"58e0bd0dc91a671753ddfe540854b0c8afd9f7f6"}
,"/home/iamnwani/Desktop/OSS/ambianic-ui/cypress/integration/ambianic-tests/onboarding.spec.js": {"path":"/home/iamnwani/Desktop/OSS/ambianic-ui/cypress/integration/ambianic-tests/onboarding.spec.js","statementMap":{"0":{"start":{"line":3,"column":0},"end":{"line":42,"column":3}},"1":{"start":{"line":4,"column":2},"end":{"line":7,"column":5}},"2":{"start":{"line":5,"column":4},"end":{"line":5,"column":38}},"3":{"start":{"line":6,"column":4},"end":{"line":6,"column":41}},"4":{"start":{"line":9,"column":2},"end":{"line":11,"column":5}},"5":{"start":{"line":10,"column":4},"end":{"line":10,"column":41}},"6":{"start":{"line":13,"column":2},"end":{"line":15,"column":5}},"7":{"start":{"line":14,"column":4},"end":{"line":14,"column":47}},"8":{"start":{"line":17,"column":2},"end":{"line":19,"column":5}},"9":{"start":{"line":18,"column":4},"end":{"line":18,"column":57}},"10":{"start":{"line":21,"column":2},"end":{"line":25,"column":5}},"11":{"start":{"line":22,"column":4},"end":{"line":22,"column":44}},"12":{"start":{"line":24,"column":4},"end":{"line":24,"column":54}},"13":{"start":{"line":27,"column":2},"end":{"line":34,"column":5}},"14":{"start":{"line":28,"column":4},"end":{"line":28,"column":48}},"15":{"start":{"line":29,"column":4},"end":{"line":29,"column":46}},"16":{"start":{"line":30,"column":4},"end":{"line":30,"column":47}},"17":{"start":{"line":32,"column":4},"end":{"line":32,"column":45}},"18":{"start":{"line":33,"column":4},"end":{"line":33,"column":48}},"19":{"start":{"line":36,"column":2},"end":{"line":41,"column":5}},"20":{"start":{"line":37,"column":4},"end":{"line":39,"column":6}},"21":{"start":{"line":40,"column":4},"end":{"line":40,"column":59}}},"fnMap":{"0":{"name":"(anonymous_0)","decl":{"start":{"line":3,"column":22},"end":{"line":3,"column":23}},"loc":{"start":{"line":3,"column":28},"end":{"line":42,"column":1}},"line":3},"1":{"name":"(anonymous_1)","decl":{"start":{"line":4,"column":9},"end":{"line":4,"column":10}},"loc":{"start":{"line":4,"column":15},"end":{"line":7,"column":3}},"line":4},"2":{"name":"(anonymous_2)","decl":{"start":{"line":9,"column":53},"end":{"line":9,"column":54}},"loc":{"start":{"line":9,"column":59},"end":{"line":11,"column":3}},"line":9},"3":{"name":"(anonymous_3)","decl":{"start":{"line":13,"column":45},"end":{"line":13,"column":46}},"loc":{"start":{"line":13,"column":51},"end":{"line":15,"column":3}},"line":13},"4":{"name":"(anonymous_4)","decl":{"start":{"line":17,"column":45},"end":{"line":17,"column":46}},"loc":{"start":{"line":17,"column":51},"end":{"line":19,"column":3}},"line":17},"5":{"name":"(anonymous_5)","decl":{"start":{"line":21,"column":61},"end":{"line":21,"column":62}},"loc":{"start":{"line":21,"column":67},"end":{"line":25,"column":3}},"line":21},"6":{"name":"(anonymous_6)","decl":{"start":{"line":27,"column":61},"end":{"line":27,"column":62}},"loc":{"start":{"line":27,"column":67},"end":{"line":34,"column":3}},"line":27},"7":{"name":"(anonymous_7)","decl":{"start":{"line":36,"column":82},"end":{"line":36,"column":83}},"loc":{"start":{"line":36,"column":88},"end":{"line":41,"column":3}},"line":36}},"branchMap":{},"s":{"0":1,"1":1,"2":1,"3":1,"4":1,"5":1,"6":1,"7":1,"8":1,"9":1,"10":1,"11":1,"12":1,"13":1,"14":1,"15":1,"16":1,"17":1,"18":1,"19":1,"20":1,"21":1},"f":{"0":1,"1":1,"2":1,"3":1,"4":1,"5":1,"6":1,"7":1},"b":{},"_coverageSchema":"1a1c01bbd47fc00a2c39e90264f33305004495a9","hash":"304f57ce55ca46b5462a83e5148e14748cc44e9d"}
,"/home/iamnwani/Desktop/OSS/ambianic-ui/cypress/integration/ambianic-tests/remote-connection.spec.js": {"path":"/home/iamnwani/Desktop/OSS/ambianic-ui/cypress/integration/ambianic-tests/remote-connection.spec.js","statementMap":{"0":{"start":{"line":7,"column":29},"end":{"line":11,"column":1}},"1":{"start":{"line":8,"column":4},"end":{"line":8,"column":23}},"2":{"start":{"line":9,"column":4},"end":{"line":9,"column":53}},"3":{"start":{"line":10,"column":4},"end":{"line":10,"column":52}},"4":{"start":{"line":13,"column":0},"end":{"line":61,"column":2}},"5":{"start":{"line":14,"column":4},"end":{"line":16,"column":6}},"6":{"start":{"line":15,"column":6},"end":{"line":15,"column":48}},"7":{"start":{"line":44,"column":4},"end":{"line":60,"column":6}},"8":{"start":{"line":45,"column":8},"end":{"line":45,"column":76}},"9":{"start":{"line":46,"column":8},"end":{"line":46,"column":47}},"10":{"start":{"line":49,"column":8},"end":{"line":49,"column":37}},"11":{"start":{"line":50,"column":8},"end":{"line":50,"column":37}},"12":{"start":{"line":51,"column":8},"end":{"line":51,"column":40}},"13":{"start":{"line":52,"column":8},"end":{"line":52,"column":42}},"14":{"start":{"line":53,"column":8},"end":{"line":53,"column":37}},"15":{"start":{"line":54,"column":8},"end":{"line":54,"column":38}},"16":{"start":{"line":56,"column":8},"end":{"line":56,"column":38}},"17":{"start":{"line":57,"column":8},"end":{"line":57,"column":35}},"18":{"start":{"line":58,"column":8},"end":{"line":58,"column":39}},"19":{"start":{"line":59,"column":8},"end":{"line":59,"column":39}}},"fnMap":{"0":{"name":"(anonymous_0)","decl":{"start":{"line":7,"column":29},"end":{"line":7,"column":30}},"loc":{"start":{"line":7,"column":45},"end":{"line":11,"column":1}},"line":7},"1":{"name":"(anonymous_1)","decl":{"start":{"line":13,"column":32},"end":{"line":13,"column":33}},"loc":{"start":{"line":13,"column":38},"end":{"line":61,"column":1}},"line":13},"2":{"name":"(anonymous_2)","decl":{"start":{"line":14,"column":15},"end":{"line":14,"column":16}},"loc":{"start":{"line":14,"column":21},"end":{"line":16,"column":5}},"line":14},"3":{"name":"(anonymous_3)","decl":{"start":{"line":44,"column":49},"end":{"line":44,"column":50}},"loc":{"start":{"line":44,"column":55},"end":{"line":60,"column":5}},"line":44}},"branchMap":{},"s":{"0":1,"1":10,"2":10,"3":10,"4":1,"5":1,"6":1,"7":1,"8":1,"9":1,"10":1,"11":1,"12":1,"13":1,"14":1,"15":1,"16":1,"17":1,"18":1,"19":1},"f":{"0":10,"1":1,"2":1,"3":1},"b":{},"_coverageSchema":"1a1c01bbd47fc00a2c39e90264f33305004495a9","hash":"b418677f5d2d4de677328c22564c9d2aa2038131"}
,"/home/iamnwani/Desktop/OSS/ambianic-ui/cypress/integration/ambianic-tests/settings.spec.js": {"path":"/home/iamnwani/Desktop/OSS/ambianic-ui/cypress/integration/ambianic-tests/settings.spec.js","statementMap":{"0":{"start":{"line":3,"column":0},"end":{"line":33,"column":2}},"1":{"start":{"line":4,"column":4},"end":{"line":7,"column":6}},"2":{"start":{"line":5,"column":6},"end":{"line":5,"column":48}},"3":{"start":{"line":9,"column":4},"end":{"line":11,"column":6}},"4":{"start":{"line":10,"column":8},"end":{"line":10,"column":82}},"5":{"start":{"line":13,"column":4},"end":{"line":15,"column":6}},"6":{"start":{"line":14,"column":6},"end":{"line":14,"column":89}},"7":{"start":{"line":17,"column":4},"end":{"line":19,"column":6}},"8":{"start":{"line":18,"column":6},"end":{"line":18,"column":91}},"9":{"start":{"line":21,"column":4},"end":{"line":23,"column":6}},"10":{"start":{"line":22,"column":6},"end":{"line":22,"column":64}},"11":{"start":{"line":25,"column":4},"end":{"line":28,"column":6}},"12":{"start":{"line":26,"column":6},"end":{"line":26,"column":83}},"13":{"start":{"line":27,"column":6},"end":{"line":27,"column":63}},"14":{"start":{"line":30,"column":4},"end":{"line":32,"column":6}},"15":{"start":{"line":31,"column":6},"end":{"line":31,"column":54}}},"fnMap":{"0":{"name":"(anonymous_0)","decl":{"start":{"line":3,"column":20},"end":{"line":3,"column":21}},"loc":{"start":{"line":3,"column":26},"end":{"line":33,"column":1}},"line":3},"1":{"name":"(anonymous_1)","decl":{"start":{"line":4,"column":11},"end":{"line":4,"column":12}},"loc":{"start":{"line":4,"column":17},"end":{"line":7,"column":5}},"line":4},"2":{"name":"(anonymous_2)","decl":{"start":{"line":9,"column":35},"end":{"line":9,"column":36}},"loc":{"start":{"line":9,"column":41},"end":{"line":11,"column":5}},"line":9},"3":{"name":"(anonymous_3)","decl":{"start":{"line":13,"column":55},"end":{"line":13,"column":56}},"loc":{"start":{"line":13,"column":61},"end":{"line":15,"column":5}},"line":13},"4":{"name":"(anonymous_4)","decl":{"start":{"line":17,"column":56},"end":{"line":17,"column":57}},"loc":{"start":{"line":17,"column":62},"end":{"line":19,"column":5}},"line":17},"5":{"name":"(anonymous_5)","decl":{"start":{"line":21,"column":56},"end":{"line":21,"column":57}},"loc":{"start":{"line":21,"column":62},"end":{"line":23,"column":5}},"line":21},"6":{"name":"(anonymous_6)","decl":{"start":{"line":25,"column":55},"end":{"line":25,"column":56}},"loc":{"start":{"line":25,"column":61},"end":{"line":28,"column":5}},"line":25},"7":{"name":"(anonymous_7)","decl":{"start":{"line":30,"column":28},"end":{"line":30,"column":29}},"loc":{"start":{"line":30,"column":34},"end":{"line":32,"column":5}},"line":30}},"branchMap":{},"s":{"0":1,"1":1,"2":1,"3":1,"4":1,"5":1,"6":1,"7":1,"8":1,"9":1,"10":1,"11":1,"12":1,"13":1,"14":1,"15":1},"f":{"0":1,"1":1,"2":1,"3":1,"4":1,"5":1,"6":1,"7":1},"b":{},"_coverageSchema":"1a1c01bbd47fc00a2c39e90264f33305004495a9","hash":"a4552c7a9030386d96536183b216358a658e94b6"}
,"/home/iamnwani/Desktop/OSS/ambianic-ui/cypress/integration/ambianic-tests/subscription.spec.js": {"path":"/home/iamnwani/Desktop/OSS/ambianic-ui/cypress/integration/ambianic-tests/subscription.spec.js","statementMap":{"0":{"start":{"line":3,"column":0},"end":{"line":79,"column":2}},"1":{"start":{"line":4,"column":2},"end":{"line":14,"column":4}},"2":{"start":{"line":5,"column":4},"end":{"line":5,"column":46}},"3":{"start":{"line":7,"column":16},"end":{"line":7,"column":33}},"4":{"start":{"line":9,"column":4},"end":{"line":11,"column":6}},"5":{"start":{"line":13,"column":4},"end":{"line":13,"column":68}},"6":{"start":{"line":16,"column":2},"end":{"line":26,"column":4}},"7":{"start":{"line":17,"column":4},"end":{"line":17,"column":56}},"8":{"start":{"line":19,"column":19},"end":{"line":19,"column":45}},"9":{"start":{"line":20,"column":18},"end":{"line":20,"column":43}},"10":{"start":{"line":22,"column":4},"end":{"line":22,"column":31}},"11":{"start":{"line":25,"column":4},"end":{"line":25,"column":30}},"12":{"start":{"line":28,"column":2},"end":{"line":60,"column":4}},"13":{"start":{"line":29,"column":4},"end":{"line":29,"column":41}},"14":{"start":{"line":31,"column":4},"end":{"line":59,"column":6}},"15":{"start":{"line":32,"column":6},"end":{"line":40,"column":8}},"16":{"start":{"line":42,"column":19},"end":{"line":42,"column":53}},"17":{"start":{"line":43,"column":21},"end":{"line":43,"column":51}},"18":{"start":{"line":44,"column":20},"end":{"line":44,"column":52}},"19":{"start":{"line":48,"column":6},"end":{"line":48,"column":31}},"20":{"start":{"line":49,"column":6},"end":{"line":49,"column":27}},"21":{"start":{"line":50,"column":6},"end":{"line":50,"column":42}},"22":{"start":{"line":52,"column":6},"end":{"line":52,"column":33}},"23":{"start":{"line":53,"column":6},"end":{"line":53,"column":40}},"24":{"start":{"line":54,"column":6},"end":{"line":54,"column":62}},"25":{"start":{"line":56,"column":6},"end":{"line":56,"column":32}},"26":{"start":{"line":57,"column":6},"end":{"line":57,"column":37}},"27":{"start":{"line":58,"column":6},"end":{"line":58,"column":78}},"28":{"start":{"line":62,"column":2},"end":{"line":68,"column":4}},"29":{"start":{"line":63,"column":4},"end":{"line":63,"column":57}},"30":{"start":{"line":65,"column":4},"end":{"line":65,"column":59}},"31":{"start":{"line":67,"column":4},"end":{"line":67,"column":56}},"32":{"start":{"line":70,"column":2},"end":{"line":72,"column":4}},"33":{"start":{"line":71,"column":4},"end":{"line":71,"column":52}},"34":{"start":{"line":74,"column":2},"end":{"line":78,"column":4}},"35":{"start":{"line":75,"column":4},"end":{"line":75,"column":45}},"36":{"start":{"line":77,"column":4},"end":{"line":77,"column":60}}},"fnMap":{"0":{"name":"(anonymous_0)","decl":{"start":{"line":3,"column":29},"end":{"line":3,"column":30}},"loc":{"start":{"line":3,"column":35},"end":{"line":79,"column":1}},"line":3},"1":{"name":"(anonymous_1)","decl":{"start":{"line":4,"column":9},"end":{"line":4,"column":10}},"loc":{"start":{"line":4,"column":21},"end":{"line":14,"column":3}},"line":4},"2":{"name":"(anonymous_2)","decl":{"start":{"line":16,"column":41},"end":{"line":16,"column":42}},"loc":{"start":{"line":16,"column":47},"end":{"line":26,"column":3}},"line":16},"3":{"name":"(anonymous_3)","decl":{"start":{"line":28,"column":91},"end":{"line":28,"column":92}},"loc":{"start":{"line":28,"column":97},"end":{"line":60,"column":3}},"line":28},"4":{"name":"(anonymous_4)","decl":{"start":{"line":31,"column":21},"end":{"line":31,"column":22}},"loc":{"start":{"line":31,"column":28},"end":{"line":59,"column":5}},"line":31},"5":{"name":"(anonymous_5)","decl":{"start":{"line":62,"column":53},"end":{"line":62,"column":54}},"loc":{"start":{"line":62,"column":59},"end":{"line":68,"column":3}},"line":62},"6":{"name":"(anonymous_6)","decl":{"start":{"line":70,"column":34},"end":{"line":70,"column":35}},"loc":{"start":{"line":70,"column":40},"end":{"line":72,"column":3}},"line":70},"7":{"name":"(anonymous_7)","decl":{"start":{"line":74,"column":55},"end":{"line":74,"column":56}},"loc":{"start":{"line":74,"column":61},"end":{"line":78,"column":3}},"line":74}},"branchMap":{},"s":{"0":1,"1":1,"2":1,"3":1,"4":1,"5":1,"6":1,"7":1,"8":1,"9":1,"10":1,"11":1,"12":1,"13":1,"14":1,"15":1,"16":1,"17":1,"18":1,"19":1,"20":1,"21":1,"22":1,"23":1,"24":1,"25":1,"26":1,"27":1,"28":1,"29":1,"30":1,"31":1,"32":1,"33":1,"34":1,"35":1,"36":1},"f":{"0":1,"1":1,"2":1,"3":1,"4":1,"5":1,"6":1,"7":1},"b":{},"_coverageSchema":"1a1c01bbd47fc00a2c39e90264f33305004495a9","hash":"07e989c2c05b88750d7a1f0fe659ce7519aacdf1"}
,"/home/iamnwani/Desktop/OSS/ambianic-ui/cypress/integration/ambianic-tests/timeline.spec.js": {"path":"/home/iamnwani/Desktop/OSS/ambianic-ui/cypress/integration/ambianic-tests/timeline.spec.js","statementMap":{"0":{"start":{"line":3,"column":0},"end":{"line":29,"column":2}},"1":{"start":{"line":4,"column":4},"end":{"line":8,"column":6}},"2":{"start":{"line":5,"column":6},"end":{"line":5,"column":39}},"3":{"start":{"line":7,"column":6},"end":{"line":7,"column":28}},"4":{"start":{"line":10,"column":4},"end":{"line":12,"column":6}},"5":{"start":{"line":11,"column":8},"end":{"line":11,"column":47}}},"fnMap":{"0":{"name":"(anonymous_0)","decl":{"start":{"line":3,"column":20},"end":{"line":3,"column":21}},"loc":{"start":{"line":3,"column":26},"end":{"line":29,"column":1}},"line":3},"1":{"name":"(anonymous_1)","decl":{"start":{"line":4,"column":11},"end":{"line":4,"column":12}},"loc":{"start":{"line":4,"column":17},"end":{"line":8,"column":5}},"line":4},"2":{"name":"(anonymous_2)","decl":{"start":{"line":10,"column":36},"end":{"line":10,"column":37}},"loc":{"start":{"line":10,"column":42},"end":{"line":12,"column":5}},"line":10}},"branchMap":{},"s":{"0":1,"1":1,"2":1,"3":1,"4":1,"5":1},"f":{"0":1,"1":1,"2":1},"b":{},"_coverageSchema":"1a1c01bbd47fc00a2c39e90264f33305004495a9","hash":"8818be5ee06003927460283d4b0863662cdcc939"}
,"/home/iamnwani/Desktop/OSS/ambianic-ui/src/config.js": {"path":"/home/iamnwani/Desktop/OSS/ambianic-ui/src/config.js","statementMap":{"0":{"start":{"line":2,"column":28},"end":{"line":11,"column":1}}},"fnMap":{},"branchMap":{},"s":{"0":60},"f":{},"b":{},"_coverageSchema":"1a1c01bbd47fc00a2c39e90264f33305004495a9","hash":"f736398e24908b95fe3a6539021e5c085d684bf1"}
,"/home/iamnwani/Desktop/OSS/ambianic-ui/src/main.js": {"path":"/home/iamnwani/Desktop/OSS/ambianic-ui/src/main.js","statementMap":{"0":{"start":{"line":13,"column":0},"end":{"line":13,"column":37}},"1":{"start":{"line":15,"column":0},"end":{"line":15,"column":26}},"2":{"start":{"line":16,"column":0},"end":{"line":16,"column":32}},"3":{"start":{"line":17,"column":0},"end":{"line":17,"column":16}},"4":{"start":{"line":19,"column":15},"end":{"line":23,"column":2}},"5":{"start":{"line":25,"column":0},"end":{"line":25,"column":18}},"6":{"start":{"line":26,"column":0},"end":{"line":26,"column":26}},"7":{"start":{"line":28,"column":21},"end":{"line":28,"column":53}},"8":{"start":{"line":29,"column":17},"end":{"line":29,"column":51}},"9":{"start":{"line":32,"column":0},"end":{"line":42,"column":2}},"10":{"start":{"line":36,"column":4},"end":{"line":40,"column":5}},"11":{"start":{"line":44,"column":0},"end":{"line":49,"column":17}},"12":{"start":{"line":48,"column":15},"end":{"line":48,"column":21}},"13":{"start":{"line":51,"column":0},"end":{"line":53,"column":1}},"14":{"start":{"line":52,"column":2},"end":{"line":52,"column":26}}},"fnMap":{"0":{"name":"(anonymous_0)","decl":{"start":{"line":35,"column":22},"end":{"line":35,"column":23}},"loc":{"start":{"line":35,"column":34},"end":{"line":41,"column":3}},"line":35},"1":{"name":"(anonymous_1)","decl":{"start":{"line":48,"column":10},"end":{"line":48,"column":11}},"loc":{"start":{"line":48,"column":15},"end":{"line":48,"column":21}},"line":48}},"branchMap":{"0":{"loc":{"start":{"line":37,"column":6},"end":{"line":39,"column":34}},"type":"cond-expr","locations":[{"start":{"line":38,"column":10},"end":{"line":38,"column":28}},{"start":{"line":39,"column":10},"end":{"line":39,"column":34}}],"line":37},"1":{"loc":{"start":{"line":37,"column":6},"end":{"line":37,"column":36}},"type":"binary-expr","locations":[{"start":{"line":37,"column":6},"end":{"line":37,"column":14}},{"start":{"line":37,"column":18},"end":{"line":37,"column":36}}],"line":37},"2":{"loc":{"start":{"line":51,"column":0},"end":{"line":53,"column":1}},"type":"if","locations":[{"start":{"line":51,"column":0},"end":{"line":53,"column":1}},{"start":{"line":51,"column":0},"end":{"line":53,"column":1}}],"line":51}},"s":{"0":60,"1":60,"2":60,"3":60,"4":60,"5":60,"6":60,"7":60,"8":60,"9":60,"10":0,"11":60,"12":60,"13":60,"14":60},"f":{"0":0,"1":60},"b":{"0":[0,0],"1":[0,0],"2":[60,0]},"_coverageSchema":"1a1c01bbd47fc00a2c39e90264f33305004495a9","hash":"979718fe8063d534d44525c7b3dc24274b94fb01"}
,"/home/iamnwani/Desktop/OSS/ambianic-ui/src/registerServiceWorker.js": {"path":"/home/iamnwani/Desktop/OSS/ambianic-ui/src/registerServiceWorker.js","statementMap":{"0":{"start":{"line":8,"column":0},"end":{"line":36,"column":1}},"1":{"start":{"line":9,"column":2},"end":{"line":35,"column":4}},"2":{"start":{"line":11,"column":6},"end":{"line":14,"column":7}},"3":{"start":{"line":17,"column":6},"end":{"line":17,"column":56}},"4":{"start":{"line":20,"column":6},"end":{"line":20,"column":61}},"5":{"start":{"line":23,"column":6},"end":{"line":23,"column":48}},"6":{"start":{"line":26,"column":6},"end":{"line":26,"column":49}},"7":{"start":{"line":27,"column":6},"end":{"line":27,"column":62}},"8":{"start":{"line":30,"column":6},"end":{"line":30,"column":82}},"9":{"start":{"line":33,"column":6},"end":{"line":33,"column":71}}},"fnMap":{"0":{"name":"(anonymous_0)","decl":{"start":{"line":10,"column":4},"end":{"line":10,"column":5}},"loc":{"start":{"line":10,"column":13},"end":{"line":15,"column":5}},"line":10},"1":{"name":"(anonymous_1)","decl":{"start":{"line":16,"column":4},"end":{"line":16,"column":5}},"loc":{"start":{"line":16,"column":18},"end":{"line":18,"column":5}},"line":16},"2":{"name":"(anonymous_2)","decl":{"start":{"line":19,"column":4},"end":{"line":19,"column":5}},"loc":{"start":{"line":19,"column":14},"end":{"line":21,"column":5}},"line":19},"3":{"name":"(anonymous_3)","decl":{"start":{"line":22,"column":4},"end":{"line":22,"column":5}},"loc":{"start":{"line":22,"column":19},"end":{"line":24,"column":5}},"line":22},"4":{"name":"(anonymous_4)","decl":{"start":{"line":25,"column":4},"end":{"line":25,"column":5}},"loc":{"start":{"line":25,"column":18},"end":{"line":28,"column":5}},"line":25},"5":{"name":"(anonymous_5)","decl":{"start":{"line":29,"column":4},"end":{"line":29,"column":5}},"loc":{"start":{"line":29,"column":15},"end":{"line":31,"column":5}},"line":29},"6":{"name":"(anonymous_6)","decl":{"start":{"line":32,"column":4},"end":{"line":32,"column":5}},"loc":{"start":{"line":32,"column":18},"end":{"line":34,"column":5}},"line":32}},"branchMap":{"0":{"loc":{"start":{"line":8,"column":0},"end":{"line":36,"column":1}},"type":"if","locations":[{"start":{"line":8,"column":0},"end":{"line":36,"column":1}},{"start":{"line":8,"column":0},"end":{"line":36,"column":1}}],"line":8}},"s":{"0":60,"1":0,"2":0,"3":0,"4":0,"5":0,"6":0,"7":0,"8":0,"9":0},"f":{"0":0,"1":0,"2":0,"3":0,"4":0,"5":0,"6":0},"b":{"0":[0,60]},"_coverageSchema":"1a1c01bbd47fc00a2c39e90264f33305004495a9","hash":"3bf9af09746ced4f80affe44ddc0a5a2f737c93d"}
,"/home/iamnwani/Desktop/OSS/ambianic-ui/src/auth/index.js": {"path":"/home/iamnwani/Desktop/OSS/ambianic-ui/src/auth/index.js","statementMap":{"0":{"start":{"line":10,"column":30},"end":{"line":14,"column":2}},"1":{"start":{"line":10,"column":42},"end":{"line":14,"column":2}},"2":{"start":{"line":16,"column":34},"end":{"line":17,"column":75}},"3":{"start":{"line":17,"column":2},"end":{"line":17,"column":75}},"4":{"start":{"line":21,"column":24},"end":{"line":122,"column":1}},"5":{"start":{"line":27,"column":2},"end":{"line":27,"column":31}},"6":{"start":{"line":27,"column":16},"end":{"line":27,"column":31}},"7":{"start":{"line":29,"column":2},"end":{"line":119,"column":4}},"8":{"start":{"line":31,"column":17},"end":{"line":33,"column":5}},"9":{"start":{"line":37,"column":8},"end":{"line":37,"column":27}},"10":{"start":{"line":38,"column":8},"end":{"line":60,"column":9}},"11":{"start":{"line":39,"column":10},"end":{"line":39,"column":57}},"12":{"start":{"line":41,"column":23},"end":{"line":41,"column":55}},"13":{"start":{"line":43,"column":10},"end":{"line":47,"column":12}},"14":{"start":{"line":49,"column":10},"end":{"line":49,"column":71}},"15":{"start":{"line":51,"column":10},"end":{"line":51,"column":24}},"16":{"start":{"line":53,"column":10},"end":{"line":57,"column":12}},"17":{"start":{"line":59,"column":10},"end":{"line":59,"column":30}},"18":{"start":{"line":63,"column":8},"end":{"line":63,"column":52}},"19":{"start":{"line":66,"column":8},"end":{"line":70,"column":10}},"20":{"start":{"line":72,"column":8},"end":{"line":72,"column":41}},"21":{"start":{"line":75,"column":8},"end":{"line":102,"column":9}},"22":{"start":{"line":76,"column":10},"end":{"line":83,"column":11}},"23":{"start":{"line":80,"column":33},"end":{"line":80,"column":80}},"24":{"start":{"line":81,"column":12},"end":{"line":81,"column":29}},"25":{"start":{"line":82,"column":12},"end":{"line":82,"column":40}},"26":{"start":{"line":85,"column":10},"end":{"line":85,"column":24}},"27":{"start":{"line":87,"column":10},"end":{"line":101,"column":11}},"28":{"start":{"line":88,"column":12},"end":{"line":88,"column":75}},"29":{"start":{"line":90,"column":25},"end":{"line":90,"column":57}},"30":{"start":{"line":92,"column":12},"end":{"line":96,"column":14}},"31":{"start":{"line":98,"column":12},"end":{"line":98,"column":81}},"32":{"start":{"line":100,"column":12},"end":{"line":100,"column":63}},"33":{"start":{"line":106,"column":6},"end":{"line":117,"column":7}},"34":{"start":{"line":107,"column":8},"end":{"line":112,"column":10}},"35":{"start":{"line":114,"column":8},"end":{"line":114,"column":51}},"36":{"start":{"line":116,"column":8},"end":{"line":116,"column":37}},"37":{"start":{"line":121,"column":2},"end":{"line":121,"column":17}},"38":{"start":{"line":124,"column":27},"end":{"line":128,"column":1}},"39":{"start":{"line":126,"column":4},"end":{"line":126,"column":43}}},"fnMap":{"0":{"name":"(anonymous_0)","decl":{"start":{"line":10,"column":30},"end":{"line":10,"column":31}},"loc":{"start":{"line":10,"column":42},"end":{"line":14,"column":2}},"line":10},"1":{"name":"(anonymous_1)","decl":{"start":{"line":16,"column":34},"end":{"line":16,"column":35}},"loc":{"start":{"line":17,"column":2},"end":{"line":17,"column":75}},"line":17},"2":{"name":"(anonymous_2)","decl":{"start":{"line":21,"column":24},"end":{"line":21,"column":25}},"loc":{"start":{"line":26,"column":6},"end":{"line":122,"column":1}},"line":26},"3":{"name":"(anonymous_3)","decl":{"start":{"line":31,"column":10},"end":{"line":31,"column":11}},"loc":{"start":{"line":31,"column":17},"end":{"line":33,"column":5}},"line":31},"4":{"name":"(anonymous_4)","decl":{"start":{"line":36,"column":6},"end":{"line":36,"column":7}},"loc":{"start":{"line":36,"column":38},"end":{"line":61,"column":7}},"line":36},"5":{"name":"(anonymous_5)","decl":{"start":{"line":62,"column":6},"end":{"line":62,"column":7}},"loc":{"start":{"line":62,"column":28},"end":{"line":64,"column":7}},"line":62},"6":{"name":"(anonymous_6)","decl":{"start":{"line":65,"column":6},"end":{"line":65,"column":7}},"loc":{"start":{"line":65,"column":23},"end":{"line":73,"column":7}},"line":65},"7":{"name":"(anonymous_7)","decl":{"start":{"line":74,"column":6},"end":{"line":74,"column":7}},"loc":{"start":{"line":74,"column":32},"end":{"line":103,"column":7}},"line":74},"8":{"name":"(anonymous_8)","decl":{"start":{"line":105,"column":4},"end":{"line":105,"column":5}},"loc":{"start":{"line":105,"column":21},"end":{"line":118,"column":5}},"line":105},"9":{"name":"(anonymous_9)","decl":{"start":{"line":125,"column":2},"end":{"line":125,"column":3}},"loc":{"start":{"line":125,"column":25},"end":{"line":127,"column":3}},"line":125}},"branchMap":{"0":{"loc":{"start":{"line":22,"column":2},"end":{"line":22,"column":48}},"type":"default-arg","locations":[{"start":{"line":22,"column":23},"end":{"line":22,"column":48}}],"line":22},"1":{"loc":{"start":{"line":23,"column":2},"end":{"line":23,"column":38}},"type":"default-arg","locations":[{"start":{"line":23,"column":16},"end":{"line":23,"column":38}}],"line":23},"2":{"loc":{"start":{"line":24,"column":2},"end":{"line":24,"column":11}},"type":"default-arg","locations":[{"start":{"line":24,"column":9},"end":{"line":24,"column":11}}],"line":24},"3":{"loc":{"start":{"line":27,"column":2},"end":{"line":27,"column":31}},"type":"if","locations":[{"start":{"line":27,"column":2},"end":{"line":27,"column":31}},{"start":{"line":27,"column":2},"end":{"line":27,"column":31}}],"line":27},"4":{"loc":{"start":{"line":76,"column":10},"end":{"line":83,"column":11}},"type":"if","locations":[{"start":{"line":76,"column":10},"end":{"line":83,"column":11}},{"start":{"line":76,"column":10},"end":{"line":83,"column":11}}],"line":76},"5":{"loc":{"start":{"line":77,"column":12},"end":{"line":78,"column":55}},"type":"binary-expr","locations":[{"start":{"line":77,"column":12},"end":{"line":77,"column":52}},{"start":{"line":78,"column":14},"end":{"line":78,"column":55}}],"line":77},"6":{"loc":{"start":{"line":87,"column":10},"end":{"line":101,"column":11}},"type":"if","locations":[{"start":{"line":87,"column":10},"end":{"line":101,"column":11}},{"start":{"line":87,"column":10},"end":{"line":101,"column":11}}],"line":87},"7":{"loc":{"start":{"line":95,"column":31},"end":{"line":95,"column":43}},"type":"binary-expr","locations":[{"start":{"line":95,"column":31},"end":{"line":95,"column":35}},{"start":{"line":95,"column":39},"end":{"line":95,"column":43}}],"line":95},"8":{"loc":{"start":{"line":98,"column":64},"end":{"line":98,"column":80}},"type":"binary-expr","locations":[{"start":{"line":98,"column":64},"end":{"line":98,"column":68}},{"start":{"line":98,"column":72},"end":{"line":98,"column":80}}],"line":98}},"s":{"0":60,"1":0,"2":60,"3":0,"4":60,"5":60,"6":0,"7":60,"8":60,"9":0,"10":0,"11":0,"12":0,"13":0,"14":0,"15":0,"16":0,"17":0,"18":0,"19":0,"20":0,"21":60,"22":60,"23":0,"24":0,"25":0,"26":0,"27":60,"28":55,"29":55,"30":55,"31":55,"32":5,"33":60,"34":60,"35":5,"36":60,"37":60,"38":60,"39":60},"f":{"0":0,"1":0,"2":60,"3":60,"4":0,"5":0,"6":0,"7":60,"8":60,"9":60},"b":{"0":[0],"1":[60],"2":[60],"3":[0,60],"4":[0,60],"5":[60,0],"6":[55,5],"7":[55,0],"8":[55,0]},"_coverageSchema":"1a1c01bbd47fc00a2c39e90264f33305004495a9","hash":"dbd5ddc1e9f37007c416308d06e73ff71aae9342"}
,"/home/iamnwani/Desktop/OSS/ambianic-ui/src/components/AppFrame.vue": {"path":"/home/iamnwani/Desktop/OSS/ambianic-ui/src/components/AppFrame.vue","statementMap":{"0":{"start":{"line":34,"column":0},"end":{"line":34,"column":null}},"1":{"start":{"line":36,"column":0},"end":{"line":76,"column":null}}},"fnMap":{"0":{"name":"(anonymous_0)","decl":{"start":{"line":34,"column":0},"end":{"line":34,"column":null}},"loc":{"start":{"line":34,"column":0},"end":{"line":34,"column":null}}},"1":{"name":"(anonymous_1)","decl":{"start":{"line":36,"column":0},"end":{"line":36,"column":null}},"loc":{"start":{"line":36,"column":0},"end":{"line":76,"column":null}}}},"branchMap":{},"s":{"0":60,"1":74},"f":{"0":60,"1":74},"b":{}}
,"/home/iamnwani/Desktop/OSS/ambianic-ui/src/components/DetectionBoxes.vue": {"path":"/home/iamnwani/Desktop/OSS/ambianic-ui/src/components/DetectionBoxes.vue","statementMap":{"0":{"start":{"line":47,"column":0},"end":{"line":47,"column":null}},"1":{"start":{"line":52,"column":0},"end":{"line":57,"column":null}},"2":{"start":{"line":62,"column":0},"end":{"line":62,"column":null}},"3":{"start":{"line":73,"column":0},"end":{"line":73,"column":null}},"4":{"start":{"line":75,"column":0},"end":{"line":77,"column":null}},"5":{"start":{"line":76,"column":0},"end":{"line":76,"column":null}},"6":{"start":{"line":86,"column":0},"end":{"line":86,"column":null}},"7":{"start":{"line":87,"column":0},"end":{"line":87,"column":null}},"8":{"start":{"line":90,"column":0},"end":{"line":90,"column":null}},"9":{"start":{"line":91,"column":0},"end":{"line":91,"column":null}},"10":{"start":{"line":96,"column":0},"end":{"line":96,"column":null}}},"fnMap":{"0":{"name":"(anonymous_0)","decl":{"start":{"line":51,"column":0},"end":{"line":51,"column":null}},"loc":{"start":{"line":51,"column":0},"end":{"line":58,"column":null}}},"1":{"name":"(anonymous_1)","decl":{"start":{"line":62,"column":0},"end":{"line":62,"column":null}},"loc":{"start":{"line":62,"column":0},"end":{"line":62,"column":null}}},"2":{"name":"(anonymous_2)","decl":{"start":{"line":68,"column":0},"end":{"line":68,"column":null}},"loc":{"start":{"line":68,"column":0},"end":{"line":70,"column":null}}},"3":{"name":"(anonymous_3)","decl":{"start":{"line":72,"column":0},"end":{"line":72,"column":null}},"loc":{"start":{"line":72,"column":0},"end":{"line":93,"column":null}}},"4":{"name":"(anonymous_4)","decl":{"start":{"line":94,"column":0},"end":{"line":94,"column":null}},"loc":{"start":{"line":94,"column":0},"end":{"line":97,"column":null}}}},"branchMap":{"0":{"loc":{"start":{"line":75,"column":0},"end":{"line":77,"column":null}},"type":"if","locations":[{"start":{"line":75,"column":0},"end":{"line":77,"column":null}},{"start":{"line":75,"column":0},"end":{"line":77,"column":null}}]}},"s":{"0":18,"1":0,"2":0,"3":0,"4":0,"5":0,"6":0,"7":0,"8":0,"9":0,"10":0},"f":{"0":0,"1":0,"2":0,"3":0,"4":0},"b":{"0":[0,0]}}
,"/home/iamnwani/Desktop/OSS/ambianic-ui/src/components/NavBar.vue": {"path":"/home/iamnwani/Desktop/OSS/ambianic-ui/src/components/NavBar.vue","statementMap":{"0":{"start":{"line":180,"column":0},"end":{"line":180,"column":null}},"1":{"start":{"line":181,"column":0},"end":{"line":181,"column":null}},"2":{"start":{"line":183,"column":0},"end":{"line":228,"column":null}},"3":{"start":{"line":232,"column":0},"end":{"line":232,"column":null}},"4":{"start":{"line":233,"column":0},"end":{"line":233,"column":null}}},"fnMap":{"0":{"name":"(anonymous_0)","decl":{"start":{"line":180,"column":0},"end":{"line":180,"column":null}},"loc":{"start":{"line":180,"column":0},"end":{"line":180,"column":null}}},"1":{"name":"(anonymous_1)","decl":{"start":{"line":181,"column":0},"end":{"line":181,"column":null}},"loc":{"start":{"line":181,"column":0},"end":{"line":181,"column":null}}},"2":{"name":"(anonymous_2)","decl":{"start":{"line":183,"column":0},"end":{"line":183,"column":null}},"loc":{"start":{"line":183,"column":0},"end":{"line":228,"column":null}}},"3":{"name":"(anonymous_3)","decl":{"start":{"line":231,"column":0},"end":{"line":231,"column":null}},"loc":{"start":{"line":231,"column":0},"end":{"line":234,"column":null}}}},"branchMap":{},"s":{"0":60,"1":60,"2":74,"3":101,"4":101},"f":{"0":60,"1":60,"2":74,"3":101},"b":{}}
,"/home/iamnwani/Desktop/OSS/ambianic-ui/src/components/UpdateNotification.vue": {"path":"/home/iamnwani/Desktop/OSS/ambianic-ui/src/components/UpdateNotification.vue","statementMap":{"0":{"start":{"line":27,"column":0},"end":{"line":27,"column":null}},"1":{"start":{"line":32,"column":0},"end":{"line":34,"column":null}},"2":{"start":{"line":35,"column":0},"end":{"line":35,"column":null}}},"fnMap":{"0":{"name":"(anonymous_0)","decl":{"start":{"line":27,"column":0},"end":{"line":27,"column":null}},"loc":{"start":{"line":27,"column":0},"end":{"line":27,"column":null}}},"1":{"name":"(anonymous_1)","decl":{"start":{"line":31,"column":0},"end":{"line":31,"column":null}},"loc":{"start":{"line":31,"column":0},"end":{"line":36,"column":null}}}},"branchMap":{},"s":{"0":74,"1":0,"2":0},"f":{"0":74,"1":0},"b":{}}
,"/home/iamnwani/Desktop/OSS/ambianic-ui/src/components/authBarMenu.vue": {"path":"/home/iamnwani/Desktop/OSS/ambianic-ui/src/components/authBarMenu.vue","statementMap":{"0":{"start":{"line":296,"column":0},"end":{"line":299,"column":null}},"1":{"start":{"line":298,"column":0},"end":{"line":298,"column":null}},"2":{"start":{"line":301,"column":0},"end":{"line":323,"column":null}},"3":{"start":{"line":325,"column":0},"end":{"line":325,"column":null}},"4":{"start":{"line":326,"column":0},"end":{"line":326,"column":null}},"5":{"start":{"line":329,"column":0},"end":{"line":336,"column":null}},"6":{"start":{"line":330,"column":0},"end":{"line":330,"column":null}},"7":{"start":{"line":331,"column":0},"end":{"line":333,"column":null}},"8":{"start":{"line":332,"column":0},"end":{"line":332,"column":null}},"9":{"start":{"line":341,"column":0},"end":{"line":341,"column":null}},"10":{"start":{"line":344,"column":0},"end":{"line":344,"column":null}},"11":{"start":{"line":346,"column":0},"end":{"line":346,"column":null}},"12":{"start":{"line":348,"column":0},"end":{"line":348,"column":null}},"13":{"start":{"line":351,"column":0},"end":{"line":351,"column":null}},"14":{"start":{"line":352,"column":0},"end":{"line":352,"column":null}},"15":{"start":{"line":355,"column":0},"end":{"line":355,"column":null}},"16":{"start":{"line":357,"column":0},"end":{"line":367,"column":null}},"17":{"start":{"line":369,"column":0},"end":{"line":369,"column":null}},"18":{"start":{"line":372,"column":0},"end":{"line":372,"column":null}},"19":{"start":{"line":373,"column":0},"end":{"line":373,"column":null}},"20":{"start":{"line":376,"column":0},"end":{"line":376,"column":null}},"21":{"start":{"line":379,"column":0},"end":{"line":381,"column":null}},"22":{"start":{"line":384,"column":0},"end":{"line":384,"column":null}},"23":{"start":{"line":389,"column":0},"end":{"line":389,"column":null}},"24":{"start":{"line":390,"column":0},"end":{"line":390,"column":null}},"25":{"start":{"line":391,"column":0},"end":{"line":391,"column":null}},"26":{"start":{"line":392,"column":0},"end":{"line":392,"column":null}},"27":{"start":{"line":393,"column":0},"end":{"line":393,"column":null}},"28":{"start":{"line":398,"column":0},"end":{"line":416,"column":null}},"29":{"start":{"line":399,"column":0},"end":{"line":399,"column":null}},"30":{"start":{"line":400,"column":0},"end":{"line":400,"column":null}},"31":{"start":{"line":402,"column":0},"end":{"line":402,"column":null}},"32":{"start":{"line":403,"column":0},"end":{"line":403,"column":null}},"33":{"start":{"line":404,"column":0},"end":{"line":404,"column":null}},"34":{"start":{"line":406,"column":0},"end":{"line":406,"column":null}},"35":{"start":{"line":407,"column":0},"end":{"line":415,"column":null}},"36":{"start":{"line":408,"column":0},"end":{"line":408,"column":null}},"37":{"start":{"line":409,"column":0},"end":{"line":411,"column":null}},"38":{"start":{"line":410,"column":0},"end":{"line":410,"column":null}},"39":{"start":{"line":414,"column":0},"end":{"line":414,"column":null}}},"fnMap":{"0":{"name":"(anonymous_0)","decl":{"start":{"line":295,"column":0},"end":{"line":295,"column":null}},"loc":{"start":{"line":295,"column":0},"end":{"line":300,"column":null}}},"1":{"name":"(anonymous_1)","decl":{"start":{"line":301,"column":0},"end":{"line":301,"column":null}},"loc":{"start":{"line":301,"column":0},"end":{"line":323,"column":null}}},"2":{"name":"(anonymous_2)","decl":{"start":{"line":325,"column":0},"end":{"line":325,"column":null}},"loc":{"start":{"line":325,"column":0},"end":{"line":325,"column":null}}},"3":{"name":"(anonymous_3)","decl":{"start":{"line":326,"column":0},"end":{"line":326,"column":null}},"loc":{"start":{"line":326,"column":0},"end":{"line":326,"column":null}}},"4":{"name":"(anonymous_4)","decl":{"start":{"line":328,"column":0},"end":{"line":328,"column":null}},"loc":{"start":{"line":328,"column":0},"end":{"line":337,"column":null}}},"5":{"name":"(anonymous_5)","decl":{"start":{"line":340,"column":0},"end":{"line":340,"column":null}},"loc":{"start":{"line":340,"column":0},"end":{"line":342,"column":null}}},"6":{"name":"(anonymous_6)","decl":{"start":{"line":343,"column":0},"end":{"line":343,"column":null}},"loc":{"start":{"line":343,"column":0},"end":{"line":349,"column":null}}},"7":{"name":"(anonymous_7)","decl":{"start":{"line":350,"column":0},"end":{"line":350,"column":null}},"loc":{"start":{"line":350,"column":0},"end":{"line":353,"column":null}}},"8":{"name":"(anonymous_8)","decl":{"start":{"line":354,"column":0},"end":{"line":354,"column":null}},"loc":{"start":{"line":354,"column":0},"end":{"line":370,"column":null}}},"9":{"name":"(anonymous_9)","decl":{"start":{"line":371,"column":0},"end":{"line":371,"column":null}},"loc":{"start":{"line":371,"column":0},"end":{"line":374,"column":null}}},"10":{"name":"(anonymous_10)","decl":{"start":{"line":375,"column":0},"end":{"line":375,"column":null}},"loc":{"start":{"line":375,"column":0},"end":{"line":377,"column":null}}},"11":{"name":"(anonymous_11)","decl":{"start":{"line":378,"column":0},"end":{"line":378,"column":null}},"loc":{"start":{"line":378,"column":0},"end":{"line":382,"column":null}}},"12":{"name":"(anonymous_12)","decl":{"start":{"line":383,"column":0},"end":{"line":383,"column":null}},"loc":{"start":{"line":383,"column":0},"end":{"line":385,"column":null}}},"13":{"name":"(anonymous_13)","decl":{"start":{"line":389,"column":0},"end":{"line":389,"column":null}},"loc":{"start":{"line":389,"column":0},"end":{"line":389,"column":null}}},"14":{"name":"(anonymous_14)","decl":{"start":{"line":390,"column":0},"end":{"line":390,"column":null}},"loc":{"start":{"line":390,"column":0},"end":{"line":390,"column":null}}},"15":{"name":"(anonymous_15)","decl":{"start":{"line":391,"column":0},"end":{"line":391,"column":null}},"loc":{"start":{"line":391,"column":0},"end":{"line":391,"column":null}}},"16":{"name":"(anonymous_16)","decl":{"start":{"line":392,"column":0},"end":{"line":392,"column":null}},"loc":{"start":{"line":392,"column":0},"end":{"line":392,"column":null}}},"17":{"name":"(anonymous_17)","decl":{"start":{"line":393,"column":0},"end":{"line":393,"column":null}},"loc":{"start":{"line":393,"column":0},"end":{"line":393,"column":null}}},"18":{"name":"(anonymous_18)","decl":{"start":{"line":397,"column":0},"end":{"line":397,"column":null}},"loc":{"start":{"line":397,"column":0},"end":{"line":417,"column":null}}}},"branchMap":{"0":{"loc":{"start":{"line":331,"column":0},"end":{"line":333,"column":null}},"type":"if","locations":[{"start":{"line":331,"column":0},"end":{"line":333,"column":null}},{"start":{"line":331,"column":0},"end":{"line":333,"column":null}}]},"1":{"loc":{"start":{"line":398,"column":0},"end":{"line":416,"column":null}},"type":"if","locations":[{"start":{"line":398,"column":0},"end":{"line":416,"column":null}},{"start":{"line":398,"column":0},"end":{"line":416,"column":null}}]},"2":{"loc":{"start":{"line":409,"column":0},"end":{"line":411,"column":null}},"type":"if","locations":[{"start":{"line":409,"column":0},"end":{"line":411,"column":null}},{"start":{"line":409,"column":0},"end":{"line":411,"column":null}}]}},"s":{"0":51,"1":51,"2":51,"3":51,"4":51,"5":51,"6":51,"7":51,"8":0,"9":2,"10":0,"11":0,"12":0,"13":8,"14":8,"15":0,"16":0,"17":0,"18":0,"19":0,"20":0,"21":0,"22":0,"23":51,"24":14,"25":14,"26":65,"27":65,"28":0,"29":0,"30":0,"31":0,"32":0,"33":0,"34":0,"35":0,"36":0,"37":0,"38":0,"39":0},"f":{"0":51,"1":51,"2":51,"3":51,"4":51,"5":2,"6":0,"7":8,"8":0,"9":0,"10":0,"11":0,"12":0,"13":51,"14":14,"15":14,"16":65,"17":65,"18":0},"b":{"0":[0,0],"1":[0,0],"2":[0,0]}}
,"/home/iamnwani/Desktop/OSS/ambianic-ui/src/components/edge-auth0-sync.vue": {"path":"/home/iamnwani/Desktop/OSS/ambianic-ui/src/components/edge-auth0-sync.vue","statementMap":{"0":{"start":{"line":145,"column":0},"end":{"line":148,"column":null}},"1":{"start":{"line":151,"column":0},"end":{"line":151,"column":null}},"2":{"start":{"line":153,"column":0},"end":{"line":153,"column":null}},"3":{"start":{"line":154,"column":0},"end":{"line":154,"column":null}},"4":{"start":{"line":155,"column":0},"end":{"line":155,"column":null}},"5":{"start":{"line":156,"column":0},"end":{"line":156,"column":null}},"6":{"start":{"line":160,"column":0},"end":{"line":160,"column":null}},"7":{"start":{"line":161,"column":0},"end":{"line":163,"column":null}},"8":{"start":{"line":162,"column":0},"end":{"line":162,"column":null}},"9":{"start":{"line":168,"column":0},"end":{"line":168,"column":null}},"10":{"start":{"line":170,"column":0},"end":{"line":170,"column":null}},"11":{"start":{"line":173,"column":0},"end":{"line":180,"column":null}},"12":{"start":{"line":174,"column":0},"end":{"line":174,"column":null}},"13":{"start":{"line":175,"column":0},"end":{"line":175,"column":null}},"14":{"start":{"line":177,"column":0},"end":{"line":177,"column":null}},"15":{"start":{"line":179,"column":0},"end":{"line":179,"column":null}},"16":{"start":{"line":182,"column":0},"end":{"line":182,"column":null}},"17":{"start":{"line":185,"column":0},"end":{"line":192,"column":null}},"18":{"start":{"line":186,"column":0},"end":{"line":187,"column":null}},"19":{"start":{"line":189,"column":0},"end":{"line":189,"column":null}},"20":{"start":{"line":191,"column":0},"end":{"line":191,"column":null}},"21":{"start":{"line":195,"column":0},"end":{"line":200,"column":null}},"22":{"start":{"line":196,"column":0},"end":{"line":196,"column":null}},"23":{"start":{"line":198,"column":0},"end":{"line":198,"column":null}},"24":{"start":{"line":199,"column":0},"end":{"line":199,"column":null}},"25":{"start":{"line":211,"column":0},"end":{"line":214,"column":null}},"26":{"start":{"line":212,"column":0},"end":{"line":212,"column":null}},"27":{"start":{"line":213,"column":0},"end":{"line":213,"column":null}},"28":{"start":{"line":218,"column":0},"end":{"line":218,"column":null}}},"fnMap":{"0":{"name":"(anonymous_0)","decl":{"start":{"line":145,"column":0},"end":{"line":145,"column":null}},"loc":{"start":{"line":145,"column":0},"end":{"line":148,"column":null}}},"1":{"name":"(anonymous_1)","decl":{"start":{"line":151,"column":0},"end":{"line":151,"column":null}},"loc":{"start":{"line":151,"column":0},"end":{"line":151,"column":null}}},"2":{"name":"(anonymous_2)","decl":{"start":{"line":152,"column":0},"end":{"line":152,"column":null}},"loc":{"start":{"line":153,"column":0},"end":{"line":153,"column":null}}},"3":{"name":"(anonymous_3)","decl":{"start":{"line":154,"column":0},"end":{"line":154,"column":null}},"loc":{"start":{"line":154,"column":0},"end":{"line":154,"column":null}}},"4":{"name":"(anonymous_4)","decl":{"start":{"line":155,"column":0},"end":{"line":155,"column":null}},"loc":{"start":{"line":155,"column":0},"end":{"line":155,"column":null}}},"5":{"name":"(anonymous_5)","decl":{"start":{"line":156,"column":0},"end":{"line":156,"column":null}},"loc":{"start":{"line":156,"column":0},"end":{"line":156,"column":null}}},"6":{"name":"(anonymous_6)","decl":{"start":{"line":159,"column":0},"end":{"line":159,"column":null}},"loc":{"start":{"line":159,"column":0},"end":{"line":164,"column":null}}},"7":{"name":"(anonymous_7)","decl":{"start":{"line":167,"column":0},"end":{"line":167,"column":null}},"loc":{"start":{"line":167,"column":0},"end":{"line":171,"column":null}}},"8":{"name":"(anonymous_8)","decl":{"start":{"line":172,"column":0},"end":{"line":172,"column":null}},"loc":{"start":{"line":172,"column":0},"end":{"line":183,"column":null}}},"9":{"name":"(anonymous_9)","decl":{"start":{"line":184,"column":0},"end":{"line":184,"column":null}},"loc":{"start":{"line":184,"column":0},"end":{"line":193,"column":null}}},"10":{"name":"(anonymous_10)","decl":{"start":{"line":194,"column":0},"end":{"line":194,"column":null}},"loc":{"start":{"line":194,"column":0},"end":{"line":201,"column":null}}},"11":{"name":"(anonymous_11)","decl":{"start":{"line":210,"column":0},"end":{"line":210,"column":null}},"loc":{"start":{"line":210,"column":0},"end":{"line":215,"column":null}}},"12":{"name":"(anonymous_12)","decl":{"start":{"line":217,"column":0},"end":{"line":217,"column":null}},"loc":{"start":{"line":217,"column":0},"end":{"line":219,"column":null}}}},"branchMap":{"0":{"loc":{"start":{"line":161,"column":0},"end":{"line":163,"column":null}},"type":"if","locations":[{"start":{"line":161,"column":0},"end":{"line":163,"column":null}},{"start":{"line":161,"column":0},"end":{"line":163,"column":null}}]},"1":{"loc":{"start":{"line":195,"column":0},"end":{"line":200,"column":null}},"type":"if","locations":[{"start":{"line":195,"column":0},"end":{"line":200,"column":null}},{"start":{"line":195,"column":0},"end":{"line":200,"column":null}}]},"2":{"loc":{"start":{"line":211,"column":0},"end":{"line":214,"column":null}},"type":"if","locations":[{"start":{"line":211,"column":0},"end":{"line":214,"column":null}},{"start":{"line":211,"column":0},"end":{"line":214,"column":null}}]}},"s":{"0":50,"1":50,"2":72,"3":50,"4":0,"5":50,"6":50,"7":50,"8":0,"9":0,"10":0,"11":0,"12":0,"13":0,"14":0,"15":0,"16":0,"17":0,"18":0,"19":0,"20":0,"21":0,"22":0,"23":0,"24":0,"25":0,"26":0,"27":0,"28":0},"f":{"0":50,"1":50,"2":72,"3":50,"4":0,"5":50,"6":50,"7":0,"8":0,"9":0,"10":0,"11":0,"12":0},"b":{"0":[0,50],"1":[0,0],"2":[0,0]}}
,"/home/iamnwani/Desktop/OSS/ambianic-ui/src/components/subscriptionDialog.vue": {"path":"/home/iamnwani/Desktop/OSS/ambianic-ui/src/components/subscriptionDialog.vue","statementMap":{"0":{"start":{"line":186,"column":0},"end":{"line":186,"column":null}},"1":{"start":{"line":190,"column":0},"end":{"line":205,"column":null}},"2":{"start":{"line":203,"column":0},"end":{"line":203,"column":null}},"3":{"start":{"line":209,"column":0},"end":{"line":209,"column":null}},"4":{"start":{"line":212,"column":0},"end":{"line":212,"column":null}},"5":{"start":{"line":214,"column":0},"end":{"line":241,"column":null}},"6":{"start":{"line":215,"column":0},"end":{"line":227,"column":null}},"7":{"start":{"line":229,"column":0},"end":{"line":235,"column":null}},"8":{"start":{"line":230,"column":0},"end":{"line":230,"column":null}},"9":{"start":{"line":231,"column":0},"end":{"line":231,"column":null}},"10":{"start":{"line":233,"column":0},"end":{"line":233,"column":null}},"11":{"start":{"line":234,"column":0},"end":{"line":234,"column":null}},"12":{"start":{"line":237,"column":0},"end":{"line":237,"column":null}},"13":{"start":{"line":238,"column":0},"end":{"line":238,"column":null}},"14":{"start":{"line":240,"column":0},"end":{"line":240,"column":null}},"15":{"start":{"line":244,"column":0},"end":{"line":256,"column":null}},"16":{"start":{"line":257,"column":0},"end":{"line":257,"column":null}},"17":{"start":{"line":258,"column":0},"end":{"line":258,"column":null}},"18":{"start":{"line":259,"column":0},"end":{"line":259,"column":null}},"19":{"start":{"line":260,"column":0},"end":{"line":260,"column":null}},"20":{"start":{"line":265,"column":0},"end":{"line":265,"column":null}},"21":{"start":{"line":266,"column":0},"end":{"line":266,"column":null}},"22":{"start":{"line":271,"column":0},"end":{"line":271,"column":null}}},"fnMap":{"0":{"name":"(anonymous_0)","decl":{"start":{"line":190,"column":0},"end":{"line":190,"column":null}},"loc":{"start":{"line":190,"column":0},"end":{"line":205,"column":null}}},"1":{"name":"(anonymous_1)","decl":{"start":{"line":203,"column":0},"end":{"line":203,"column":null}},"loc":{"start":{"line":203,"column":0},"end":{"line":203,"column":null}}},"2":{"name":"(anonymous_2)","decl":{"start":{"line":208,"column":0},"end":{"line":208,"column":null}},"loc":{"start":{"line":208,"column":0},"end":{"line":210,"column":null}}},"3":{"name":"(anonymous_3)","decl":{"start":{"line":211,"column":0},"end":{"line":211,"column":null}},"loc":{"start":{"line":211,"column":0},"end":{"line":242,"column":null}}},"4":{"name":"(anonymous_4)","decl":{"start":{"line":243,"column":0},"end":{"line":243,"column":null}},"loc":{"start":{"line":243,"column":0},"end":{"line":261,"column":null}}},"5":{"name":"(anonymous_5)","decl":{"start":{"line":265,"column":0},"end":{"line":265,"column":null}},"loc":{"start":{"line":265,"column":0},"end":{"line":265,"column":null}}},"6":{"name":"(anonymous_6)","decl":{"start":{"line":266,"column":0},"end":{"line":266,"column":null}},"loc":{"start":{"line":266,"column":0},"end":{"line":266,"column":null}}},"7":{"name":"(anonymous_7)","decl":{"start":{"line":270,"column":0},"end":{"line":270,"column":null}},"loc":{"start":{"line":270,"column":0},"end":{"line":272,"column":null}}}},"branchMap":{"0":{"loc":{"start":{"line":203,"column":0},"end":{"line":203,"column":null}},"type":"binary-expr","locations":[{"start":{"line":203,"column":0},"end":{"line":203,"column":null}},{"start":{"line":203,"column":0},"end":{"line":203,"column":null}}]},"1":{"loc":{"start":{"line":229,"column":0},"end":{"line":235,"column":null}},"type":"if","locations":[{"start":{"line":229,"column":0},"end":{"line":235,"column":null}},{"start":{"line":229,"column":0},"end":{"line":235,"column":null}}]}},"s":{"0":50,"1":50,"2":64,"3":1,"4":0,"5":0,"6":0,"7":0,"8":0,"9":0,"10":0,"11":0,"12":0,"13":0,"14":0,"15":0,"16":0,"17":0,"18":0,"19":0,"20":58,"21":8,"22":48},"f":{"0":50,"1":64,"2":1,"3":0,"4":0,"5":58,"6":8,"7":48},"b":{"0":[64,16],"1":[0,0]}}
,"/home/iamnwani/Desktop/OSS/ambianic-ui/src/components/shared/ListItem.vue": {"path":"/home/iamnwani/Desktop/OSS/ambianic-ui/src/components/shared/ListItem.vue","statementMap":{"0":{"start":{"line":96,"column":0},"end":{"line":98,"column":null}}},"fnMap":{"0":{"name":"(anonymous_0)","decl":{"start":{"line":95,"column":0},"end":{"line":95,"column":null}},"loc":{"start":{"line":95,"column":0},"end":{"line":99,"column":null}}}},"branchMap":{},"s":{"0":23},"f":{"0":23},"b":{}}
,"/home/iamnwani/Desktop/OSS/ambianic-ui/src/plugins/vuetify.js": {"path":"/home/iamnwani/Desktop/OSS/ambianic-ui/src/plugins/vuetify.js","statementMap":{"0":{"start":{"line":5,"column":0},"end":{"line":5,"column":16}},"1":{"start":{"line":7,"column":11},"end":{"line":7,"column":60}},"2":{"start":{"line":9,"column":16},"end":{"line":23,"column":2}}},"fnMap":{},"branchMap":{},"s":{"0":60,"1":60,"2":60},"f":{},"b":{},"_coverageSchema":"1a1c01bbd47fc00a2c39e90264f33305004495a9","hash":"03abd3d45c9c64ced56b58e29fb875d1905dcb13"}
,"/home/iamnwani/Desktop/OSS/ambianic-ui/src/remote/edgeAPI.js": {"path":"/home/iamnwani/Desktop/OSS/ambianic-ui/src/remote/edgeAPI.js","statementMap":{"0":{"start":{"line":5,"column":17},"end":{"line":5,"column":48}},"1":{"start":{"line":6,"column":17},"end":{"line":6,"column":52}},"2":{"start":{"line":7,"column":17},"end":{"line":7,"column":52}},"3":{"start":{"line":11,"column":4},"end":{"line":11,"column":18}},"4":{"start":{"line":15,"column":18},"end":{"line":15,"column":63}},"5":{"start":{"line":16,"column":4},"end":{"line":16,"column":18}},"6":{"start":{"line":20,"column":4},"end":{"line":25,"column":5}},"7":{"start":{"line":21,"column":6},"end":{"line":21,"column":52}},"8":{"start":{"line":23,"column":23},"end":{"line":23,"column":60}},"9":{"start":{"line":24,"column":6},"end":{"line":24,"column":21}},"10":{"start":{"line":29,"column":21},"end":{"line":29,"column":45}},"11":{"start":{"line":30,"column":16},"end":{"line":30,"column":60}},"12":{"start":{"line":31,"column":4},"end":{"line":31,"column":14}},"13":{"start":{"line":38,"column":20},"end":{"line":38,"column":38}},"14":{"start":{"line":39,"column":24},"end":{"line":39,"column":49}},"15":{"start":{"line":40,"column":23},"end":{"line":40,"column":25}},"16":{"start":{"line":41,"column":20},"end":{"line":46,"column":5}},"17":{"start":{"line":47,"column":4},"end":{"line":47,"column":47}},"18":{"start":{"line":48,"column":4},"end":{"line":48,"column":23}},"19":{"start":{"line":56,"column":20},"end":{"line":56,"column":38}},"20":{"start":{"line":57,"column":25},"end":{"line":57,"column":69}},"21":{"start":{"line":58,"column":20},"end":{"line":60,"column":5}},"22":{"start":{"line":62,"column":4},"end":{"line":71,"column":5}},"23":{"start":{"line":63,"column":23},"end":{"line":63,"column":47}},"24":{"start":{"line":64,"column":28},"end":{"line":64,"column":60}},"25":{"start":{"line":65,"column":17},"end":{"line":65,"column":44}},"26":{"start":{"line":66,"column":23},"end":{"line":66,"column":53}},"27":{"start":{"line":67,"column":6},"end":{"line":67,"column":49}},"28":{"start":{"line":69,"column":6},"end":{"line":69,"column":78}},"29":{"start":{"line":70,"column":6},"end":{"line":70,"column":26}},"30":{"start":{"line":72,"column":4},"end":{"line":72,"column":19}},"31":{"start":{"line":77,"column":20},"end":{"line":77,"column":38}},"32":{"start":{"line":79,"column":20},"end":{"line":85,"column":5}},"33":{"start":{"line":87,"column":4},"end":{"line":93,"column":5}},"34":{"start":{"line":88,"column":22},"end":{"line":88,"column":50}},"35":{"start":{"line":90,"column":6},"end":{"line":90,"column":20}},"36":{"start":{"line":97,"column":20},"end":{"line":97,"column":38}},"37":{"start":{"line":99,"column":20},"end":{"line":101,"column":5}},"38":{"start":{"line":103,"column":4},"end":{"line":107,"column":23}},"39":{"start":{"line":104,"column":22},"end":{"line":104,"column":50}},"40":{"start":{"line":106,"column":6},"end":{"line":106,"column":20}}},"fnMap":{"0":{"name":"(anonymous_0)","decl":{"start":{"line":10,"column":2},"end":{"line":10,"column":3}},"loc":{"start":{"line":10,"column":20},"end":{"line":12,"column":3}},"line":10},"1":{"name":"(anonymous_1)","decl":{"start":{"line":14,"column":2},"end":{"line":14,"column":3}},"loc":{"start":{"line":14,"column":17},"end":{"line":17,"column":3}},"line":14},"2":{"name":"(anonymous_2)","decl":{"start":{"line":19,"column":2},"end":{"line":19,"column":3}},"loc":{"start":{"line":19,"column":23},"end":{"line":26,"column":3}},"line":19},"3":{"name":"(anonymous_3)","decl":{"start":{"line":28,"column":2},"end":{"line":28,"column":3}},"loc":{"start":{"line":28,"column":27},"end":{"line":32,"column":3}},"line":28},"4":{"name":"(anonymous_4)","decl":{"start":{"line":37,"column":2},"end":{"line":37,"column":3}},"loc":{"start":{"line":37,"column":38},"end":{"line":49,"column":3}},"line":37},"5":{"name":"(anonymous_5)","decl":{"start":{"line":55,"column":2},"end":{"line":55,"column":3}},"loc":{"start":{"line":55,"column":40},"end":{"line":73,"column":3}},"line":55},"6":{"name":"(anonymous_6)","decl":{"start":{"line":76,"column":2},"end":{"line":76,"column":3}},"loc":{"start":{"line":76,"column":47},"end":{"line":94,"column":3}},"line":76},"7":{"name":"(anonymous_7)","decl":{"start":{"line":96,"column":2},"end":{"line":96,"column":3}},"loc":{"start":{"line":96,"column":25},"end":{"line":108,"column":3}},"line":96}},"branchMap":{"0":{"loc":{"start":{"line":20,"column":4},"end":{"line":25,"column":5}},"type":"if","locations":[{"start":{"line":20,"column":4},"end":{"line":25,"column":5}},{"start":{"line":20,"column":4},"end":{"line":25,"column":5}}],"line":20},"1":{"loc":{"start":{"line":37,"column":25},"end":{"line":37,"column":36}},"type":"default-arg","locations":[{"start":{"line":37,"column":35},"end":{"line":37,"column":36}}],"line":37},"2":{"loc":{"start":{"line":66,"column":23},"end":{"line":66,"column":53}},"type":"binary-expr","locations":[{"start":{"line":66,"column":23},"end":{"line":66,"column":33}},{"start":{"line":66,"column":37},"end":{"line":66,"column":53}}],"line":66}},"s":{"0":50,"1":50,"2":50,"3":67,"4":22,"5":22,"6":22,"7":22,"8":0,"9":0,"10":22,"11":0,"12":0,"13":22,"14":22,"15":22,"16":22,"17":22,"18":0,"19":0,"20":0,"21":0,"22":0,"23":0,"24":0,"25":0,"26":0,"27":0,"28":0,"29":0,"30":0,"31":0,"32":0,"33":0,"34":0,"35":0,"36":0,"37":0,"38":0,"39":0,"40":0},"f":{"0":67,"1":22,"2":22,"3":22,"4":22,"5":0,"6":0,"7":0},"b":{"0":[22,0],"1":[0],"2":[0,0]},"_coverageSchema":"1a1c01bbd47fc00a2c39e90264f33305004495a9","hash":"06a38375dfdecc67b7b5b5198920f37f0b7e5613"}
,"/home/iamnwani/Desktop/OSS/ambianic-ui/src/remote/peer-fetch.js": {"path":"/home/iamnwani/Desktop/OSS/ambianic-ui/src/remote/peer-fetch.js","statementMap":{"0":{"start":{"line":8,"column":4},"end":{"line":8,"column":41}},"1":{"start":{"line":10,"column":4},"end":{"line":10,"column":32}},"2":{"start":{"line":15,"column":4},"end":{"line":15,"column":33}},"3":{"start":{"line":18,"column":4},"end":{"line":18,"column":30}},"4":{"start":{"line":19,"column":4},"end":{"line":19,"column":35}},"5":{"start":{"line":20,"column":4},"end":{"line":20,"column":24}},"6":{"start":{"line":29,"column":4},"end":{"line":42,"column":5}},"7":{"start":{"line":33,"column":8},"end":{"line":39,"column":9}},"8":{"start":{"line":35,"column":26},"end":{"line":37,"column":11}},"9":{"start":{"line":38,"column":10},"end":{"line":38,"column":33}},"10":{"start":{"line":49,"column":4},"end":{"line":49,"column":34}},"11":{"start":{"line":57,"column":26},"end":{"line":57,"column":51}},"12":{"start":{"line":58,"column":4},"end":{"line":58,"column":31}},"13":{"start":{"line":59,"column":23},"end":{"line":59,"column":45}},"14":{"start":{"line":60,"column":4},"end":{"line":63,"column":5}},"15":{"start":{"line":64,"column":4},"end":{"line":64,"column":24}},"16":{"start":{"line":71,"column":21},"end":{"line":71,"column":54}},"17":{"start":{"line":72,"column":23},"end":{"line":72,"column":45}},"18":{"start":{"line":73,"column":4},"end":{"line":76,"column":5}},"19":{"start":{"line":78,"column":4},"end":{"line":78,"column":35}},"20":{"start":{"line":79,"column":4},"end":{"line":79,"column":28}},"21":{"start":{"line":80,"column":23},"end":{"line":80,"column":45}},"22":{"start":{"line":81,"column":26},"end":{"line":81,"column":51}},"23":{"start":{"line":82,"column":4},"end":{"line":85,"column":5}},"24":{"start":{"line":90,"column":22},"end":{"line":90,"column":26}},"25":{"start":{"line":91,"column":4},"end":{"line":134,"column":6}},"26":{"start":{"line":92,"column":6},"end":{"line":93,"column":32}},"27":{"start":{"line":95,"column":21},"end":{"line":95,"column":48}},"28":{"start":{"line":96,"column":6},"end":{"line":96,"column":67}},"29":{"start":{"line":98,"column":19},"end":{"line":98,"column":52}},"30":{"start":{"line":99,"column":6},"end":{"line":133,"column":7}},"31":{"start":{"line":103,"column":8},"end":{"line":129,"column":9}},"32":{"start":{"line":104,"column":10},"end":{"line":104,"column":53}},"33":{"start":{"line":106,"column":25},"end":{"line":106,"column":48}},"34":{"start":{"line":107,"column":10},"end":{"line":121,"column":11}},"35":{"start":{"line":108,"column":12},"end":{"line":108,"column":98}},"36":{"start":{"line":109,"column":12},"end":{"line":109,"column":79}},"37":{"start":{"line":110,"column":17},"end":{"line":121,"column":11}},"38":{"start":{"line":111,"column":12},"end":{"line":111,"column":52}},"39":{"start":{"line":115,"column":12},"end":{"line":116,"column":25}},"40":{"start":{"line":119,"column":32},"end":{"line":119,"column":37}},"41":{"start":{"line":120,"column":12},"end":{"line":120,"column":51}},"42":{"start":{"line":123,"column":10},"end":{"line":123,"column":54}},"43":{"start":{"line":125,"column":10},"end":{"line":125,"column":38}},"44":{"start":{"line":128,"column":10},"end":{"line":128,"column":42}},"45":{"start":{"line":131,"column":8},"end":{"line":132,"column":27}},"46":{"start":{"line":135,"column":4},"end":{"line":138,"column":6}},"47":{"start":{"line":136,"column":6},"end":{"line":136,"column":51}},"48":{"start":{"line":137,"column":6},"end":{"line":137,"column":31}},"49":{"start":{"line":139,"column":4},"end":{"line":142,"column":6}},"50":{"start":{"line"
[...]
:{"start":{"line":322,"column":0},"end":{"line":322,"column":null}},"loc":{"start":{"line":322,"column":0},"end":{"line":325,"column":null}}},"6":{"name":"(anonymous_6)","decl":{"start":{"line":327,"column":0},"end":{"line":327,"column":null}},"loc":{"start":{"line":327,"column":0},"end":{"line":327,"column":null}}},"7":{"name":"(anonymous_7)","decl":{"start":{"line":328,"column":0},"end":{"line":328,"column":null}},"loc":{"start":{"line":329,"column":0},"end":{"line":329,"column":null}}},"8":{"name":"(anonymous_8)","decl":{"start":{"line":330,"column":0},"end":{"line":330,"column":null}},"loc":{"start":{"line":330,"column":0},"end":{"line":330,"column":null}}},"9":{"name":"(anonymous_9)","decl":{"start":{"line":331,"column":0},"end":{"line":331,"column":null}},"loc":{"start":{"line":331,"column":0},"end":{"line":331,"column":null}}},"10":{"name":"(anonymous_10)","decl":{"start":{"line":332,"column":0},"end":{"line":332,"column":null}},"loc":{"start":{"line":332,"column":0},"end":{"line":332,"column":null}}},"11":{"name":"(anonymous_11)","decl":{"start":{"line":334,"column":0},"end":{"line":334,"column":null}},"loc":{"start":{"line":334,"column":0},"end":{"line":354,"column":null}}},"12":{"name":"(anonymous_12)","decl":{"start":{"line":357,"column":0},"end":{"line":357,"column":null}},"loc":{"start":{"line":357,"column":0},"end":{"line":360,"column":null}}}},"branchMap":{"0":{"loc":{"start":{"line":301,"column":0},"end":{"line":308,"column":null}},"type":"if","locations":[{"start":{"line":301,"column":0},"end":{"line":308,"column":null}},{"start":{"line":301,"column":0},"end":{"line":308,"column":null}}]},"1":{"loc":{"start":{"line":337,"column":0},"end":{"line":337,"column":null}},"type":"switch","locations":[{"start":{"line":337,"column":0},"end":{"line":337,"column":null}},{"start":{"line":338,"column":0},"end":{"line":340,"column":null}},{"start":{"line":341,"column":0},"end":{"line":341,"column":null}},{"start":{"line":342,"column":0},"end":{"line":342,"column":null}},{"start":{"line":343,"column":0},"end":{"line":343,"column":null}},{"start":{"line":344,"column":0},"end":{"line":346,"column":null}},{"start":{"line":347,"column":0},"end":{"line":349,"column":null}},{"start":{"line":350,"column":0},"end":{"line":351,"column":null}}]}},"s":{"0":7,"1":108,"2":3,"3":3,"4":105,"5":105,"6":1,"7":0,"8":0,"9":0,"10":0,"11":14,"12":1,"13":8,"14":0,"15":1,"16":14,"17":14,"18":7,"19":7,"20":7,"21":7,"22":0,"23":0,"24":0,"25":14,"26":108,"27":108},"f":{"0":7,"1":7,"2":108,"3":1,"4":0,"5":0,"6":14,"7":1,"8":8,"9":0,"10":1,"11":14,"12":108},"b":{"0":[3,105],"1":[7,7,7,7,7,7,0,0]}}
,"/home/iamnwani/Desktop/OSS/ambianic-ui/src/views/Timeline.vue": {"path":"/home/iamnwani/Desktop/OSS/ambianic-ui/src/views/Timeline.vue","statementMap":{"0":{"start":{"line":256,"column":0},"end":{"line":256,"column":null}},"1":{"start":{"line":258,"column":0},"end":{"line":258,"column":null}},"2":{"start":{"line":261,"column":0},"end":{"line":269,"column":null}},"3":{"start":{"line":273,"column":0},"end":{"line":273,"column":null}},"4":{"start":{"line":274,"column":0},"end":{"line":283,"column":null}},"5":{"start":{"line":275,"column":0},"end":{"line":282,"column":null}},"6":{"start":{"line":277,"column":0},"end":{"line":277,"column":null}},"7":{"start":{"line":279,"column":0},"end":{"line":279,"column":null}},"8":{"start":{"line":280,"column":0},"end":{"line":280,"column":null}},"9":{"start":{"line":281,"column":0},"end":{"line":281,"column":null}},"10":{"start":{"line":286,"column":0},"end":{"line":286,"column":null}},"11":{"start":{"line":294,"column":0},"end":{"line":294,"column":null}},"12":{"start":{"line":297,"column":0},"end":{"line":297,"column":null}},"13":{"start":{"line":298,"column":0},"end":{"line":298,"column":null}},"14":{"start":{"line":299,"column":0},"end":{"line":299,"column":null}},"15":{"start":{"line":300,"column":0},"end":{"line":300,"column":null}},"16":{"start":{"line":301,"column":0},"end":{"line":301,"column":null}},"17":{"start":{"line":302,"column":0},"end":{"line":302,"column":null}},"18":{"start":{"line":303,"column":0},"end":{"line":303,"column":null}},"19":{"start":{"line":308,"column":0},"end":{"line":308,"column":null}},"20":{"start":{"line":313,"column":0},"end":{"line":315,"column":null}},"21":{"start":{"line":314,"column":0},"end":{"line":314,"column":null}},"22":{"start":{"line":320,"column":0},"end":{"line":327,"column":null}},"23":{"start":{"line":321,"column":0},"end":{"line":326,"column":null}},"24":{"start":{"line":322,"column":0},"end":{"line":322,"column":null}},"25":{"start":{"line":324,"column":0},"end":{"line":324,"column":null}},"26":{"start":{"line":325,"column":0},"end":{"line":325,"column":null}},"27":{"start":{"line":328,"column":0},"end":{"line":328,"column":null}},"28":{"start":{"line":329,"column":0},"end":{"line":329,"column":null}},"29":{"start":{"line":333,"column":0},"end":{"line":333,"column":null}},"30":{"start":{"line":334,"column":0},"end":{"line":334,"column":null}},"31":{"start":{"line":337,"column":0},"end":{"line":337,"column":null}},"32":{"start":{"line":338,"column":0},"end":{"line":338,"column":null}},"33":{"start":{"line":341,"column":0},"end":{"line":341,"column":null}},"34":{"start":{"line":342,"column":0},"end":{"line":342,"column":null}},"35":{"start":{"line":345,"column":0},"end":{"line":384,"column":null}},"36":{"start":{"line":346,"column":0},"end":{"line":349,"column":null}},"37":{"start":{"line":347,"column":0},"end":{"line":347,"column":null}},"38":{"start":{"line":348,"column":0},"end":{"line":348,"column":null}},"39":{"start":{"line":350,"column":0},"end":{"line":350,"column":null}},"40":{"start":{"line":351,"column":0},"end":{"line":351,"column":null}},"41":{"start":{"line":353,"column":0},"end":{"line":378,"column":null}},"42":{"start":{"line":359,"column":0},"end":{"line":359,"column":null}},"43":{"start":{"line":360,"column":0},"end":{"line":366,"column":null}},"44":{"start":{"line":361,"column":0},"end":{"line":365,"column":null}},"45":{"start":{"line":363,"column":0},"end":{"line":364,"column":null}},"46":{"start":{"line":368,"column":0},"end":{"line":372,"column":null}},"47":{"start":{"line":370,"column":0},"end":{"line":371,"column":null}},"48":{"start":{"line":373,"column":0},"end":{"line":373,"column":null}},"49":{"start":{"line":374,"column":0},"end":{"line":374,"column":null}},"50":{"start":{"line":377,"column":0},"end":{"line":377,"column":null}},"51":{"start":{"line":383,"column":0},"end":{"line":383,"column":null}},"52":{"start":{"line":387,"column":0},"end":{"line":427,"column":null}},"53":{"start":{"line":388,"column":0},"end":{"line":391,"column":null}},"54":{"start":{"line":389,"column":0},"end":{"line":389,"column":null}},"55":{"start":{"line":390,"column":0},"end":{"line":390,"column":null}},"56":{"start":{"line":392,"column":0},"end":{"line":392,"column":null}},"57":{"start":{"line":393,"column":0},"end":{"line":393,"column":null}},"58":{"start":{"line":395,"column":0},"end":{"line":421,"column":null}},"59":{"start":{"line":401,"column":0},"end":{"line":405,"column":null}},"60":{"start":{"line":403,"column":0},"end":{"line":404,"column":null}},"61":{"start":{"line":406,"column":0},"end":{"line":406,"column":null}},"62":{"start":{"line":407,"column":0},"end":{"line":407,"column":null}},"63":{"start":{"line":408,"column":0},"end":{"line":417,"column":null}},"64":{"start":{"line":416,"column":0},"end":{"line":416,"column":null}},"65":{"start":{"line":420,"column":0},"end":{"line":420,"column":null}},"66":{"start":{"line":426,"column":0},"end":{"line":426,"column":null}},"67":{"start":{"line":430,"column":0},"end":{"line":430,"column":null}},"68":{"start":{"line":431,"column":0},"end":{"line":441,"column":null}},"69":{"start":{"line":433,"column":0},"end":{"line":433,"column":null}},"70":{"start":{"line":434,"column":0},"end":{"line":434,"column":null}},"71":{"start":{"line":436,"column":0},"end":{"line":436,"column":null}},"72":{"start":{"line":437,"column":0},"end":{"line":437,"column":null}},"73":{"start":{"line":439,"column":0},"end":{"line":439,"column":null}},"74":{"start":{"line":440,"column":0},"end":{"line":440,"column":null}},"75":{"start":{"line":442,"column":0},"end":{"line":442,"column":null}},"76":{"start":{"line":445,"column":0},"end":{"line":445,"column":null}},"77":{"start":{"line":448,"column":0},"end":{"line":448,"column":null}},"78":{"start":{"line":449,"column":0},"end":{"line":449,"column":null}},"79":{"start":{"line":450,"column":0},"end":{"line":452,"column":null}},"80":{"start":{"line":451,"column":0},"end":{"line":451,"column":null}},"81":{"start":{"line":453,"column":0},"end":{"line":453,"column":null}},"82":{"start":{"line":456,"column":0},"end":{"line":472,"column":null}},"83":{"start":{"line":458,"column":0},"end":{"line":458,"column":null}},"84":{"start":{"line":459,"column":0},"end":{"line":459,"column":null}},"85":{"start":{"line":461,"column":0},"end":{"line":461,"column":null}},"86":{"start":{"line":462,"column":0},"end":{"line":462,"column":null}},"87":{"start":{"line":464,"column":0},"end":{"line":464,"column":null}},"88":{"start":{"line":465,"column":0},"end":{"line":465,"column":null}},"89":{"start":{"line":467,"column":0},"end":{"line":467,"column":null}},"90":{"start":{"line":468,"column":0},"end":{"line":468,"column":null}},"91":{"start":{"line":470,"column":0},"end":{"line":470,"column":null}},"92":{"start":{"line":471,"column":0},"end":{"line":471,"column":null}},"93":{"start":{"line":475,"column":0},"end":{"line":475,"column":null}},"94":{"start":{"line":478,"column":0},"end":{"line":478,"column":null}},"95":{"start":{"line":479,"column":0},"end":{"line":479,"column":null}},"96":{"start":{"line":481,"column":0},"end":{"line":481,"column":null}},"97":{"start":{"line":483,"column":0},"end":{"line":483,"column":null}},"98":{"start":{"line":484,"column":0},"end":{"line":484,"column":null}},"99":{"start":{"line":486,"column":0},"end":{"line":486,"column":null}},"100":{"start":{"line":487,"column":0},"end":{"line":487,"column":null}},"101":{"start":{"line":490,"column":0},"end":{"line":490,"column":null}},"102":{"start":{"line":491,"column":0},"end":{"line":491,"column":null}}},"fnMap":{"0":{"name":"(anonymous_0)","decl":{"start":{"line":260,"column":0},"end":{"line":260,"column":null}},"loc":{"start":{"line":260,"column":0},"end":{"line":270,"column":null}}},"1":{"name":"(anonymous_1)","decl":{"start":{"line":271,"column":0},"end":{"line":271,"column":null}},"loc":{"start":{"line":271,"column":0},"end":{"line":284,"column":null}}},"2":{"name":"(anonymous_2)","decl":{"start":{"line":274,"column":0},"end":{"line":274,"column":null}},"loc":{"start":{"line":274,"column":0},"end":{"line":283,"column":null}}},"3":{"name":"(anonymous_3)","decl":{"start":{"line":285,"column":0},"end":{"line":285,"column":null}},"loc":{"start":{"line":285,"column":0},"end":{"line":287,"column":null}}},"4":{"name":"(anonymous_4)","decl":{"start":{"line":294,"column":0},"end":{"line":294,"column":null}},"loc":{"start":{"line":294,"column":0},"end":{"line":294,"column":null}}},"5":{"name":"(anonymous_5)","decl":{"start":{"line":296,"column":0},"end":{"line":296,"column":null}},"loc":{"start":{"line":297,"column":0},"end":{"line":297,"column":null}}},"6":{"name":"(anonymous_6)","decl":{"start":{"line":298,"column":0},"end":{"line":298,"column":null}},"loc":{"start":{"line":298,"column":0},"end":{"line":298,"column":null}}},"7":{"name":"(anonymous_7)","decl":{"start":{"line":299,"column":0},"end":{"line":299,"column":null}},"loc":{"start":{"line":299,"column":0},"end":{"line":299,"column":null}}},"8":{"name":"(anonymous_8)","decl":{"start":{"line":300,"column":0},"end":{"line":300,"column":null}},"loc":{"start":{"line":300,"column":0},"end":{"line":300,"column":null}}},"9":{"name":"(anonymous_9)","decl":{"start":{"line":301,"column":0},"end":{"line":301,"column":null}},"loc":{"start":{"line":301,"column":0},"end":{"line":301,"column":null}}},"10":{"name":"(anonymous_10)","decl":{"start":{"line":302,"column":0},"end":{"line":302,"column":null}},"loc":{"start":{"line":302,"column":0},"end":{"line":302,"column":null}}},"11":{"name":"(anonymous_11)","decl":{"start":{"line":303,"column":0},"end":{"line":303,"column":null}},"loc":{"start":{"line":303,"column":0},"end":{"line":303,"column":null}}},"12":{"name":"(anonymous_12)","decl":{"start":{"line":307,"column":0},"end":{"line":307,"column":null}},"loc":{"start":{"line":307,"column":0},"end":{"line":311,"column":null}}},"13":{"name":"(anonymous_13)","decl":{"start":{"line":312,"column":0},"end":{"line":312,"column":null}},"loc":{"start":{"line":312,"column":0},"end":{"line":316,"column":null}}},"14":{"name":"(anonymous_14)","decl":{"start":{"line":313,"column":0},"end":{"line":313,"column":null}},"loc":{"start":{"line":313,"column":0},"end":{"line":315,"column":null}}},"15":{"name":"(anonymous_15)","decl":{"start":{"line":317,"column":0},"end":{"line":317,"column":null}},"loc":{"start":{"line":317,"column":0},"end":{"line":330,"column":null}}},"16":{"name":"(anonymous_16)","decl":{"start":{"line":325,"column":0},"end":{"line":325,"column":null}},"loc":{"start":{"line":325,"column":0},"end":{"line":325,"column":null}}},"17":{"name":"(anonymous_17)","decl":{"start":{"line":331,"column":0},"end":{"line":331,"column":null}},"loc":{"start":{"line":331,"column":0},"end":{"line":335,"column":null}}},"18":{"name":"(anonymous_18)","decl":{"start":{"line":336,"column":0},"end":{"line":336,"column":null}},"loc":{"start":{"line":336,"column":0},"end":{"line":339,"column":null}}},"19":{"name":"(anonymous_19)","decl":{"start":{"line":340,"column":0},"end":{"line":340,"column":null}},"loc":{"start":{"line":340,"column":0},"end":{"line":343,"column":null}}},"20":{"name":"(anonymous_20)","decl":{"start":{"line":344,"column":0},"end":{"line":344,"column":null}},"loc":{"start":{"line":344,"column":0},"end":{"line":385,"column":null}}},"21":{"name":"(anonymous_21)","decl":{"start":{"line":362,"column":0},"end":{"line":362,"column":null}},"loc":{"start":{"line":363,"column":0},"end":{"line":364,"column":null}}},"22":{"name":"(anonymous_22)","decl":{"start":{"line":369,"column":0},"end":{"line":369,"column":null}},"loc":{"start":{"line":370,"column":0},"end":{"line":371,"column":null}}},"23":{"name":"(anonymous_23)","decl":{"start":{"line":386,"column":0},"end":{"line":386,"column":null}},"loc":{"start":{"line":386,"column":0},"end":{"line":428,"column":null}}},"24":{"name":"(anonymous_24)","decl":{"start":{"line":402,"column":0},"end":{"line":402,"column":null}},"loc":{"start":{"line":403,"column":0},"end":{"line":404,"column":null}}},"25":{"name":"(anonymous_25)","decl":{"start":{"line":429,"column":0},"end":{"line":429,"column":null}},"loc":{"start":{"line":429,"column":0},"end":{"line":446,"column":null}}},"26":{"name":"(anonymous_26)","decl":{"start":{"line":447,"column":0},"end":{"line":447,"column":null}},"loc":{"start":{"line":447,"column":0},"end":{"line":476,"column":null}}},"27":{"name":"(anonymous_27)","decl":{"start":{"line":477,"column":0},"end":{"line":477,"column":null}},"loc":{"start":{"line":477,"column":0},"end":{"line":488,"column":null}}},"28":{"name":"(anonymous_28)","decl":{"start":{"line":489,"column":0},"end":{"line":489,"column":null}},"loc":{"start":{"line":489,"column":0},"end":{"line":492,"column":null}}}},"branchMap":{"0":{"loc":{"start":{"line":275,"column":0},"end":{"line":282,"column":null}},"type":"if","locations":[{"start":{"line":275,"column":0},"end":{"line":282,"column":null}},{"start":{"line":275,"column":0},"end":{"line":282,"column":null}}]},"1":{"loc":{"start":{"line":346,"column":0},"end":{"line":349,"column":null}},"type":"if","locations":[{"start":{"line":346,"column":0},"end":{"line":349,"column":null}},{"start":{"line":346,"column":0},"end":{"line":349,"column":null}}]},"2":{"loc":{"start":{"line":353,"column":0},"end":{"line":378,"column":null}},"type":"if","locations":[{"start":{"line":353,"column":0},"end":{"line":378,"column":null}},{"start":{"line":353,"column":0},"end":{"line":378,"column":null}}]},"3":{"loc":{"start":{"line":353,"column":0},"end":{"line":353,"column":null}},"type":"binary-expr","locations":[{"start":{"line":353,"column":0},"end":{"line":353,"column":null}},{"start":{"line":353,"column":0},"end":{"line":353,"column":null}},{"start":{"line":353,"column":0},"end":{"line":353,"column":null}}]},"4":{"loc":{"start":{"line":360,"column":0},"end":{"line":366,"column":null}},"type":"if","locations":[{"start":{"line":360,"column":0},"end":{"line":366,"column":null}},{"start":{"line":360,"column":0},"end":{"line":366,"column":null}}]},"5":{"loc":{"start":{"line":388,"column":0},"end":{"line":391,"column":null}},"type":"if","locations":[{"start":{"line":388,"column":0},"end":{"line":391,"column":null}},{"start":{"line":388,"column":0},"end":{"line":391,"column":null}}]},"6":{"loc":{"start":{"line":395,"column":0},"end":{"line":421,"column":null}},"type":"if","locations":[{"start":{"line":395,"column":0},"end":{"line":421,"column":null}},{"start":{"line":395,"column":0},"end":{"line":421,"column":null}}]},"7":{"loc":{"start":{"line":395,"column":0},"end":{"line":395,"column":null}},"type":"binary-expr","locations":[{"start":{"line":395,"column":0},"end":{"line":395,"column":null}},{"start":{"line":395,"column":0},"end":{"line":395,"column":null}},{"start":{"line":395,"column":0},"end":{"line":395,"column":null}}]},"8":{"loc":{"start":{"line":408,"column":0},"end":{"line":417,"column":null}},"type":"if","locations":[{"start":{"line":408,"column":0},"end":{"line":417,"column":null}},{"start":{"line":408,"column":0},"end":{"line":417,"column":null}}]},"9":{"loc":{"start":{"line":408,"column":0},"end":{"line":408,"column":null}},"type":"binary-expr","locations":[{"start":{"line":408,"column":0},"end":{"line":408,"column":null}},{"start":{"line":409,"column":0},"end":{"line":409,"column":null}}]},"10":{"loc":{"start":{"line":432,"column":0},"end":{"line":434,"column":null}},"type":"switch","locations":[{"start":{"line":432,"column":0},"end":{"line":434,"column":null}},{"start":{"line":435,"column":0},"end":{"line":437,"column":null}},{"start":{"line":438,"column":0},"end":{"line":440,"column":null}}]},"11":{"loc":{"start":{"line":450,"column":0},"end":{"line":452,"column":null}},"type":"if","locations":[{"start":{"line":450,"column":0},"end":{"line":452,"column":null}},{"start":{"line":450,"column":0},"end":{"line":452,"column":null}}]},"12":{"loc":{"start":{"line":457,"column":0},"end":{"line":459,"column":null}},"type":"switch","locations":[{"start":{"line":457,"column":0},"end":{"line":459,"column":null}},{"start":{"line":460,"column":0},"end":{"line":462,"column":null}},{"start":{"line":463,"column":0},"end":{"line":465,"column":null}},{"start":{"line":466,"column":0},"end":{"line":468,"column":null}},{"start":{"line":469,"column":0},"end":{"line":471,"column":null}}]}},"s":{"0":18,"1":18,"2":17,"3":17,"4":17,"5":69,"6":0,"7":0,"8":0,"9":0,"10":0,"11":0,"12":0,"13":0,"14":0,"15":17,"16":0,"17":0,"18":0,"19":0,"20":0,"21":0,"22":17,"23":22,"24":22,"25":22,"26":44,"27":0,"28":0,"29":17,"30":0,"31":0,"32":0,"33":17,"34":17,"35":17,"36":17,"37":17,"38":17,"39":17,"40":0,"41":0,"42":0,"43":0,"44":0,"45":0,"46":0,"47":0,"48":0,"49":0,"50":0,"51":0,"52":0,"53":0,"54":0,"55":0,"56":0,"57":0,"58":0,"59":0,"60":0,"61":0,"62":0,"63":0,"64":0,"65":0,"66":0,"67":0,"68":0,"69":0,"70":0,"71":0,"72":0,"73":0,"74":0,"75":0,"76":0,"77":0,"78":0,"79":0,"80":0,"81":0,"82":0,"83":0,"84":0,"85":0,"86":0,"87":0,"88":0,"89":0,"90":0,"91":0,"92":0,"93":0,"94":0,"95":0,"96":0,"97":0,"98":0,"99":0,"100":0,"101":0,"102":0},"f":{"0":17,"1":17,"2":69,"3":0,"4":0,"5":0,"6":0,"7":0,"8":17,"9":0,"10":0,"11":0,"12":0,"13":0,"14":0,"15":17,"16":22,"17":17,"18":0,"19":17,"20":17,"21":0,"22":0,"23":0,"24":0,"25":0,"26":0,"27":0,"28":0},"b":{"0":[0,69],"1":[17,0],"2":[0,0],"3":[0,0,0],"4":[0,0],"5":[0,0],"6":[0,0],"7":[0,0,0],"8":[0,0],"9":[0,0],"10":[0,0,0],"11":[0,0],"12":[0,0,0,0,0]}}
}
