{"/home/iamnwani/Desktop/OSS/ambianic-ui/src/App.vue": {"path":"/home/iamnwani/Desktop/OSS/ambianic-ui/src/App.vue","statementMap":{"0":{"start":{"line":19,"column":0},"end":{"line":19,"column":null}}},"fnMap":{},"branchMap":{},"s":{"0":1},"f":{},"b":{}}
,"/home/iamnwani/Desktop/OSS/ambianic-ui/src/config.js": {"path":"/home/iamnwani/Desktop/OSS/ambianic-ui/src/config.js","statementMap":{"0":{"start":{"line":2,"column":28},"end":{"line":11,"column":1}}},"fnMap":{},"branchMap":{},"s":{"0":9},"f":{},"b":{},"_coverageSchema":"1a1c01bbd47fc00a2c39e90264f33305004495a9","hash":"f736398e24908b95fe3a6539021e5c085d684bf1"}
,"/home/iamnwani/Desktop/OSS/ambianic-ui/src/auth/index.js": {"path":"/home/iamnwani/Desktop/OSS/ambianic-ui/src/auth/index.js","statementMap":{"0":{"start":{"line":10,"column":30},"end":{"line":14,"column":2}},"1":{"start":{"line":10,"column":42},"end":{"line":14,"column":2}},"2":{"start":{"line":16,"column":34},"end":{"line":17,"column":75}},"3":{"start":{"line":17,"column":2},"end":{"line":17,"column":75}},"4":{"start":{"line":21,"column":24},"end":{"line":122,"column":1}},"5":{"start":{"line":27,"column":2},"end":{"line":27,"column":31}},"6":{"start":{"line":27,"column":16},"end":{"line":27,"column":31}},"7":{"start":{"line":29,"column":2},"end":{"line":119,"column":4}},"8":{"start":{"line":31,"column":17},"end":{"line":33,"column":5}},"9":{"start":{"line":37,"column":8},"end":{"line":37,"column":27}},"10":{"start":{"line":38,"column":8},"end":{"line":60,"column":9}},"11":{"start":{"line":39,"column":10},"end":{"line":39,"column":57}},"12":{"start":{"line":41,"column":23},"end":{"line":41,"column":55}},"13":{"start":{"line":43,"column":10},"end":{"line":47,"column":12}},"14":{"start":{"line":49,"column":10},"end":{"line":49,"column":71}},"15":{"start":{"line":51,"column":10},"end":{"line":51,"column":24}},"16":{"start":{"line":53,"column":10},"end":{"line":57,"column":12}},"17":{"start":{"line":59,"column":10},"end":{"line":59,"column":30}},"18":{"start":{"line":63,"column":8},"end":{"line":63,"column":52}},"19":{"start":{"line":66,"column":8},"end":{"line":70,"column":10}},"20":{"start":{"line":72,"column":8},"end":{"line":72,"column":41}},"21":{"start":{"line":75,"column":8},"end":{"line":102,"column":9}},"22":{"start":{"line":76,"column":10},"end":{"line":83,"column":11}},"23":{"start":{"line":80,"column":33},"end":{"line":80,"column":80}},"24":{"start":{"line":81,"column":12},"end":{"line":81,"column":29}},"25":{"start":{"line":82,"column":12},"end":{"line":82,"column":40}},"26":{"start":{"line":85,"column":10},"end":{"line":85,"column":24}},"27":{"start":{"line":87,"column":10},"end":{"line":101,"column":11}},"28":{"start":{"line":88,"column":12},"end":{"line":88,"column":75}},"29":{"start":{"line":90,"column":25},"end":{"line":90,"column":57}},"30":{"start":{"line":92,"column":12},"end":{"line":96,"column":14}},"31":{"start":{"line":98,"column":12},"end":{"line":98,"column":81}},"32":{"start":{"line":100,"column":12},"end":{"line":100,"column":63}},"33":{"start":{"line":106,"column":6},"end":{"line":117,"column":7}},"34":{"start":{"line":107,"column":8},"end":{"line":112,"column":10}},"35":{"start":{"line":114,"column":8},"end":{"line":114,"column":51}},"36":{"start":{"line":116,"column":8},"end":{"line":116,"column":37}},"37":{"start":{"line":121,"column":2},"end":{"line":121,"column":17}},"38":{"start":{"line":124,"column":27},"end":{"line":128,"column":1}},"39":{"start":{"line":126,"column":4},"end":{"line":126,"column":43}}},"fnMap":{"0":{"name":"(anonymous_0)","decl":{"start":{"line":10,"column":30},"end":{"line":10,"column":31}},"loc":{"start":{"line":10,"column":42},"end":{"line":14,"column":2}},"line":10},"1":{"name":"(anonymous_1)","decl":{"start":{"line":16,"column":34},"end":{"line":16,"column":35}},"loc":{"start":{"line":17,"column":2},"end":{"line":17,"column":75}},"line":17},"2":{"name":"(anonymous_2)","decl":{"start":{"line":21,"column":24},"end":{"line":21,"column":25}},"loc":{"start":{"line":26,"column":6},"end":{"line":122,"column":1}},"line":26},"3":{"name":"(anonymous_3)","decl":{"start":{"line":31,"column":10},"end":{"line":31,"column":11}},"loc":{"start":{"line":31,"column":17},"end":{"line":33,"column":5}},"line":31},"4":{"name":"(anonymous_4)","decl":{"start":{"line":36,"column":6},"end":{"line":36,"column":7}},"loc":{"start":{"line":36,"column":38},"end":{"line":61,"column":7}},"line":36},"5":{"name":"(anonymous_5)","decl":{"start":{"line":62,"column":6},"end":{"line":62,"column":7}},"loc":{"start":{"line":62,"column":28},"end":{"line":64,"column":7}},"line":62},"6":{"name":"(anonymous_6)","decl":{"start":{"line":65,"column":6},"end":{"line":65,"column":7}},"loc":{"start":{"line":65,"column":23},"end":{"line":73,"column":7}},"line":65},"7":{"name":"(anonymous_7)","decl":{"start":{"line":74,"column":6},"end":{"line":74,"column":7}},"loc":{"start":{"line":74,"column":32},"end":{"line":103,"column":7}},"line":74},"8":{"name":"(anonymous_8)","decl":{"start":{"line":105,"column":4},"end":{"line":105,"column":5}},"loc":{"start":{"line":105,"column":21},"end":{"line":118,"column":5}},"line":105},"9":{"name":"(anonymous_9)","decl":{"start":{"line":125,"column":2},"end":{"line":125,"column":3}},"loc":{"start":{"line":125,"column":25},"end":{"line":127,"column":3}},"line":125}},"branchMap":{"0":{"loc":{"start":{"line":22,"column":2},"end":{"line":22,"column":48}},"type":"default-arg","locations":[{"start":{"line":22,"column":23},"end":{"line":22,"column":48}}],"line":22},"1":{"loc":{"start":{"line":23,"column":2},"end":{"line":23,"column":38}},"type":"default-arg","locations":[{"start":{"line":23,"column":16},"end":{"line":23,"column":38}}],"line":23},"2":{"loc":{"start":{"line":24,"column":2},"end":{"line":24,"column":11}},"type":"default-arg","locations":[{"start":{"line":24,"column":9},"end":{"line":24,"column":11}}],"line":24},"3":{"loc":{"start":{"line":27,"column":2},"end":{"line":27,"column":31}},"type":"if","locations":[{"start":{"line":27,"column":2},"end":{"line":27,"column":31}},{"start":{"line":27,"column":2},"end":{"line":27,"column":31}}],"line":27},"4":{"loc":{"start":{"line":76,"column":10},"end":{"line":83,"column":11}},"type":"if","locations":[{"start":{"line":76,"column":10},"end":{"line":83,"column":11}},{"start":{"line":76,"column":10},"end":{"line":83,"column":11}}],"line":76},"5":{"loc":{"start":{"line":77,"column":12},"end":{"line":78,"column":55}},"type":"binary-expr","locations":[{"start":{"line":77,"column":12},"end":{"line":77,"column":52}},{"start":{"line":78,"column":14},"end":{"line":78,"column":55}}],"line":77},"6":{"loc":{"start":{"line":87,"column":10},"end":{"line":101,"column":11}},"type":"if","locations":[{"start":{"line":87,"column":10},"end":{"line":101,"column":11}},{"start":{"line":87,"column":10},"end":{"line":101,"column":11}}],"line":87},"7":{"loc":{"start":{"line":95,"column":31},"end":{"line":95,"column":43}},"type":"binary-expr","locations":[{"start":{"line":95,"column":31},"end":{"line":95,"column":35}},{"start":{"line":95,"column":39},"end":{"line":95,"column":43}}],"line":95},"8":{"loc":{"start":{"line":98,"column":64},"end":{"line":98,"column":80}},"type":"binary-expr","locations":[{"start":{"line":98,"column":64},"end":{"line":98,"column":68}},{"start":{"line":98,"column":72},"end":{"line":98,"column":80}}],"line":98}},"s":{"0":4,"1":0,"2":4,"3":0,"4":4,"5":4,"6":0,"7":4,"8":4,"9":2,"10":2,"11":2,"12":1,"13":1,"14":1,"15":1,"16":1,"17":2,"18":1,"19":1,"20":1,"21":5,"22":5,"23":5,"24":1,"25":1,"26":4,"27":5,"28":1,"29":1,"30":1,"31":1,"32":4,"33":4,"34":4,"35":4,"36":4,"37":4,"38":4,"39":4},"f":{"0":0,"1":0,"2":4,"3":4,"4":2,"5":1,"6":1,"7":5,"8":4,"9":4},"b":{"0":[2],"1":[4],"2":[4],"3":[0,4],"4":[5,0],"5":[5,5],"6":[1,4],"7":[1,1],"8":[1,1]},"_coverageSchema":"1a1c01bbd47fc00a2c39e90264f33305004495a9","hash":"dbd5ddc1e9f37007c416308d06e73ff71aae9342"}
,"/home/iamnwani/Desktop/OSS/ambianic-ui/src/components/AppFrame.vue": {"path":"/home/iamnwani/Desktop/OSS/ambianic-ui/src/components/AppFrame.vue","statementMap":{"0":{"start":{"line":29,"column":0},"end":{"line":29,"column":null}},"1":{"start":{"line":34,"column":0},"end":{"line":34,"column":null}},"2":{"start":{"line":36,"column":0},"end":{"line":36,"column":null}}},"fnMap":{"0":{"name":"(anonymous_1)","decl":{"start":{"line":34,"column":0},"end":{"line":34,"column":null}},"loc":{"start":{"line":34,"column":0},"end":{"line":34,"column":null}}},"1":{"name":"(anonymous_3)","decl":{"start":{"line":36,"column":0},"end":{"line":36,"column":null}},"loc":{"start":{"line":36,"column":0},"end":{"line":36,"column":null}}}},"branchMap":{},"s":{"0":1,"1":0,"2":0},"f":{"0":0,"1":0},"b":{}}
,"/home/iamnwani/Desktop/OSS/ambianic-ui/src/components/DetectionBoxes.vue": {"path":"/home/iamnwani/Desktop/OSS/ambianic-ui/src/components/DetectionBoxes.vue","statementMap":{"0":{"start":{"line":43,"column":0},"end":{"line":43,"column":null}},"1":{"start":{"line":44,"column":0},"end":{"line":44,"column":null}},"2":{"start":{"line":45,"column":0},"end":{"line":45,"column":null}},"3":{"start":{"line":47,"column":0},"end":{"line":47,"column":null}},"4":{"start":{"line":52,"column":0},"end":{"line":52,"column":null}},"5":{"start":{"line":62,"column":0},"end":{"line":62,"column":null}},"6":{"start":{"line":73,"column":0},"end":{"line":73,"column":null}},"7":{"start":{"line":75,"column":0},"end":{"line":77,"column":null}},"8":{"start":{"line":76,"column":0},"end":{"line":76,"column":null}},"9":{"start":{"line":86,"column":0},"end":{"line":86,"column":null}},"10":{"start":{"line":87,"column":0},"end":{"line":87,"column":null}},"11":{"start":{"line":90,"column":0},"end":{"line":90,"column":null}},"12":{"start":{"line":91,"column":0},"end":{"line":91,"column":null}},"13":{"start":{"line":96,"column":0},"end":{"line":96,"column":null}}},"fnMap":{"0":{"name":"(anonymous_1)","decl":{"start":{"line":51,"column":0},"end":{"line":51,"column":null}},"loc":{"start":{"line":51,"column":0},"end":{"line":58,"column":null}}},"1":{"name":"(anonymous_2)","decl":{"start":{"line":62,"column":0},"end":{"line":62,"column":null}},"loc":{"start":{"line":62,"column":0},"end":{"line":62,"column":null}}},"2":{"name":"(anonymous_3)","decl":{"start":{"line":68,"column":0},"end":{"line":68,"column":null}},"loc":{"start":{"line":68,"column":0},"end":{"line":70,"column":null}}},"3":{"name":"(anonymous_4)","decl":{"start":{"line":72,"column":0},"end":{"line":72,"column":null}},"loc":{"start":{"line":72,"column":0},"end":{"line":93,"column":null}}},"4":{"name":"(anonymous_5)","decl":{"start":{"line":94,"column":0},"end":{"line":94,"column":null}},"loc":{"start":{"line":94,"column":0},"end":{"line":97,"column":null}}}},"branchMap":{"0":{"loc":{"start":{"line":75,"column":0},"end":{"line":77,"column":null}},"type":"if","locations":[{"start":{"line":75,"column":0},"end":{"line":77,"column":null}},{"start":{"line":75,"column":0},"end":{"line":77,"column":null}}]}},"s":{"0":1,"1":1,"2":1,"3":1,"4":0,"5":0,"6":0,"7":0,"8":0,"9":0,"10":0,"11":0,"12":0,"13":0},"f":{"0":0,"1":0,"2":0,"3":0,"4":0},"b":{"0":[0,0]}}
,"/home/iamnwani/Desktop/OSS/ambianic-ui/src/components/NavBar.vue": {"path":"/home/iamnwani/Desktop/OSS/ambianic-ui/src/components/NavBar.vue","statementMap":{"0":{"start":{"line":172,"column":0},"end":{"line":172,"column":null}},"1":{"start":{"line":173,"column":0},"end":{"line":173,"column":null}},"2":{"start":{"line":180,"column":0},"end":{"line":180,"column":null}},"3":{"start":{"line":181,"column":0},"end":{"line":181,"column":null}},"4":{"start":{"line":183,"column":0},"end":{"line":183,"column":null}},"5":{"start":{"line":232,"column":0},"end":{"line":232,"column":null}},"6":{"start":{"line":233,"column":0},"end":{"line":233,"column":null}}},"fnMap":{"0":{"name":"(anonymous_1)","decl":{"start":{"line":180,"column":0},"end":{"line":180,"column":null}},"loc":{"start":{"line":180,"column":0},"end":{"line":180,"column":null}}},"1":{"name":"(anonymous_3)","decl":{"start":{"line":181,"column":0},"end":{"line":181,"column":null}},"loc":{"start":{"line":181,"column":0},"end":{"line":181,"column":null}}},"2":{"name":"(anonymous_5)","decl":{"start":{"line":183,"column":0},"end":{"line":183,"column":null}},"loc":{"start":{"line":183,"column":0},"end":{"line":183,"column":null}}},"3":{"name":"(anonymous_6)","decl":{"start":{"line":231,"column":0},"end":{"line":231,"column":null}},"loc":{"start":{"line":231,"column":0},"end":{"line":234,"column":null}}}},"branchMap":{},"s":{"0":2,"1":2,"2":2,"3":2,"4":3,"5":3,"6":3},"f":{"0":2,"1":2,"2":3,"3":3},"b":{}}
,"/home/iamnwani/Desktop/OSS/ambianic-ui/src/components/UpdateNotification.vue": {"path":"/home/iamnwani/Desktop/OSS/ambianic-ui/src/components/UpdateNotification.vue","statementMap":{"0":{"start":{"line":21,"column":0},"end":{"line":21,"column":null}},"1":{"start":{"line":27,"column":0},"end":{"line":27,"column":null}},"2":{"start":{"line":32,"column":0},"end":{"line":33,"column":null}},"3":{"start":{"line":35,"column":0},"end":{"line":35,"column":null}}},"fnMap":{"0":{"name":"(anonymous_1)","decl":{"start":{"line":27,"column":0},"end":{"line":27,"column":null}},"loc":{"start":{"line":27,"column":0},"end":{"line":27,"column":null}}},"1":{"name":"(anonymous_2)","decl":{"start":{"line":31,"column":0},"end":{"line":31,"column":null}},"loc":{"start":{"line":31,"column":0},"end":{"line":36,"column":null}}}},"branchMap":{},"s":{"0":1,"1":0,"2":0,"3":0},"f":{"0":0,"1":0},"b":{}}
,"/home/iamnwani/Desktop/OSS/ambianic-ui/src/components/authBarMenu.vue": {"path":"/home/iamnwani/Desktop/OSS/ambianic-ui/src/components/authBarMenu.vue","statementMap":{"0":{"start":{"line":285,"column":0},"end":{"line":285,"column":null}},"1":{"start":{"line":286,"column":0},"end":{"line":286,"column":null}},"2":{"start":{"line":289,"column":0},"end":{"line":289,"column":null}},"3":{"start":{"line":291,"column":0},"end":{"line":291,"column":null}},"4":{"start":{"line":296,"column":0},"end":{"line":299,"column":null}},"5":{"start":{"line":298,"column":0},"end":{"line":298,"column":null}},"6":{"start":{"line":301,"column":0},"end":{"line":301,"column":null}},"7":{"start":{"line":325,"column":0},"end":{"line":325,"column":null}},"8":{"start":{"line":326,"column":0},"end":{"line":326,"column":null}},"9":{"start":{"line":329,"column":0},"end":{"line":336,"column":null}},"10":{"start":{"line":330,"column":0},"end":{"line":330,"column":null}},"11":{"start":{"line":331,"column":0},"end":{"line":333,"column":null}},"12":{"start":{"line":332,"column":0},"end":{"line":332,"column":null}},"13":{"start":{"line":341,"column":0},"end":{"line":341,"column":null}},"14":{"start":{"line":344,"column":0},"end":{"line":344,"column":null}},"15":{"start":{"line":346,"column":0},"end":{"line":346,"column":null}},"16":{"start":{"line":348,"column":0},"end":{"line":348,"column":null}},"17":{"start":{"line":351,"column":0},"end":{"line":351,"column":null}},"18":{"start":{"line":352,"column":0},"end":{"line":352,"column":null}},"19":{"start":{"line":355,"column":0},"end":{"line":355,"column":null}},"20":{"start":{"line":357,"column":0},"end":{"line":359,"column":null}},"21":{"start":{"line":369,"column":0},"end":{"line":369,"column":null}},"22":{"start":{"line":372,"column":0},"end":{"line":372,"column":null}},"23":{"start":{"line":373,"column":0},"end":{"line":373,"column":null}},"24":{"start":{"line":376,"column":0},"end":{"line":376,"column":null}},"25":{"start":{"line":379,"column":0},"end":{"line":379,"column":null}},"26":{"start":{"line":384,"column":0},"end":{"line":384,"column":null}},"27":{"start":{"line":389,"column":0},"end":{"line":389,"column":null}},"28":{"start":{"line":390,"column":0},"end":{"line":390,"column":null}},"29":{"start":{"line":391,"column":0},"end":{"line":391,"column":null}},"30":{"start":{"line":392,"column":0},"end":{"line":392,"column":null}},"31":{"start":{"line":393,"column":0},"end":{"line":393,"column":null}},"32":{"start":{"line":398,"column":0},"end":{"line":416,"column":null}},"33":{"start":{"line":399,"column":0},"end":{"line":399,"column":null}},"34":{"start":{"line":400,"column":0},"end":{"line":400,"column":null}},"35":{"start":{"line":402,"column":0},"end":{"line":402,"column":null}},"36":{"start":{"line":403,"column":0},"end":{"line":403,"column":null}},"37":{"start":{"line":404,"column":0},"end":{"line":404,"column":null}},"38":{"start":{"line":406,"column":0},"end":{"line":406,"column":null}},"39":{"start":{"line":407,"column":0},"end":{"line":415,"column":null}},"40":{"start":{"line":408,"column":0},"end":{"line":408,"column":null}},"41":{"start":{"line":409,"column":0},"end":{"line":411,"column":null}},"42":{"start":{"line":410,"column":0},"end":{"line":410,"column":null}},"43":{"start":{"line":414,"column":0},"end":{"line":414,"column":null}}},"fnMap":{"0":{"name":"(anonymous_1)","decl":{"start":{"line":295,"column":0},"end":{"line":295,"column":null}},"loc":{"start":{"line":295,"column":0},"end":{"line":300,"column":null}}},"1":{"name":"(anonymous_2)","decl":{"start":{"line":301,"column":0},"end":{"line":301,"column":null}},"loc":{"start":{"line":301,"column":0},"end":{"line":301,"column":null}}},"2":{"name":"(anonymous_3)","decl":{"start":{"line":325,"column":0},"end":{"line":325,"column":null}},"loc":{"start":{"line":325,"column":0},"end":{"line":325,"column":null}}},"3":{"name":"(anonymous_5)","decl":{"start":{"line":326,"column":0},"end":{"line":326,"column":null}},"loc":{"start":{"line":326,"column":0},"end":{"line":326,"column":null}}},"4":{"name":"(anonymous_7)","decl":{"start":{"line":328,"column":0},"end":{"line":328,"column":null}},"loc":{"start":{"line":328,"column":0},"end":{"line":337,"column":null}}},"5":{"name":"(anonymous_8)","decl":{"start":{"line":340,"column":0},"end":{"line":340,"column":null}},"loc":{"start":{"line":340,"column":0},"end":{"line":342,"column":null}}},"6":{"name":"(anonymous_9)","decl":{"start":{"line":343,"column":0},"end":{"line":343,"column":null}},"loc":{"start":{"line":343,"column":0},"end":{"line":349,"column":null}}},"7":{"name":"(anonymous_10)","decl":{"start":{"line":350,"column":0},"end":{"line":350,"column":null}},"loc":{"start":{"line":350,"column":0},"end":{"line":353,"column":null}}},"8":{"name":"(anonymous_11)","decl":{"start":{"line":354,"column":0},"end":{"line":354,"column":null}},"loc":{"start":{"line":354,"column":0},"end":{"line":370,"column":null}}},"9":{"name":"(anonymous_12)","decl":{"start":{"line":371,"column":0},"end":{"line":371,"column":null}},"loc":{"start":{"line":371,"column":0},"end":{"line":374,"column":null}}},"10":{"name":"(anonymous_13)","decl":{"start":{"line":375,"column":0},"end":{"line":375,"column":null}},"loc":{"start":{"line":375,"column":0},"end":{"line":377,"column":null}}},"11":{"name":"(anonymous_14)","decl":{"start":{"line":378,"column":0},"end":{"line":378,"column":null}},"loc":{"start":{"line":378,"column":0},"end":{"line":382,"column":null}}},"12":{"name":"(anonymous_15)","decl":{"start":{"line":383,"column":0},"end":{"line":383,"column":null}},"loc":{"start":{"line":383,"column":0},"end":{"line":385,"column":null}}},"13":{"name":"(anonymous_16)","decl":{"start":{"line":389,"column":0},"end":{"line":389,"column":null}},"loc":{"start":{"line":389,"column":0},"end":{"line":389,"column":null}}},"14":{"name":"(anonymous_17)","decl":{"start":{"line":390,"column":0},"end":{"line":390,"column":null}},"loc":{"start":{"line":390,"column":0},"end":{"line":390,"column":null}}},"15":{"name":"(anonymous_18)","decl":{"start":{"line":391,"column":0},"end":{"line":391,"column":null}},"loc":{"start":{"line":391,"column":0},"end":{"line":391,"column":null}}},"16":{"name":"(anonymous_19)","decl":{"start":{"line":392,"column":0},"end":{"line":392,"column":null}},"loc":{"start":{"line":392,"column":0},"end":{"line":392,"column":null}}},"17":{"name":"(anonymous_20)","decl":{"start":{"line":393,"column":0},"end":{"line":393,"column":null}},"loc":{"start":{"line":393,"column":0},"end":{"line":393,"column":null}}},"18":{"name":"(anonymous_21)","decl":{"start":{"line":397,"column":0},"end":{"line":397,"column":null}},"loc":{"start":{"line":397,"column":0},"end":{"line":417,"column":null}}}},"branchMap":{"0":{"loc":{"start":{"line":331,"column":0},"end":{"line":333,"column":null}},"type":"if","locations":[{"start":{"line":331,"column":0},"end":{"line":333,"column":null}},{"start":{"line":331,"column":0},"end":{"line":333,"column":null}}]},"1":{"loc":{"start":{"line":398,"column":0},"end":{"line":416,"column":null}},"type":"if","locations":[{"start":{"line":398,"column":0},"end":{"line":416,"column":null}},{"start":{"line":398,"column":0},"end":{"line":416,"column":null}}]},"2":{"loc":{"start":{"line":409,"column":0},"end":{"line":411,"column":null}},"type":"if","locations":[{"start":{"line":409,"column":0},"end":{"line":411,"column":null}},{"start":{"line":409,"column":0},"end":{"line":411,"column":null}}]}},"s":{"0":3,"1":3,"2":3,"3":3,"4":18,"5":18,"6":18,"7":6,"8":6,"9":18,"10":18,"11":18,"12":1,"13":0,"14":1,"15":1,"16":1,"17":1,"18":1,"19":1,"20":1,"21":1,"22":1,"23":1,"24":3,"25":0,"26":2,"27":22,"28":13,"29":14,"30":27,"31":17,"32":4,"33":4,"34":4,"35":3,"36":3,"37":3,"38":3,"39":3,"40":3,"41":3,"42":1,"43":2},"f":{"0":18,"1":18,"2":6,"3":6,"4":18,"5":0,"6":1,"7":1,"8":1,"9":1,"10":3,"11":0,"12":2,"13":22,"14":13,"15":14,"16":27,"17":17,"18":4},"b":{"0":[1,0],"1":[4,0],"2":[1,0]}}
,"/home/iamnwani/Desktop/OSS/ambianic-ui/src/components/edge-auth0-sync.vue": {"path":"/home/iamnwani/Desktop/OSS/ambianic-ui/src/components/edge-auth0-sync.vue","statementMap":{"0":{"start":{"line":135,"column":0},"end":{"line":135,"column":null}},"1":{"start":{"line":136,"column":0},"end":{"line":136,"column":null}},"2":{"start":{"line":140,"column":0},"end":{"line":140,"column":null}},"3":{"start":{"line":141,"column":0},"end":{"line":141,"column":null}},"4":{"start":{"line":145,"column":0},"end":{"line":145,"column":null}},"5":{"start":{"line":151,"column":0},"end":{"line":151,"column":null}},"6":{"start":{"line":152,"column":0},"end":{"line":152,"column":null}},"7":{"start":{"line":154,"column":0},"end":{"line":154,"column":null}},"8":{"start":{"line":155,"column":0},"end":{"line":155,"column":null}},"9":{"start":{"line":156,"column":0},"end":{"line":156,"column":null}},"10":{"start":{"line":160,"column":0},"end":{"line":160,"column":null}},"11":{"start":{"line":161,"column":0},"end":{"line":163,"column":null}},"12":{"start":{"line":162,"column":0},"end":{"line":162,"column":null}},"13":{"start":{"line":168,"column":0},"end":{"line":168,"column":null}},"14":{"start":{"line":170,"column":0},"end":{"line":170,"column":null}},"15":{"start":{"line":173,"column":0},"end":{"line":180,"column":null}},"16":{"start":{"line":174,"column":0},"end":{"line":174,"column":null}},"17":{"start":{"line":175,"column":0},"end":{"line":175,"column":null}},"18":{"start":{"line":177,"column":0},"end":{"line":177,"column":null}},"19":{"start":{"line":179,"column":0},"end":{"line":179,"column":null}},"20":{"start":{"line":182,"column":0},"end":{"line":182,"column":null}},"21":{"start":{"line":185,"column":0},"end":{"line":192,"column":null}},"22":{"start":{"line":186,"column":0},"end":{"line":186,"column":null}},"23":{"start":{"line":189,"column":0},"end":{"line":189,"column":null}},"24":{"start":{"line":191,"column":0},"end":{"line":191,"column":null}},"25":{"start":{"line":195,"column":0},"end":{"line":200,"column":null}},"26":{"start":{"line":196,"column":0},"end":{"line":196,"column":null}},"27":{"start":{"line":198,"column":0},"end":{"line":198,"column":null}},"28":{"start":{"line":199,"column":0},"end":{"line":199,"column":null}},"29":{"start":{"line":211,"column":0},"end":{"line":214,"column":null}},"30":{"start":{"line":212,"column":0},"end":{"line":212,"column":null}},"31":{"start":{"line":213,"column":0},"end":{"line":213,"column":null}},"32":{"start":{"line":218,"column":0},"end":{"line":218,"column":null}}},"fnMap":{"0":{"name":"(anonymous_1)","decl":{"start":{"line":145,"column":0},"end":{"line":145,"column":null}},"loc":{"start":{"line":145,"column":0},"end":{"line":145,"column":null}}},"1":{"name":"(anonymous_2)","decl":{"start":{"line":151,"column":0},"end":{"line":151,"column":null}},"loc":{"start":{"line":151,"column":0},"end":{"line":151,"column":null}}},"2":{"name":"(anonymous_3)","decl":{"start":{"line":152,"column":0},"end":{"line":152,"column":null}},"loc":{"start":{"line":152,"column":0},"end":{"line":152,"column":null}}},"3":{"name":"(anonymous_4)","decl":{"start":{"line":154,"column":0},"end":{"line":154,"column":null}},"loc":{"start":{"line":154,"column":0},"end":{"line":154,"column":null}}},"4":{"name":"(anonymous_5)","decl":{"start":{"line":155,"column":0},"end":{"line":155,"column":null}},"loc":{"start":{"line":155,"column":0},"end":{"line":155,"column":null}}},"5":{"name":"(anonymous_6)","decl":{"start":{"line":156,"column":0},"end":{"line":156,"column":null}},"loc":{"start":{"line":156,"column":0},"end":{"line":156,"column":null}}},"6":{"name":"(anonymous_7)","decl":{"start":{"line":159,"column":0},"end":{"line":159,"column":null}},"loc":{"start":{"line":159,"column":0},"end":{"line":164,"column":null}}},"7":{"name":"(anonymous_8)","decl":{"start":{"line":167,"column":0},"end":{"line":167,"column":null}},"loc":{"start":{"line":167,"column":0},"end":{"line":171,"column":null}}},"8":{"name":"(anonymous_9)","decl":{"start":{"line":172,"column":0},"end":{"line":172,"column":null}},"loc":{"start":{"line":172,"column":0},"end":{"line":183,"column":null}}},"9":{"name":"(anonymous_10)","decl":{"start":{"line":184,"column":0},"end":{"line":184,"column":null}},"loc":{"start":{"line":184,"column":0},"end":{"line":193,"column":null}}},"10":{"name":"(anonymous_11)","decl":{"start":{"line":194,"column":0},"end":{"line":194,"column":null}},"loc":{"start":{"line":194,"column":0},"end":{"line":201,"column":null}}},"11":{"name":"(anonymous_12)","decl":{"start":{"line":210,"column":0},"end":{"line":210,"column":null}},"loc":{"start":{"line":210,"column":0},"end":{"line":215,"column":null}}},"12":{"name":"(anonymous_13)","decl":{"start":{"line":217,"column":0},"end":{"line":217,"column":null}},"loc":{"start":{"line":217,"column":0},"end":{"line":219,"column":null}}}},"branchMap":{"0":{"loc":{"start":{"line":161,"column":0},"end":{"line":163,"column":null}},"type":"if","locations":[{"start":{"line":161,"column":0},"end":{"line":163,"column":null}},{"start":{"line":161,"column":0},"end":{"line":163,"column":null}}]},"1":{"loc":{"start":{"line":195,"column":0},"end":{"line":200,"column":null}},"type":"if","locations":[{"start":{"line":195,"column":0},"end":{"line":200,"column":null}},{"start":{"line":195,"column":0},"end":{"line":200,"column":null}}]},"2":{"loc":{"start":{"line":211,"column":0},"end":{"line":214,"column":null}},"type":"if","locations":[{"start":{"line":211,"column":0},"end":{"line":214,"column":null}},{"start":{"line":211,"column":0},"end":{"line":214,"column":null}}]}},"s":{"0":4,"1":4,"2":4,"3":4,"4":26,"5":30,"6":30,"7":26,"8":3,"9":30,"10":26,"11":26,"12":2,"13":0,"14":0,"15":6,"16":6,"17":5,"18":5,"19":5,"20":6,"21":10,"22":10,"23":8,"24":2,"25":13,"26":4,"27":9,"28":9,"29":3,"30":3,"31":3,"32":4},"f":{"0":26,"1":30,"2":30,"3":26,"4":3,"5":30,"6":26,"7":0,"8":6,"9":10,"10":13,"11":3,"12":4},"b":{"0":[2,23],"1":[4,9],"2":[3,0]}}
,"/home/iamnwani/Desktop/OSS/ambianic-ui/src/components/subscriptionDialog.vue": {"path":"/home/iamnwani/Desktop/OSS/ambianic-ui/src/components/subscriptionDialog.vue","statementMap":{"0":{"start":{"line":182,"column":0},"end":{"line":182,"column":null}},"1":{"start":{"line":185,"column":0},"end":{"line":185,"column":null}},"2":{"start":{"line":186,"column":0},"end":{"line":186,"column":null}},"3":{"start":{"line":190,"column":0},"end":{"line":190,"column":null}},"4":{"start":{"line":203,"column":0},"end":{"line":203,"column":null}},"5":{"start":{"line":209,"column":0},"end":{"line":209,"column":null}},"6":{"start":{"line":212,"column":0},"end":{"line":212,"column":null}},"7":{"start":{"line":214,"column":0},"end":{"line":241,"column":null}},"8":{"start":{"line":215,"column":0},"end":{"line":215,"column":null}},"9":{"start":{"line":229,"column":0},"end":{"line":235,"column":null}},"10":{"start":{"line":230,"column":0},"end":{"line":230,"column":null}},"11":{"start":{"line":231,"column":0},"end":{"line":231,"column":null}},"12":{"start":{"line":233,"column":0},"end":{"line":233,"column":null}},"13":{"start":{"line":234,"column":0},"end":{"line":234,"column":null}},"14":{"start":{"line":237,"column":0},"end":{"line":237,"column":null}},"15":{"start":{"line":238,"column":0},"end":{"line":238,"column":null}},"16":{"start":{"line":240,"column":0},"end":{"line":240,"column":null}},"17":{"start":{"line":244,"column":0},"end":{"line":245,"column":null}},"18":{"start":{"line":257,"column":0},"end":{"line":257,"column":null}},"19":{"start":{"line":258,"column":0},"end":{"line":258,"column":null}},"20":{"start":{"line":259,"column":0},"end":{"line":259,"column":null}},"21":{"start":{"line":260,"column":0},"end":{"line":260,"column":null}},"22":{"start":{"line":265,"column":0},"end":{"line":265,"column":null}},"23":{"start":{"line":266,"column":0},"end":{"line":266,"column":null}},"24":{"start":{"line":271,"column":0},"end":{"line":271,"column":null}}},"fnMap":{"0":{"name":"(anonymous_1)","decl":{"start":{"line":190,"column":0},"end":{"line":190,"column":null}},"loc":{"start":{"line":190,"column":0},"end":{"line":190,"column":null}}},"1":{"name":"(anonymous_2)","decl":{"start":{"line":203,"column":0},"end":{"line":203,"column":null}},"loc":{"start":{"line":203,"column":0},"end":{"line":203,"column":null}}},"2":{"name":"(anonymous_3)","decl":{"start":{"line":208,"column":0},"end":{"line":208,"column":null}},"loc":{"start":{"line":208,"column":0},"end":{"line":210,"column":null}}},"3":{"name":"(anonymous_4)","decl":{"start":{"line":211,"column":0},"end":{"line":211,"column":null}},"loc":{"start":{"line":211,"column":0},"end":{"line":242,"column":null}}},"4":{"name":"(anonymous_5)","decl":{"start":{"line":243,"column":0},"end":{"line":243,"column":null}},"loc":{"start":{"line":243,"column":0},"end":{"line":261,"column":null}}},"5":{"name":"(anonymous_6)","decl":{"start":{"line":265,"column":0},"end":{"line":265,"column":null}},"loc":{"start":{"line":265,"column":0},"end":{"line":265,"column":null}}},"6":{"name":"(anonymous_7)","decl":{"start":{"line":266,"column":0},"end":{"line":266,"column":null}},"loc":{"start":{"line":266,"column":0},"end":{"line":266,"column":null}}},"7":{"name":"(anonymous_8)","decl":{"start":{"line":270,"column":0},"end":{"line":270,"column":null}},"loc":{"start":{"line":270,"column":0},"end":{"line":272,"column":null}}}},"branchMap":{"0":{"loc":{"start":{"line":203,"column":0},"end":{"line":203,"column":null}},"type":"binary-expr","locations":[{"start":{"line":203,"column":0},"end":{"line":203,"column":null}},{"start":{"line":203,"column":0},"end":{"line":203,"column":null}}]},"1":{"loc":{"start":{"line":229,"column":0},"end":{"line":235,"column":null}},"type":"if","locations":[{"start":{"line":229,"column":0},"end":{"line":235,"column":null}},{"start":{"line":229,"column":0},"end":{"line":235,"column":null}}]}},"s":{"0":4,"1":4,"2":4,"3":23,"4":0,"5":2,"6":2,"7":2,"8":2,"9":2,"10":1,"11":0,"12":1,"13":1,"14":1,"15":1,"16":2,"17":1,"18":1,"19":1,"20":1,"21":1,"22":25,"23":4,"24":2},"f":{"0":23,"1":0,"2":2,"3":2,"4":1,"5":25,"6":4,"7":2},"b":{"0":[0,0],"1":[1,1]}}
,"/home/iamnwani/Desktop/OSS/ambianic-ui/src/components/shared/ListItem.vue": {"path":"/home/iamnwani/Desktop/OSS/ambianic-ui/src/components/shared/ListItem.vue","statementMap":{"0":{"start":{"line":96,"column":0},"end":{"line":96,"column":null}}},"fnMap":{"0":{"name":"(anonymous_1)","decl":{"start":{"line":95,"column":0},"end":{"line":95,"column":null}},"loc":{"start":{"line":95,"column":0},"end":{"line":99,"column":null}}}},"branchMap":{},"s":{"0":0},"f":{"0":0},"b":{}}
,"/home/iamnwani/Desktop/OSS/ambianic-ui/src/remote/edgeAPI.js": {"path":"/home/iamnwani/Desktop/OSS/ambianic-ui/src/remote/edgeAPI.js","statementMap":{"0":{"start":{"line":5,"column":17},"end":{"line":5,"column":48}},"1":{"start":{"line":6,"column":17},"end":{"line":6,"column":52}},"2":{"start":{"line":7,"column":17},"end":{"line":7,"column":52}},"3":{"start":{"line":11,"column":4},"end":{"line":11,"column":18}},"4":{"start":{"line":15,"column":18},"end":{"line":15,"column":63}},"5":{"start":{"line":16,"column":4},"end":{"line":16,"column":18}},"6":{"start":{"line":20,"column":4},"end":{"line":25,"column":5}},"7":{"start":{"line":21,"column":6},"end":{"line":21,"column":52}},"8":{"start":{"line":23,"column":23},"end":{"line":23,"column":60}},"9":{"start":{"line":24,"column":6},"end":{"line":24,"column":21}},"10":{"start":{"line":29,"column":21},"end":{"line":29,"column":45}},"11":{"start":{"line":30,"column":16},"end":{"line":30,"column":60}},"12":{"start":{"line":31,"column":4},"end":{"line":31,"column":14}},"13":{"start":{"line":38,"column":20},"end":{"line":38,"column":38}},"14":{"start":{"line":39,"column":24},"end":{"line":39,"column":49}},"15":{"start":{"line":40,"column":23},"end":{"line":40,"column":25}},"16":{"start":{"line":41,"column":20},"end":{"line":46,"column":5}},"17":{"start":{"line":47,"column":4},"end":{"line":47,"column":47}},"18":{"start":{"line":48,"column":4},"end":{"line":48,"column":23}},"19":{"start":{"line":56,"column":20},"end":{"line":56,"column":38}},"20":{"start":{"line":57,"column":25},"end":{"line":57,"column":69}},"21":{"start":{"line":58,"column":20},"end":{"line":60,"column":5}},"22":{"start":{"line":62,"column":4},"end":{"line":71,"column":5}},"23":{"start":{"line":63,"column":23},"end":{"line":63,"column":47}},"24":{"start":{"line":64,"column":28},"end":{"line":64,"column":60}},"25":{"start":{"line":65,"column":17},"end":{"line":65,"column":44}},"26":{"start":{"line":66,"column":23},"end":{"line":66,"column":53}},"27":{"start":{"line":67,"column":6},"end":{"line":67,"column":49}},"28":{"start":{"line":69,"column":6},"end":{"line":69,"column":78}},"29":{"start":{"line":70,"column":6},"end":{"line":70,"column":26}},"30":{"start":{"line":72,"column":4},"end":{"line":72,"column":19}},"31":{"start":{"line":77,"column":20},"end":{"line":77,"column":38}},"32":{"start":{"line":79,"column":20},"end":{"line":85,"column":5}},"33":{"start":{"line":87,"column":4},"end":{"line":93,"column":5}},"34":{"start":{"line":88,"column":22},"end":{"line":88,"column":50}},"35":{"start":{"line":90,"column":6},"end":{"line":90,"column":20}},"36":{"start":{"line":97,"column":20},"end":{"line":97,"column":38}},"37":{"start":{"line":99,"column":20},"end":{"line":101,"column":5}},"38":{"start":{"line":103,"column":4},"end":{"line":107,"column":23}},"39":{"start":{"line":104,"column":22},"end":{"line":104,"column":50}},"40":{"start":{"line":106,"column":6},"end":{"line":106,"column":20}}},"fnMap":{"0":{"name":"(anonymous_0)","decl":{"start":{"line":10,"column":2},"end":{"line":10,"column":3}},"loc":{"start":{"line":10,"column":20},"end":{"line":12,"column":3}},"line":10},"1":{"name":"(anonymous_1)","decl":{"start":{"line":14,"column":2},"end":{"line":14,"column":3}},"loc":{"start":{"line":14,"column":17},"end":{"line":17,"column":3}},"line":14},"2":{"name":"(anonymous_2)","decl":{"start":{"line":19,"column":2},"end":{"line":19,"column":3}},"loc":{"start":{"line":19,"column":23},"end":{"line":26,"column":3}},"line":19},"3":{"name":"(anonymous_3)","decl":{"start":{"line":28,"column":2},"end":{"line":28,"column":3}},"loc":{"start":{"line":28,"column":27},"end":{"line":32,"column":3}},"line":28},"4":{"name":"(anonymous_4)","decl":{"start":{"line":37,"column":2},"end":{"line":37,"column":3}},"loc":{"start":{"line":37,"column":38},"end":{"line":49,"column":3}},"line":37},"5":{"name":"(anonymous_5)","decl":{"start":{"line":55,"column":2},"end":{"line":55,"column":3}},"loc":{"start":{"line":55,"column":40},"end":{"line":73,"column":3}},"line":55},"6":{"name":"(anonymous_6)","decl":{"start":{"line":76,"column":2},"end":{"line":76,"column":3}},"loc":{"start":{"line":76,"column":47},"end":{"line":94,"column":3}},"line":76},"7":{"name":"(anonymous_7)","decl":{"start":{"line":96,"column":2},"end":{"line":96,"column":3}},"loc":{"start":{"line":96,"column":25},"end":{"line":108,"column":3}},"line":96}},"branchMap":{"0":{"loc":{"start":{"line":20,"column":4},"end":{"line":25,"column":5}},"type":"if","locations":[{"start":{"line":20,"column":4},"end":{"line":25,"column":5}},{"start":{"line":20,"column":4},"end":{"line":25,"column":5}}],"line":20},"1":{"loc":{"start":{"line":37,"column":25},"end":{"line":37,"column":36}},"type":"default-arg","locations":[{"start":{"line":37,"column":35},"end":{"line":37,"column":36}}],"line":37},"2":{"loc":{"start":{"line":66,"column":23},"end":{"line":66,"column":53}},"type":"binary-expr","locations":[{"start":{"line":66,"column":23},"end":{"line":66,"column":33}},{"start":{"line":66,"column":37},"end":{"line":66,"column":53}}],"line":66}},"s":{"0":6,"1":6,"2":6,"3":36,"4":22,"5":22,"6":24,"7":1,"8":23,"9":7,"10":20,"11":4,"12":4,"13":1,"14":1,"15":1,"16":1,"17":1,"18":1,"19":2,"20":2,"21":2,"22":2,"23":2,"24":2,"25":2,"26":2,"27":2,"28":1,"29":1,"30":2,"31":9,"32":9,"33":9,"34":9,"35":1,"36":9,"37":9,"38":9,"39":9,"40":1},"f":{"0":36,"1":22,"2":24,"3":20,"4":1,"5":2,"6":9,"7":9},"b":{"0":[1,23],"1":[0],"2":[2,0]},"_coverageSchema":"1a1c01bbd47fc00a2c39e90264f33305004495a9","hash":"06a38375dfdecc67b7b5b5198920f37f0b7e5613"}
,"/home/iamnwani/Desktop/OSS/ambianic-ui/src/remote/peer-fetch.js": {"path":"/home/iamnwani/Desktop/OSS/ambianic-ui/src/remote/peer-fetch.js","statementMap":{"0":{"start":{"line":8,"column":4},"end":{"line":8,"column":41}},"1":{"start":{"line":10,"column":4},"end":{"line":10,"column":32}},"2":{"start":{"line":15,"column":4},"end":{"line":15,"column":33}},"3":{"start":{"line":18,"column":4},"end":{"line":18,"column":30}},"4":{"start":{"line":19,"column":4},"end":{"line":19,"column":35}},"5":{"start":{"line":20,"column":4},"end":{"line":20,"column":24}},"6":{"start":{"line":29,"column":4},"end":{"line":42,"column":5}},"7":{"start":{"line":33,"column":8},"end":{"line":39,"column":9}},"8":{"start":{"line":35,"column":26},"end":{"line":37,"column":11}},"9":{"start":{"line":38,"column":10},"end":{"line":38,"column":33}},"10":{"start":{"line":49,"column":4},"end":{"line":49,"column":34}},"11":{"start":{"line":57,"column":26},"end":{"line":57,"column":51}},"12":{"start":{"line":58,"column":4},"end":{"line":58,"column":31}},"13":{"start":{"line":59,"column":23},"end":{"line":59,"column":45}},"14":{"start":{"line":60,"column":4},"end":{"line":63,"column":5}},"15":{"start":{"line":64,"column":4},"end":{"line":64,"column":24}},"16":{"start":{"line":71,"column":21},"end":{"line":71,"column":54}},"17":{"start":{"line":72,"column":23},"end":{"line":72,"column":45}},"18":{"start":{"line":73,"column":4},"end":{"line":76,"column":5}},"19":{"start":{"line":78,"column":4},"end":{"line":78,"column":35}},"20":{"start":{"line":79,"column":4},"end":{"line":79,"column":28}},"21":{"start":{"line":80,"column":23},"end":{"line":80,"column":45}},"22":{"start":{"line":81,"column":26},"end":{"line":81,"column":51}},"23":{"start":{"line":82,"column":4},"end":{"line":85,"column":5}},"24":{"start":{"line":90,"column":22},"end":{"line":90,"column":26}},"25":{"start":{"line":91,"column":4},"end":{"line":134,"column":6}},"26":{"start":{"line":92,"column":6},"end":{"line":93,"column":32}},"27":{"start":{"line":95,"column":21},"end":{"line":95,"column":48}},"28":{"start":{"line":96,"column":6},"end":{"line":96,"column":67}},"29":{"start":{"line":98,"column":19},"end":{"line":98,"column":52}},"30":{"start":{"line":99,"column":6},"end":{"line":133,"column":7}},"31":{"start":{"line":103,"column":8},"end":{"line":129,"column":9}},"32":{"start":{"line":104,"column":10},"end":{"line":104,"column":53}},"33":{"start":{"line":106,"column":25},"end":{"line":106,"column":48}},"34":{"start":{"line":107,"column":10},"end":{"line":121,"column":11}},"35":{"start":{"line":108,"column":12},"end":{"line":108,"column":98}},"36":{"start":{"line":109,"column":12},"end":{"line":109,"column":79}},"37":{"start":{"line":110,"column":17},"end":{"line":121,"column":11}},"38":{"start":{"line":111,"column":12},"end":{"line":111,"column":52}},"39":{"start":{"line":115,"column":12},"end":{"line":116,"column":25}},"40":{"start":{"line":119,"column":32},"end":{"line":119,"column":37}},"41":{"start":{"line":120,"column":12},"end":{"line":120,"column":51}},"42":{"start":{"line":123,"column":10},"end":{"line":123,"column":54}},"43":{"start":{"line":125,"column":10},"end":{"line":125,"column":38}},"44":{"start":{"line":128,"column":10},"end":{"line":128,"column":42}},"45":{"start":{"line":131,"column":8},"end":{"line":132,"column":27}},"46":{"start":{"line":135,"column":4},"end":{"line":138,"column":6}},"47":{"start":{"line":136,"column":6},"end":{"line":136,"column":51}},"48":{"start":{"line":137,"column":6},"end":{"line":137,"column":31}},"49":{"start":{"line":139,"column":4},"end":{"line":142,"column":6}},"50":{"start":{"line":140,"column":6},"end":{"line":140,"column":53}},"51":{"start":{"line":141,"column":6},"end":{"line":141,"column":27}},"52":{"start":{"line":149,"column":4},"end":{"line":149,"column":57}},"53":{"start":{"line":150,"column":14},"end":{"line":150,"column":32}},"54":{"start":{"line":151,"column":16},"end":{"line":153,"column":16}},"55":{"start":{"line":152,"column":16},"end":{"line":152,"column":45}},"56":{"start":{"line":154,"column":4},"end":{"line":154,"column":22}},"57":{"start":{"line":155,"column":4},"end":{"line":155,"column":50}},"58":{"start":{"line":156,"column":4},"end":{"line":156,"column":56}},"59":{"start":{"line":157,"column":20},"end":{"line":160,"column":5}},"60":{"start":{"line":164,"column":19},"end":{"line":164,"column":48}},"61":{"start":{"line":165,"column":21},"end":{"line":165,"column":56}},"62":{"start":{"line":166,"column":4},"end":{"line":166,"column":19}},"63":{"start":{"line":170,"column":19},"end":{"line":170,"column":40}},"64":{"start":{"line":171,"column":23},"end":{"line":171,"column":39}},"65":{"start":{"line":172,"column":4},"end":{"line":172,"column":54}},"66":{"start":{"line":173,"column":4},"end":{"line":173,"column":45}},"67":{"start":{"line":174,"column":4},"end":{"line":178,"column":5}},"68":{"start":{"line":177,"column":6},"end":{"line":177,"column":29}},"69":{"start":{"line":179,"column":4},"end":{"line":179,"column":17}},"70":{"start":{"line":193,"column":19},"end":{"line":193,"column":41}},"71":{"start":{"line":194,"column":35},"end":{"line":194,"column":63}},"72":{"start":{"line":195,"column":4},"end":{"line":202,"column":5}},"73":{"start":{"line":198,"column":6},"end":{"line":198,"column":12}},"74":{"start":{"line":200,"column":6},"end":{"line":200,"column":24}},"75":{"start":{"line":201,"column":6},"end":{"line":201,"column":60}},"76":{"start":{"line":203,"column":4},"end":{"line":203,"column":56}},"77":{"start":{"line":204,"column":24},"end":{"line":204,"column":47}},"78":{"start":{"line":205,"column":23},"end":{"line":205,"column":39}},"79":{"start":{"line":206,"column":4},"end":{"line":207,"column":38}},"80":{"start":{"line":208,"column":4},"end":{"line":212,"column":5}},"81":{"start":{"line":209,"column":6},"end":{"line":209,"column":44}},"82":{"start":{"line":211,"column":6},"end":{"line":211,"column":79}},"83":{"start":{"line":218,"column":4},"end":{"line":220,"column":5}},"84":{"start":{"line":219,"column":6},"end":{"line":219,"column":29}},"85":{"start":{"line":227,"column":4},"end":{"line":229,"column":5}},"86":{"start":{"line":228,"column":6},"end":{"line":228,"column":17}},"87":{"start":{"line":234,"column":4},"end":{"line":243,"column":5}},"88":{"start":{"line":236,"column":21},"end":{"line":236,"column":46}},"89":{"start":{"line":237,"column":20},"end":{"line":237,"column":43}},"90":{"start":{"line":238,"column":6},"end":{"line":238,"column":46}},"91":{"start":{"line":241,"column":6},"end":{"line":242,"column":36}},"92":{"start":{"line":244,"column":4},"end":{"line":244,"column":36}},"93":{"start":{"line":245,"column":4},"end":{"line":245,"column":24}},"94":{"start":{"line":250,"column":4},"end":{"line":254,"column":5}},"95":{"start":{"line":251,"column":6},"end":{"line":251,"column":26}},"96":{"start":{"line":253,"column":6},"end":{"line":253,"column":43}},"97":{"start":{"line":255,"column":21},"end":{"line":255,"column":46}},"98":{"start":{"line":256,"column":4},"end":{"line":256,"column":19}},"99":{"start":{"line":260,"column":18},"end":{"line":260,"column":22}},"100":{"start":{"line":261,"column":19},"end":{"line":261,"column":23}},"101":{"start":{"line":262,"column":4},"end":{"line":262,"column":58}},"102":{"start":{"line":263,"column":4},"end":{"line":272,"column":5}},"103":{"start":{"line":264,"column":6},"end":{"line":264,"column":35}},"104":{"start":{"line":265,"column":6},"end":{"line":265,"column":76}},"105":{"start":{"line":267,"column":6},"end":{"line":267,"column":59}},"106":{"start":{"line":267,"column":23},"end":{"line":267,"column":54}},"107":{"start":{"line":268,"column":6},"end":{"line":268,"column":21}},"108":{"start":{"line":271,"column":6},"end":{"line":271,"column":17}},"109":{"start":{"line":276,"column":20},"end":{"line":276,"column":29}},"110":{"start":{"line":277,"column":23},"end":{"line":277,"column":33}},"111":{"start":{"line":278,"column":22},"end":{"line":278,"column":23}},"112":{"start":{"line":279,"column":19},"end":{"line":279,"column":23}},"113":{"start":{"line":280,"column":4},"end":{"line":285,"column":48}},"114":{"start":{"line":281,"column":6},"end":{"line":281,"column":49}},"115":{"start":{"line":282,"column":6},"end":{"line":282,"column":43}},"116":{"start":{"line":283,"column":6},"end":{"line":283,"column":22}},"117":{"start":{"line":286,"column":4},"end":{"line":290,"column":5}},"118":{"start":{"line":289,"column":6},"end":{"line":289,"column":49}},"119":{"start":{"line":291,"column":4},"end":{"line":296,"column":5}},"120":{"start":{"line":292,"column":6},"end":{"line":292,"column":60}},"121":{"start":{"line":293,"column":6},"end":{"line":293,"column":21}},"122":{"start":{"line":295,"column":6},"end":{"line":295,"column":66}},"123":{"start":{"line":301,"column":2},"end":{"line":301,"column":56}},"124":{"start":{"line":301,"column":32},"end":{"line":301,"column":55}}},"fnMap":{"0":{"name":"(anonymous_0)","decl":{"start":{"line":6,"column":2},"end":{"line":6,"column":3}},"loc":{"start":{"line":6,"column":31},"end":{"line":21,"column":3}},"line":6},"1":{"name":"(anonymous_1)","decl":{"start":{"line":28,"column":2},"end":{"line":28,"column":3}},"loc":{"start":{"line":28,"column":19},"end":{"line":43,"column":3}},"line":28},"2":{"name":"(anonymous_2)","decl":{"start":{"line":30,"column":6},"end":{"line":30,"column":7}},"loc":{"start":{"line":30,"column":18},"end":{"line":40,"column":7}},"line":30},"3":{"name":"(anonymous_3)","decl":{"start":{"line":48,"column":2},"end":{"line":48,"column":3}},"loc":{"start":{"line":48,"column":15},"end":{"line":50,"column":3}},"line":48},"4":{"name":"(anonymous_4)","decl":{"start":{"line":56,"column":2},"end":{"line":56,"column":3}},"loc":{"start":{"line":56,"column":20},"end":{"line":65,"column":3}},"line":56},"5":{"name":"(anonymous_5)","decl":{"start":{"line":70,"column":2},"end":{"line":70,"column":3}},"loc":{"start":{"line":70,"column":28},"end":{"line":86,"column":3}},"line":70},"6":{"name":"(anonymous_6)","decl":{"start":{"line":88,"column":2},"end":{"line":88,"column":3}},"loc":{"start":{"line":88,"column":30},"end":{"line":143,"column":3}},"line":88},"7":{"name":"(anonymous_7)","decl":{"start":{"line":91,"column":36},"end":{"line":91,"column":37}},"loc":{"start":{"line":91,"column":52},"end":{"line":134,"column":5}},"line":91},"8":{"name":"(anonymous_8)","decl":{"start":{"line":135,"column":36},"end":{"line":135,"column":37}},"loc":{"start":{"line":135,"column":48},"end":{"line":138,"column":5}},"line":135},"9":{"name":"(anonymous_9)","decl":{"start":{"line":139,"column":37},"end":{"line":139,"column":38}},"loc":{"start":{"line":139,"column":49},"end":{"line":142,"column":5}},"line":139},"10":{"name":"(anonymous_10)","decl":{"start":{"line":148,"column":2},"end":{"line":148,"column":3}},"loc":{"start":{"line":148,"column":41},"end":{"line":167,"column":3}},"line":148},"11":{"name":"(anonymous_11)","decl":{"start":{"line":152,"column":11},"end":{"line":152,"column":12}},"loc":{"start":{"line":152,"column":16},"end":{"line":152,"column":45}},"line":152},"12":{"name":"(anonymous_12)","decl":{"start":{"line":169,"column":2},"end":{"line":169,"column":3}},"loc":{"start":{"line":169,"column":28},"end":{"line":180,"column":3}},"line":169},"13":{"name":"(anonymous_13)","decl":{"start":{"line":192,"column":2},"end":{"line":192,"column":3}},"loc":{"start":{"line":192,"column":22},"end":{"line":213,"column":3}},"line":192},"14":{"name":"(anonymous_14)","decl":{"start":{"line":215,"column":2},"end":{"line":215,"column":3}},"loc":{"start":{"line":215,"column":30},"end":{"line":221,"column":3}},"line":215},"15":{"name":"(anonymous_15)","decl":{"start":{"line":226,"column":2},"end":{"line":226,"column":3}},"loc":{"start":{"line":226,"column":22},"end":{"line":230,"column":3}},"line":226},"16":{"name":"(anonymous_16)","decl":{"start":{"line":232,"column":2},"end":{"line":232,"column":3}},"loc":{"start":{"line":232,"column":27},"end":{"line":246,"column":3}},"line":232},"17":{"name":"(anonymous_17)","decl":{"start":{"line":248,"column":2},"end":{"line":248,"column":3}},"loc":{"start":{"line":248,"column":17},"end":{"line":257,"column":3}},"line":248},"18":{"name":"(anonymous_18)","decl":{"start":{"line":259,"column":2},"end":{"line":259,"column":3}},"loc":{"start":{"line":259,"column":31},"end":{"line":273,"column":3}},"line":259},"19":{"name":"(anonymous_19)","decl":{"start":{"line":267,"column":17},"end":{"line":267,"column":18}},"loc":{"start":{"line":267,"column":23},"end":{"line":267,"column":54}},"line":267},"20":{"name":"(anonymous_20)","decl":{"start":{"line":275,"column":2},"end":{"line":275,"column":3}},"loc":{"start":{"line":275,"column":34},"end":{"line":297,"column":3}},"line":275},"21":{"name":"sleep","decl":{"start":{"line":300,"column":9},"end":{"line":300,"column":14}},"loc":{"start":{"line":300,"column":20},"end":{"line":302,"column":1}},"line":300},"22":{"name":"(anonymous_22)","decl":{"start":{"line":301,"column":21},"end":{"line":301,"column":22}},"loc":{"start":{"line":301,"column":32},"end":{"line":301,"column":55}},"line":301}},"branchMap":{"0":{"loc":{"start":{"line":33,"column":8},"end":{"line":39,"column":9}},"type":"if","locations":[{"start":{"line":33,"column":8},"end":{"line":39,"column":9}},{"start":{"line":33,"column":8},"end":{"line":39,"column":9}}],"line":33},"1":{"loc":{"start":{"line":99,"column":6},"end":{"line":133,"column":7}},"type":"if","locations":[{"start":{"line":99,"column":6},"end":{"line":133,"column":7}},{"start":{"line":99,"column":6},"end":{"line":133,"column":7}}],"line":99},"2":{"loc":{"start":{"line":103,"column":8},"end":{"line":129,"column":9}},"type":"if","locations":[{"start":{"line":103,"column":8},"end":{"line":129,"column":9}},{"start":{"line":103,"column":8},"end":{"line":129,"column":9}}],"line":103},"3":{"loc":{"start":{"line":107,"column":10},"end":{"line":121,"column":11}},"type":"if","locations":[{"start":{"line":107,"column":10},"end":{"line":121,"column":11}},{"start":{"line":107,"column":10},"end":{"line":121,"column":11}}],"line":107},"4":{"loc":{"start":{"line":110,"column":17},"end":{"line":121,"column":11}},"type":"if","locations":[{"start":{"line":110,"column":17},"end":{"line":121,"column":11}},{"start":{"line":110,"column":17},"end":{"line":121,"column":11}}],"line":110},"5":{"loc":{"start":{"line":148,"column":15},"end":{"line":148,"column":24}},"type":"default-arg","locations":[{"start":{"line":148,"column":21},"end":{"line":148,"column":24}}],"line":148},"6":{"loc":{"start":{"line":148,"column":26},"end":{"line":148,"column":37}},"type":"default-arg","locations":[{"start":{"line":148,"column":35},"end":{"line":148,"column":37}}],"line":148},"7":{"loc":{"start":{"line":174,"column":4},"end":{"line":178,"column":5}},"type":"if","locations":[{"start":{"line":174,"column":4},"end":{"line":178,"column":5}},{"start":{"line":174,"column":4},"end":{"line":178,"column":5}}],"line":174},"8":{"loc":{"start":{"line":195,"column":4},"end":{"line":202,"column":5}},"type":"if","locations":[{"start":{"line":195,"column":4},"end":{"line":202,"column":5}},{"start":{"line":195,"column":4},"end":{"line":202,"column":5}}],"line":195},"9":{"loc":{"start":{"line":218,"column":4},"end":{"line":220,"column":5}},"type":"if","locations":[{"start":{"line":218,"column":4},"end":{"line":220,"column":5}},{"start":{"line":218,"column":4},"end":{"line":220,"column":5}}],"line":218},"10":{"loc":{"start":{"line":227,"column":4},"end":{"line":229,"column":5}},"type":"if","locations":[{"start":{"line":227,"column":4},"end":{"line":229,"column":5}},{"start":{"line":227,"column":4},"end":{"line":229,"column":5}}],"line":227},"11":{"loc":{"start":{"line":234,"column":4},"end":{"line":243,"column":5}},"type":"if","locations":[{"start":{"line":234,"column":4},"end":{"line":243,"column":5}},{"start":{"line":234,"column":4},"end":{"line":243,"column":5}}],"line":234},"12":{"loc":{"start":{"line":250,"column":4},"end":{"line":254,"column":5}},"type":"if","locations":[{"start":{"line":250,"column":4},"end":{"line":254,"column":5}},{"start":{"line":250,"column":4},"end":{"line":254,"column":5}}],"line":250},"13":{"loc":{"start":{"line":263,"column":4},"end":{"line":272,"column":5}},"type":"if","locations":[{"start":{"line":263,"column":4},"end":{"line":272,"column":5}},{"start":{"line":263,"column":4},"end":{"line":272,"column":5}}],"line":263},"14":{"loc":{"start":{"line":263,"column":8},"end":{"line":263,"column":40}},"type":"binary-expr","locations":[{"start":{"line":263,"column":8},"end":{"line":263,"column":16}},{"start":{"line":263,"column":20},"end":{"line":263,"column":40}}],"line":263},"15":{"loc":{"start":{"line":285,"column":13},"end":{"line":285,"column":47}},"type":"binary-expr","locations":[{"start":{"line":285,"column":13},"end":{"line":285,"column":22}},{"start":{"line":285,"column":26},"end":{"line":285,"column":47}}],"line":285},"16":{"loc":{"start":{"line":286,"column":4},"end":{"line":290,"column":5}},"type":"if","locations":[{"start":{"line":286,"column":4},"end":{"line":290,"column":5}},{"start":{"line":286,"column":4},"end":{"line":290,"column":5}}],"line":286},"17":{"loc":{"start":{"line":291,"column":4},"end":{"line":296,"column":5}},"type":"if","locations":[{"start":{"line":291,"column":4},"end":{"line":296,"column":5}},{"start":{"line":291,"column":4},"end":{"line":296,"column":5}}],"line":291}},"s":{"0":7,"1":7,"2":7,"3":7,"4":7,"5":7,"6":10,"7":1,"8":1,"9":1,"10":2,"11":3,"12":3,"13":3,"14":3,"15":3,"16":2,"17":2,"18":2,"19":2,"20":2,"21":2,"22":2,"23":2,"24":7,"25":7,"26":5,"27":5,"28":5,"29":5,"30":5,"31":4,"32":3,"33":3,"34":3,"35":1,"36":1,"37":2,"38":1,"39":1,"40":1,"41":1,"42":1,"43":1,"44":1,"45":1,"46":7,"47":1,"48":1,"49":7,"50":1,"51":1,"52":2,"53":2,"54":2,"55":2,"56":2,"57":2,"58":2,"59":2,"60":2,"61":2,"62":1,"63":3,"64":3,"65":3,"66":3,"67":3,"68":3,"69":3,"70":3,"71":3,"72":3,"73":0,"74":3,"75":3,"76":3,"77":3,"78":3,"79":3,"80":3,"81":3,"82":1,"83":1,"84":0,"85":2,"86":0,"87":0,"88":0,"89":0,"90":0,"91":0,"92":0,"93":0,"94":3,"95":3,"96":0,"97":3,"98":3,"99":2,"100":2,"101":2,"102":2,"103":2,"104":2,"105":2,"106":1,"107":2,"108":0,"109":2,"110":2,"111":2,"112":2,"113":2,"114":2,"115":2,"116":2,"117":1,"118":0,"119":1,"120":1,"121":1,"122":0,"123":2,"124":2},"f":{"0":7,"1":10,"2":1,"3":2,"4":3,"5":2,"6":7,"7":5,"8":1,"9":1,"10":2,"11":2,"12":3,"13":3,"14":1,"15":2,"16":0,"17":3,"18":2,"19":1,"20":2,"21":2,"22":2},"b":{"0":[1,0],"1":[4,1],"2":[3,1],"3":[1,2],"4":[1,1],"5":[0],"6":[1],"7":[3,0],"8":[0,3],"9":[0,1],"10":[0,2],"11":[0,0],"12":[3,0],"13":[2,0],"14":[2,2],"15":[1,0],"16":[0,1],"17":[1,0]},"_coverageSchema":"1a1c01bbd47fc00a2c39e90264f33305004495a9","hash":"d36b59fb4901819f059ed49941337b4bcb98a662"}
,"/home/iamnwani/Desktop/OSS/ambianic-ui/src/remote/peer-room.js": {"path":"/home/iamnwani/Desktop/OSS/ambianic-ui/src/remote/peer-room.js","statementMap":{"0":{"start":{"line":10,"column":4},"end":{"line":10,"column":21}},"1":{"start":{"line":14,"column":21},"end":{"line":14,"column":71}},"2":{"start":{"line":16,"column":6},"end":{"line":22,"column":61}},"3":{"start":{"line":23,"column":24},"end":{"line":23,"column":74}},"4":{"start":{"line":24,"column":4},"end":{"line":24,"column":22}},"5":{"start":{"line":26,"column":4},"end":{"line":26,"column":14}},"6":{"start":{"line":30,"column":4},"end":{"line":30,"column":42}},"7":{"start":{"line":31,"column":16},"end":{"line":31,"column":36}},"8":{"start":{"line":33,"column":4},"end":{"line":48,"column":5}},"9":{"start":{"line":34,"column":6},"end":{"line":34,"column":45}},"10":{"start":{"line":35,"column":6},"end":{"line":39,"column":7}},"11":{"start":{"line":36,"column":8},"end":{"line":38,"column":51}},"12":{"start":{"line":40,"column":27},"end":{"line":40,"column":48}},"13":{"start":{"line":41,"column":6},"end":{"line":41,"column":53}},"14":{"start":{"line":42,"column":6},"end":{"line":42,"column":25}},"15":{"start":{"line":44,"column":18},"end":{"line":44,"column":48}},"16":{"start":{"line":45,"column":6},"end":{"line":45,"column":31}},"17":{"start":{"line":46,"column":6},"end":{"line":46,"column":43}},"18":{"start":{"line":47,"column":6},"end":{"line":47,"column":33}},"19":{"start":{"line":52,"column":17},"end":{"line":52,"column":26}},"20":{"start":{"line":53,"column":19},"end":{"line":53,"column":49}},"21":{"start":{"line":54,"column":4},"end":{"line":56,"column":5}},"22":{"start":{"line":55,"column":6},"end":{"line":55,"column":34}},"23":{"start":{"line":57,"column":4},"end":{"line":57,"column":48}},"24":{"start":{"line":58,"column":4},"end":{"line":58,"column":23}},"25":{"start":{"line":62,"column":17},"end":{"line":62,"column":44}},"26":{"start":{"line":63,"column":19},"end":{"line":63,"column":25}},"27":{"start":{"line":64,"column":20},"end":{"line":64,"column":58}},"28":{"start":{"line":65,"column":4},"end":{"line":65,"column":62}},"29":{"start":{"line":66,"column":4},"end":{"line":66,"column":18}},"30":{"start":{"line":71,"column":4},"end":{"line":76,"column":5}},"31":{"start":{"line":72,"column":6},"end":{"line":72,"column":33}},"32":{"start":{"line":74,"column":19},"end":{"line":74,"column":49}},"33":{"start":{"line":75,"column":6},"end":{"line":75,"column":46}},"34":{"start":{"line":77,"column":4},"end":{"line":77,"column":56}},"35":{"start":{"line":78,"column":4},"end":{"line":78,"column":18}},"36":{"start":{"line":82,"column":4},"end":{"line":84,"column":5}},"37":{"start":{"line":83,"column":6},"end":{"line":83,"column":44}},"38":{"start":{"line":85,"column":20},"end":{"line":85,"column":42}},"39":{"start":{"line":86,"column":4},"end":{"line":86,"column":18}}},"fnMap":{"0":{"name":"(anonymous_0)","decl":{"start":{"line":9,"column":2},"end":{"line":9,"column":3}},"loc":{"start":{"line":9,"column":21},"end":{"line":11,"column":3}},"line":9},"1":{"name":"(anonymous_1)","decl":{"start":{"line":13,"column":2},"end":{"line":13,"column":3}},"loc":{"start":{"line":13,"column":19},"end":{"line":27,"column":3}},"line":13},"2":{"name":"(anonymous_2)","decl":{"start":{"line":29,"column":2},"end":{"line":29,"column":3}},"loc":{"start":{"line":29,"column":45},"end":{"line":49,"column":3}},"line":29},"3":{"name":"(anonymous_3)","decl":{"start":{"line":51,"column":2},"end":{"line":51,"column":3}},"loc":{"start":{"line":51,"column":22},"end":{"line":59,"column":3}},"line":51},"4":{"name":"(anonymous_4)","decl":{"start":{"line":61,"column":2},"end":{"line":61,"column":3}},"loc":{"start":{"line":61,"column":21},"end":{"line":67,"column":3}},"line":61},"5":{"name":"(anonymous_5)","decl":{"start":{"line":69,"column":2},"end":{"line":69,"column":3}},"loc":{"start":{"line":69,"column":26},"end":{"line":79,"column":3}},"line":69},"6":{"name":"(anonymous_6)","decl":{"start":{"line":81,"column":2},"end":{"line":81,"column":3}},"loc":{"start":{"line":81,"column":16},"end":{"line":87,"column":3}},"line":81}},"branchMap":{"0":{"loc":{"start":{"line":14,"column":21},"end":{"line":14,"column":71}},"type":"cond-expr","locations":[{"start":{"line":14,"column":49},"end":{"line":14,"column":59}},{"start":{"line":14,"column":62},"end":{"line":14,"column":71}}],"line":14},"1":{"loc":{"start":{"line":29,"column":21},"end":{"line":29,"column":35}},"type":"default-arg","locations":[{"start":{"line":29,"column":30},"end":{"line":29,"column":35}}],"line":29},"2":{"loc":{"start":{"line":35,"column":6},"end":{"line":39,"column":7}},"type":"if","locations":[{"start":{"line":35,"column":6},"end":{"line":39,"column":7}},{"start":{"line":35,"column":6},"end":{"line":39,"column":7}}],"line":35},"3":{"loc":{"start":{"line":54,"column":4},"end":{"line":56,"column":5}},"type":"if","locations":[{"start":{"line":54,"column":4},"end":{"line":56,"column":5}},{"start":{"line":54,"column":4},"end":{"line":56,"column":5}}],"line":54},"4":{"loc":{"start":{"line":71,"column":4},"end":{"line":76,"column":5}},"type":"if","locations":[{"start":{"line":71,"column":4},"end":{"line":76,"column":5}},{"start":{"line":71,"column":4},"end":{"line":76,"column":5}}],"line":71},"5":{"loc":{"start":{"line":82,"column":4},"end":{"line":84,"column":5}},"type":"if","locations":[{"start":{"line":82,"column":4},"end":{"line":84,"column":5}},{"start":{"line":82,"column":4},"end":{"line":84,"column":5}}],"line":82}},"s":{"0":11,"1":11,"2":11,"3":11,"4":11,"5":11,"6":9,"7":9,"8":9,"9":9,"10":8,"11":1,"12":7,"13":7,"14":7,"15":2,"16":2,"17":2,"18":2,"19":2,"20":2,"21":2,"22":2,"23":2,"24":2,"25":3,"26":3,"27":3,"28":3,"29":3,"30":2,"31":1,"32":1,"33":1,"34":2,"35":2,"36":2,"37":1,"38":2,"39":2},"f":{"0":11,"1":11,"2":9,"3":2,"4":3,"5":2,"6":2},"b":{"0":[10,1],"1":[3],"2":[1,7],"3":[2,0],"4":[1,1],"5":[1,1]},"_coverageSchema":"1a1c01bbd47fc00a2c39e90264f33305004495a9","hash":"a5977ee56d9144eb2a46f9dee209f3624c917182"}
,"/home/iamnwani/Desktop/OSS/ambianic-ui/src/routes/routes.js": {"path":"/home/iamnwani/Desktop/OSS/ambianic-ui/src/routes/routes.js","statementMap":{"0":{"start":{"line":1,"column":15},"end":{"line":71,"column":1}},"1":{"start":{"line":6,"column":21},"end":{"line":6,"column":79}},"2":{"start":{"line":11,"column":21},"end":{"line":11,"column":79}},"3":{"start":{"line":19,"column":21},"end":{"line":19,"column":87}},"4":{"start":{"line":27,"column":21},"end":{"line":27,"column":91}},"5":{"start":{"line":45,"column":21},"end":{"line":45,"column":87}},"6":{"start":{"line":53,"column":21},"end":{"line":53,"column":87}},"7":{"start":{"line":61,"column":21},"end":{"line":61,"column":79}},"8":{"start":{"line":69,"column":21},"end":{"line":69,"column":81}}},"fnMap":{"0":{"name":"(anonymous_0)","decl":{"start":{"line":6,"column":15},"end":{"line":6,"column":16}},"loc":{"start":{"line":6,"column":21},"end":{"line":6,"column":79}},"line":6},"1":{"name":"(anonymous_1)","decl":{"start":{"line":11,"column":15},"end":{"line":11,"column":16}},"loc":{"start":{"line":11,"column":21},"end":{"line":11,"column":79}},"line":11},"2":{"name":"(anonymous_2)","decl":{"start":{"line":19,"column":15},"end":{"line":19,"column":16}},"loc":{"start":{"line":19,"column":21},"end":{"line":19,"column":87}},"line":19},"3":{"name":"(anonymous_3)","decl":{"start":{"line":27,"column":15},"end":{"line":27,"column":16}},"loc":{"start":{"line":27,"column":21},"end":{"line":27,"column":91}},"line":27},"4":{"name":"(anonymous_4)","decl":{"start":{"line":45,"column":15},"end":{"line":45,"column":16}},"loc":{"start":{"line":45,"column":21},"end":{"line":45,"column":87}},"line":45},"5":{"name":"(anonymous_5)","decl":{"start":{"line":53,"column":15},"end":{"line":53,"column":16}},"loc":{"start":{"line":53,"column":21},"end":{"line":53,"column":87}},"line":53},"6":{"name":"(anonymous_6)","decl":{"start":{"line":61,"column":15},"end":{"line":61,"column":16}},"loc":{"start":{"line":61,"column":21},"end":{"line":61,"column":79}},"line":61},"7":{"name":"(anonymous_7)","decl":{"start":{"line":69,"column":15},"end":{"line":69,"column":16}},"loc":{"start":{"line":69,"column":21},"end":{"line":69,"column":81}},"line":69}},"branchMap":{},"s":{"0":1,"1":1,"2":0,"3":1,"4":0,"5":1,"6":1,"7":1,"8":1},"f":{"0":1,"1":0,"2":1,"3":0,"4":1,"5":1,"6":1,"7":1},"b":{},"_coverageSchema":"1a1c01bbd47fc00a2c39e90264f33305004495a9","hash":"01ea8dff66d37b49e08e71c22405aaee4977055f"}
,"/home/iamnwani/Desktop/OSS/ambianic-ui/src/store/action-types.js": {"path":"/home/iamnwani/Desktop/OSS/ambianic-ui/src/store/action-types.js","statementMap":{"0":{"start":{"line":5,"column":30},"end":{"line":5,"column":46}},"1":{"start":{"line":6,"column":35},"end":{"line":6,"column":54}},"2":{"start":{"line":7,"column":37},"end":{"line":7,"column":58}},"3":{"start":{"line":8,"column":29},"end":{"line":8,"column":43}},"4":{"start":{"line":9,"column":28},"end":{"line":9,"column":41}},"5":{"start":{"line":10,"column":33},"end":{"line":10,"column":51}},"6":{"start":{"line":11,"column":37},"end":{"line":11,"column":57}},"7":{"start":{"line":12,"column":37},"end":{"line":12,"column":54}},"8":{"start":{"line":13,"column":44},"end":{"line":13,"column":71}},"9":{"start":{"line":15,"column":42},"end":{"line":15,"column":70}},"10":{"start":{"line":16,"column":39},"end":{"line":16,"column":64}},"11":{"start":{"line":17,"column":39},"end":{"line":17,"column":64}},"12":{"start":{"line":18,"column":39},"end":{"line":18,"column":64}},"13":{"start":{"line":19,"column":41},"end":{"line":19,"column":68}}},"fnMap":{},"branchMap":{},"s":{"0":10,"1":10,"2":10,"3":10,"4":10,"5":10,"6":10,"7":10,"8":10,"9":10,"10":10,"11":10,"12":10,"13":10},"f":{},"b":{},"_coverageSchema":"1a1c01bbd47fc00a2c39e90264f33305004495a9","hash":"cb734e74e06cca3ccd66b361e6fb7a3391a088b1"}
,"/home/iamnwani/Desktop/OSS/ambianic-ui/src/store/index.js": {"path":"/home/iamnwani/Desktop/OSS/ambianic-ui/src/store/index.js","statementMap":{"0":{"start":{"line":8,"column":0},"end":{"line":8,"column":13}},"1":{"start":{"line":10,"column":25},"end":{"line":32,"column":1}},"2":{"start":{"line":17,"column":6},"end":{"line":17,"column":53}},"3":{"start":{"line":20,"column":6},"end":{"line":20,"column":45}},"4":{"start":{"line":25,"column":6},"end":{"line":25,"column":42}},"5":{"start":{"line":34,"column":14},"end":{"line":34,"column":46}},"6":{"start":{"line":39,"column":0},"end":{"line":39,"column":30}}},"fnMap":{"0":{"name":"(anonymous_0)","decl":{"start":{"line":16,"column":4},"end":{"line":16,"column":5}},"loc":{"start":{"line":16,"column":52},"end":{"line":18,"column":5}},"line":16},"1":{"name":"(anonymous_1)","decl":{"start":{"line":19,"column":4},"end":{"line":19,"column":5}},"loc":{"start":{"line":19,"column":47},"end":{"line":21,"column":5}},"line":19},"2":{"name":"(anonymous_2)","decl":{"start":{"line":24,"column":4},"end":{"line":24,"column":5}},"loc":{"start":{"line":24,"column":54},"end":{"line":26,"column":5}},"line":24}},"branchMap":{},"s":{"0":5,"1":5,"2":0,"3":5,"4":5,"5":5,"6":5},"f":{"0":0,"1":5,"2":5},"b":{},"_coverageSchema":"1a1c01bbd47fc00a2c39e90264f33305004495a9","hash":"900aa77b8a9208234450ec1d6c8c2fdc20af8bcd"}
,"/home/iamnwani/Desktop/OSS/ambianic-ui/src/store/mutation-types.js": {"path":"/home/iamnwani/Desktop/OSS/ambianic-ui/src/store/mutation-types.js","statementMap":{"0":{"start":{"line":5,"column":33},"end":{"line":5,"column":52}},"1":{"start":{"line":6,"column":33},"end":{"line":6,"column":52}},"2":{"start":{"line":7,"column":31},"end":{"line":7,"column":48}},"3":{"start":{"line":8,"column":32},"end":{"line":8,"column":50}},"4":{"start":{"line":9,"column":31},"end":{"line":9,"column":48}},"5":{"start":{"line":10,"column":35},"end":{"line":10,"column":56}},"6":{"start":{"line":11,"column":30},"end":{"line":11,"column":46}},"7":{"start":{"line":12,"column":37},"end":{"line":12,"column":60}},"8":{"start":{"line":13,"column":40},"end":{"line":13,"column":66}},"9":{"start":{"line":14,"column":38},"end":{"line":14,"column":62}},"10":{"start":{"line":15,"column":37},"end":{"line":15,"column":60}},"11":{"start":{"line":16,"column":28},"end":{"line":16,"column":42}},"12":{"start":{"line":17,"column":27},"end":{"line":17,"column":40}},"13":{"start":{"line":18,"column":34},"end":{"line":18,"column":54}},"14":{"start":{"line":19,"column":38},"end":{"line":19,"column":62}},"15":{"start":{"line":20,"column":26},"end":{"line":20,"column":38}},"16":{"start":{"line":21,"column":32},"end":{"line":21,"column":50}},"17":{"start":{"line":23,"column":35},"end":{"line":23,"column":56}},"18":{"start":{"line":24,"column":32},"end":{"line":24,"column":50}},"19":{"start":{"line":25,"column":28},"end":{"line":25,"column":42}},"20":{"start":{"line":26,"column":25},"end":{"line":26,"column":36}},"21":{"start":{"line":27,"column":35},"end":{"line":27,"column":56}}},"fnMap":{},"branchMap":{},"s":{"0":11,"1":11,"2":11,"3":11,"4":11,"5":11,"6":11,"7":11,"8":11,"9":11,"10":11,"11":11,"12":11,"13":11,"14":11,"15":11,"16":11,"17":11,"18":11,"19":11,"20":11,"21":11},"f":{},"b":{},"_coverageSchema":"1a1c01bbd47fc00a2c39e90264f33305004495a9","hash":"9f63cd316f3bfef27f8715b1c1438c1f3ee39663"}
,"/home/iamnwani/Desktop/OSS/ambianic-ui/src/store/pnp.js": {"path":"/home/iamnwani/Desktop/OSS/ambianic-ui/src/store/pnp.js","statementMap":{"0":{"start":{"line":37,"column":20},"end":{"line":37,"column":43}},"1":{"start":{"line":39,"column":14},"end":{"line":88,"column":1}},"2":{"start":{"line":90,"column":18},"end":{"line":148,"column":1}},"3":{"start":{"line":92,"column":4},"end":{"line":92,"column":21}},"4":{"start":{"line":95,"column":4},"end":{"line":95,"column":36}},"5":{"start":{"line":96,"column":4},"end":{"line":96,"column":50}},"6":{"start":{"line":97,"column":4},"end":{"line":97,"column":31}},"7":{"start":{"line":100,"column":4},"end":{"line":100,"column":48}},"8":{"start":{"line":103,"column":4},"end":{"line":103,"column":49}},"9":{"start":{"line":106,"column":4},"end":{"line":106,"column":48}},"10":{"start":{"line":109,"column":4},"end":{"line":109,"column":52}},"11":{"start":{"line":112,"column":4},"end":{"line":112,"column":41}},"12":{"start":{"line":113,"column":4},"end":{"line":113,"column":47}},"13":{"start":{"line":116,"column":4},"end":{"line":116,"column":54}},"14":{"start":{"line":119,"column":4},"end":{"line":119,"column":63}},"15":{"start":{"line":122,"column":4},"end":{"line":122,"column":61}},"16":{"start":{"line":125,"column":4},"end":{"line":125,"column":60}},"17":{"start":{"line":128,"column":4},"end":{"line":128,"column":38}},"18":{"start":{"line":131,"column":4},"end":{"line":131,"column":30}},"19":{"start":{"line":135,"column":4},"end":{"line":135,"column":90}},"20":{"start":{"line":136,"column":4},"end":{"line":136,"column":40}},"21":{"start":{"line":137,"column":4},"end":{"line":137,"column":79}},"22":{"start":{"line":140,"column":4},"end":{"line":140,"column":87}},"23":{"start":{"line":141,"column":4},"end":{"line":141,"column":34}},"24":{"start":{"line":142,"column":4},"end":{"line":142,"column":65}},"25":{"start":{"line":145,"column":4},"end":{"line":145,"column":60}},"26":{"start":{"line":146,"column":4},"end":{"line":146,"column":31}},"27":{"start":{"line":158,"column":15},"end":{"line":158,"column":25}},"28":{"start":{"line":160,"column":2},"end":{"line":194,"column":3}},"29":{"start":{"line":161,"column":4},"end":{"line":161,"column":29}},"30":{"start":{"line":164,"column":4},"end":{"line":164,"column":23}},"31":{"start":{"line":165,"column":19},"end":{"line":165,"column":37}},"32":{"start":{"line":166,"column":4},"end":{"line":166,"column":50}},"33":{"start":{"line":167,"column":24},"end":{"line":167,"column":53}},"34":{"start":{"line":168,"column":4},"end":{"line":168,"column":53}},"35":{"start":{"line":169,"column":20},"end":{"line":169,"column":42}},"36":{"start":{"line":170,"column":4},"end":{"line":170,"column":44}},"37":{"start":{"line":173,"column":23},"end":{"line":174,"column":78}},"38":{"start":{"line":174,"column":13},"end":{"line":174,"column":77}},"39":{"start":{"line":175,"column":4},"end":{"line":175,"column":89}},"40":{"start":{"line":176,"column":4},"end":{"line":182,"column":5}},"41":{"start":{"line":179,"column":6},"end":{"line":179,"column":78}},"42":{"start":{"line":180,"column":6},"end":{"line":180,"column":57}},"43":{"start":{"line":181,"column":6},"end":{"line":181,"column":42}},"44":{"start":{"line":183,"column":4},"end":{"line":193,"column":5}},"45":{"start":{"line":184,"column":6},"end":{"line":184,"column":25}},"46":{"start":{"line":188,"column":6},"end":{"line":192,"column":10}},"47":{"start":{"line":199,"column":15},"end":{"line":199,"column":25}},"48":{"start":{"line":200,"column":2},"end":{"line":220,"column":4}},"49":{"start":{"line":201,"column":4},"end":{"line":201,"column":33}},"50":{"start":{"line":203,"column":4},"end":{"line":215,"column":5}},"51":{"start":{"line":204,"column":6},"end":{"line":204,"column":64}},"52":{"start":{"line":205,"column":6},"end":{"line":205,"column":30}},"53":{"start":{"line":207,"column":6},"end":{"line":214,"column":7}},"54":{"start":{"line":208,"column":8},"end":{"line":212,"column":9}},"55":{"start":{"line":213,"column":8},"end":{"line":213,"column":36}},"56":{"start":{"line":216,"column":4},"end":{"line":216,"column":50}},"57":{"start":{"line":219,"column":4},"end":{"line":219,"column":27}},"58":{"start":{"line":221,"column":2},"end":{"line":225,"column":4}},"59":{"start":{"line":222,"column":4},"end":{"line":222,"column":36}},"60":{"start":{"line":223,"column":4},"end":{"line":223,"column":95}},"61":{"start":{"line":224,"column":4},"end":{"line":224,"column":65}},"62":{"start":{"line":226,"column":2},"end":{"line":236,"column":4}},"63":{"start":{"line":228,"column":4},"end":{"line":228,"column":97}},"64":{"start":{"line":229,"column":4},"end":{"line":229,"column":53}},"65":{"start":{"line":230,"column":4},"end":{"line":230,"column":48}},"66":{"start":{"line":231,"column":4},"end":{"line":231,"column":36}},"67":{"start":{"line":232,"column":4},"end":{"line":232,"column":29}},"68":{"start":{"line":233,"column":4},"end":{"line":235,"column":12}},"69":{"start":{"line":234,"column":6},"end":{"line":234,"column":30}},"70":{"start":{"line":237,"column":2},"end":{"line":251,"column":4}},"71":{"start":{"line":238,"column":4},"end":{"line":238,"column":52}},"72":{"start":{"line":239,"column":4},"end":{"line":242,"column":8}},"73":{"start":{"line":243,"column":4},"end":{"line":243,"column":36}},"74":{"start":{"line":244,"column":4},"end":{"line":244,"column":29}},"75":{"start":{"line":245,"column":4},"end":{"line":245,"column":56}},"76":{"start":{"line":246,"column":4},"end":{"line":246,"column":57}},"77":{"start":{"line":248,"column":4},"end":{"line":250,"column":12}},"78":{"start":{"line":249,"column":6},"end":{"line":249,"column":30}},"79":{"start":{"line":253,"column":2},"end":{"line":257,"column":4}},"80":{"start":{"line":254,"column":4},"end":{"line":254,"column":74}},"81":{"start":{"line":255,"column":4},"end":{"line":255,"column":74}},"82":{"start":{"line":256,"column":4},"end":{"line":256,"column":27}},"83":{"start":{"line":268,"column":2},"end":{"line":279,"column":4}},"84":{"start":{"line":269,"column":4},"end":{"line":269,"column":44}},"85":{"start":{"line":270,"column":22},"end":{"line":270,"column":51}},"86":{"start":{"line":271,"column":4},"end":{"line":271,"column":81}},"87":{"start":{"line":272,"column":4},"end":{"line":272,"column":33}},"88":{"start":{"line":273,"column":4},"end":{"line":273,"column":71}},"89":{"start":{"line":273,"column":21},"end":{"line":273,"column":64}},"90":{"start":{"line":281,"column":2},"end":{"line":291,"column":4}},"91":{"start":{"line":282,"column":4},"end":{"line":282,"column":44}},"92":{"start":{"line":283,"column":4},"end":{"line":283,"column":29}},"93":{"start":{"line":284,"column":4},"end":{"line":284,"column":60}},"94":{"start":{"line":285,"column":4},"end":{"line":285,"column":61}},"95":{"start":{"line":286,"column":4},"end":{"line":286,"column":68}},"96":{"start":{"line":287,"column":4},"end":{"line":290,"column":5}},"97":{"start":{"line":288,"column":12},"end":{"line":288,"column":35}},"98":{"start":{"line":293,"column":2},"end":{"line":298,"column":4}},"99":{"start":{"line":294,"column":4},"end":{"line":294,"column":44}},"100":{"start":{"line":295,"column":4},"end":{"line":295,"column":86}},"101":{"start":{"line":296,"column":4},"end":{"line":296,"column":85}},"102":{"start":{"line":297,"column":4},"end":{"line":297,"column":67}},"103":{"start":{"line":300,"column":2},"end":{"line":300,"column":61}},"104":{"start":{"line":303,"column":16},"end":{"line":563,"column":1}},"105":{"start":{"line":308,"column":4},"end":{"line":308,"column":39}},"106":{"start":{"line":318,"column":17},"end":{"line":318,"column":27}},"107":{"start":{"line":320,"column":4},"end":{"line":320,"column":37}},"108":{"start":{"line":320,"column":29},"end":{"line":320,"column":35}},"109":{"start":{"line":322,"column":4},"end":{"line":322,"column":79}},"110":{"start":{"line":322,"column":71},"end":{"line":322,"column":77}},"111":{"start":{"line":324,"column":4},"end":{"line":324,"column":44}},"112":{"start":{"line":328,"column":4},"end":{"line":328,"column":66}},"113":{"start":{"line":329,"column":20},"end":{"line":336,"column":5}},"114":{"start":{"line":337,"column":4},"end":{"line":337,"column":38}},"115":{"start":{"line":338,"column":4},"end":{"line":338,"column":43}},"116":{"start":{"line":339,"column":4},"end":{"line":339,"column":64}},"117":{"start":{"line":340,"column":4},"end":{"line":340,"column":34}},"118":{"start":{"line":350,"column":17},"end":{"line":350,"column":27}},"119":{"start":{"line":352,"column":4},"end":{"line":352,"column":25}},"120":{"start":{"line":352,"column":19},"end":{"line":352,"column":25}},"121":{"start":{"line":354,"column":4},"end":{"line":354,"column":79}},"122":{"start":{"line":354,"column":71},"end":{"line":354,"column":77}},"123":{"start":{"line":355,"column":4},"end":{"line":355,"column":51}},"124":{"start":{"line":357,"column":4},"end":{"line":360,"column":5}},"125":{"start":{"line":358,"column":6},"end":{"line":358,"column":78}},"126":{"start":{"line":359,"column":6},"end":{"line":359,"column":31}},"127":{"start":{"line":361,"column":4},"end":{"line":361,"column":39}},"128":{"start":{"line":362,"column":4},"end":{"line":362,"column":34}},"129":{"start":{"line":363,"column":4},"end":{"line":363,"column":20}},"130":{"start":{"line":370,"column":4},"end":{"line":370,"column":86}},"131":{"start":{"line":371,"column":4},"end":{"line":375,"column":5}},"132":{"start":{"line":374,"column":6},"end":{"line":374,"column":12}},"133":{"start":{"line":376,"column":4},"end":{"line":376,"column":28}},"134":{"start":{"line":377,"column":28},"end":{"line":407,"column":5}},"135":{"start":{"line":379,"column":6},"end":{"line":379,"column":47}},"136":{"start":{"line":382,"column":6},"end":{"line":385,"column":7}},"137":{"start":{"line":383,"column":8},"end":{"line":383,"column":64}},"138":{"start":{"line":384,"column":8},"end":{"line":384,"column":45}},"139":{"start":{"line":387,"column":6},"end":{"line":398,"column":7}},"140":{"start":{"line":388,"column":8},"end":{"line":394,"column":9}},"141":{"start":{"line":389,"column":10},"end":{"line":389,"column":70}},"142":{"start":{"line":393,"column":10},"end":{"line":393,"column":77}},"143":{"start":{"line":396,"column":8},"end":{"line":397,"column":14}},"144":{"start":{"line":399,"column":6},"end":{"line":406,"column":7}},"145":{"start":{"line":400,"column":8},"end":{"line":400,"column":57}},"146":{"start":{"line":401,"column":8},"end":{"line":401,"column":31}},"147":{"start":{"line":403,"column":8},"end":{"line":403,"column":50}},"148":{"start":{"line":405,"column":8},"end":{"line":405,"column":61}},"149"
[...]
d":{"line":328,"column":null}},"loc":{"start":{"line":328,"column":0},"end":{"line":328,"column":null}}},"8":{"name":"(anonymous_9)","decl":{"start":{"line":330,"column":0},"end":{"line":330,"column":null}},"loc":{"start":{"line":330,"column":0},"end":{"line":330,"column":null}}},"9":{"name":"(anonymous_10)","decl":{"start":{"line":331,"column":0},"end":{"line":331,"column":null}},"loc":{"start":{"line":331,"column":0},"end":{"line":331,"column":null}}},"10":{"name":"(anonymous_11)","decl":{"start":{"line":332,"column":0},"end":{"line":332,"column":null}},"loc":{"start":{"line":332,"column":0},"end":{"line":332,"column":null}}},"11":{"name":"(anonymous_12)","decl":{"start":{"line":334,"column":0},"end":{"line":334,"column":null}},"loc":{"start":{"line":334,"column":0},"end":{"line":354,"column":null}}},"12":{"name":"(anonymous_13)","decl":{"start":{"line":357,"column":0},"end":{"line":357,"column":null}},"loc":{"start":{"line":357,"column":0},"end":{"line":360,"column":null}}}},"branchMap":{"0":{"loc":{"start":{"line":301,"column":0},"end":{"line":308,"column":null}},"type":"if","locations":[{"start":{"line":301,"column":0},"end":{"line":308,"column":null}},{"start":{"line":301,"column":0},"end":{"line":308,"column":null}}]},"1":{"loc":{"start":{"line":337,"column":0},"end":{"line":337,"column":null}},"type":"switch","locations":[{"start":{"line":337,"column":0},"end":{"line":337,"column":null}},{"start":{"line":338,"column":0},"end":{"line":340,"column":null}},{"start":{"line":341,"column":0},"end":{"line":341,"column":null}},{"start":{"line":342,"column":0},"end":{"line":342,"column":null}},{"start":{"line":343,"column":0},"end":{"line":343,"column":null}},{"start":{"line":344,"column":0},"end":{"line":346,"column":null}},{"start":{"line":347,"column":0},"end":{"line":349,"column":null}},{"start":{"line":350,"column":0},"end":{"line":351,"column":null}}]}},"s":{"0":2,"1":2,"2":2,"3":2,"4":2,"5":2,"6":0,"7":0,"8":0,"9":0,"10":0,"11":0,"12":0,"13":0,"14":0,"15":0,"16":2,"17":0,"18":2,"19":0,"20":0,"21":2,"22":2,"23":0,"24":0,"25":0,"26":0,"27":0,"28":0,"29":2,"30":2,"31":0,"32":0},"f":{"0":2,"1":2,"2":0,"3":0,"4":0,"5":0,"6":2,"7":0,"8":2,"9":0,"10":0,"11":2,"12":0},"b":{"0":[0,0],"1":[0,0,0,0,0,0,0,2]}}
,"/home/iamnwani/Desktop/OSS/ambianic-ui/src/views/Timeline.vue": {"path":"/home/iamnwani/Desktop/OSS/ambianic-ui/src/views/Timeline.vue","statementMap":{"0":{"start":{"line":245,"column":0},"end":{"line":245,"column":null}},"1":{"start":{"line":246,"column":0},"end":{"line":246,"column":null}},"2":{"start":{"line":247,"column":0},"end":{"line":247,"column":null}},"3":{"start":{"line":248,"column":0},"end":{"line":248,"column":null}},"4":{"start":{"line":249,"column":0},"end":{"line":249,"column":null}},"5":{"start":{"line":250,"column":0},"end":{"line":250,"column":null}},"6":{"start":{"line":251,"column":0},"end":{"line":251,"column":null}},"7":{"start":{"line":252,"column":0},"end":{"line":252,"column":null}},"8":{"start":{"line":256,"column":0},"end":{"line":256,"column":null}},"9":{"start":{"line":258,"column":0},"end":{"line":258,"column":null}},"10":{"start":{"line":261,"column":0},"end":{"line":261,"column":null}},"11":{"start":{"line":273,"column":0},"end":{"line":273,"column":null}},"12":{"start":{"line":274,"column":0},"end":{"line":283,"column":null}},"13":{"start":{"line":275,"column":0},"end":{"line":282,"column":null}},"14":{"start":{"line":277,"column":0},"end":{"line":277,"column":null}},"15":{"start":{"line":279,"column":0},"end":{"line":279,"column":null}},"16":{"start":{"line":280,"column":0},"end":{"line":280,"column":null}},"17":{"start":{"line":281,"column":0},"end":{"line":281,"column":null}},"18":{"start":{"line":286,"column":0},"end":{"line":286,"column":null}},"19":{"start":{"line":294,"column":0},"end":{"line":294,"column":null}},"20":{"start":{"line":296,"column":0},"end":{"line":296,"column":null}},"21":{"start":{"line":298,"column":0},"end":{"line":298,"column":null}},"22":{"start":{"line":299,"column":0},"end":{"line":299,"column":null}},"23":{"start":{"line":300,"column":0},"end":{"line":300,"column":null}},"24":{"start":{"line":301,"column":0},"end":{"line":301,"column":null}},"25":{"start":{"line":302,"column":0},"end":{"line":302,"column":null}},"26":{"start":{"line":303,"column":0},"end":{"line":303,"column":null}},"27":{"start":{"line":308,"column":0},"end":{"line":308,"column":null}},"28":{"start":{"line":313,"column":0},"end":{"line":315,"column":null}},"29":{"start":{"line":314,"column":0},"end":{"line":314,"column":null}},"30":{"start":{"line":320,"column":0},"end":{"line":327,"column":null}},"31":{"start":{"line":321,"column":0},"end":{"line":326,"column":null}},"32":{"start":{"line":322,"column":0},"end":{"line":322,"column":null}},"33":{"start":{"line":324,"column":0},"end":{"line":324,"column":null}},"34":{"start":{"line":325,"column":0},"end":{"line":325,"column":null}},"35":{"start":{"line":328,"column":0},"end":{"line":328,"column":null}},"36":{"start":{"line":329,"column":0},"end":{"line":329,"column":null}},"37":{"start":{"line":333,"column":0},"end":{"line":333,"column":null}},"38":{"start":{"line":334,"column":0},"end":{"line":334,"column":null}},"39":{"start":{"line":337,"column":0},"end":{"line":337,"column":null}},"40":{"start":{"line":338,"column":0},"end":{"line":338,"column":null}},"41":{"start":{"line":341,"column":0},"end":{"line":341,"column":null}},"42":{"start":{"line":342,"column":0},"end":{"line":342,"column":null}},"43":{"start":{"line":345,"column":0},"end":{"line":384,"column":null}},"44":{"start":{"line":346,"column":0},"end":{"line":349,"column":null}},"45":{"start":{"line":347,"column":0},"end":{"line":347,"column":null}},"46":{"start":{"line":348,"column":0},"end":{"line":348,"column":null}},"47":{"start":{"line":350,"column":0},"end":{"line":350,"column":null}},"48":{"start":{"line":351,"column":0},"end":{"line":351,"column":null}},"49":{"start":{"line":353,"column":0},"end":{"line":378,"column":null}},"50":{"start":{"line":359,"column":0},"end":{"line":359,"column":null}},"51":{"start":{"line":360,"column":0},"end":{"line":366,"column":null}},"52":{"start":{"line":361,"column":0},"end":{"line":361,"column":null}},"53":{"start":{"line":368,"column":0},"end":{"line":368,"column":null}},"54":{"start":{"line":373,"column":0},"end":{"line":373,"column":null}},"55":{"start":{"line":374,"column":0},"end":{"line":374,"column":null}},"56":{"start":{"line":377,"column":0},"end":{"line":377,"column":null}},"57":{"start":{"line":383,"column":0},"end":{"line":383,"column":null}},"58":{"start":{"line":387,"column":0},"end":{"line":427,"column":null}},"59":{"start":{"line":388,"column":0},"end":{"line":391,"column":null}},"60":{"start":{"line":389,"column":0},"end":{"line":389,"column":null}},"61":{"start":{"line":390,"column":0},"end":{"line":390,"column":null}},"62":{"start":{"line":392,"column":0},"end":{"line":392,"column":null}},"63":{"start":{"line":393,"column":0},"end":{"line":393,"column":null}},"64":{"start":{"line":395,"column":0},"end":{"line":421,"column":null}},"65":{"start":{"line":401,"column":0},"end":{"line":401,"column":null}},"66":{"start":{"line":406,"column":0},"end":{"line":406,"column":null}},"67":{"start":{"line":407,"column":0},"end":{"line":407,"column":null}},"68":{"start":{"line":408,"column":0},"end":{"line":417,"column":null}},"69":{"start":{"line":416,"column":0},"end":{"line":416,"column":null}},"70":{"start":{"line":420,"column":0},"end":{"line":420,"column":null}},"71":{"start":{"line":426,"column":0},"end":{"line":426,"column":null}},"72":{"start":{"line":430,"column":0},"end":{"line":430,"column":null}},"73":{"start":{"line":431,"column":0},"end":{"line":431,"column":null}},"74":{"start":{"line":433,"column":0},"end":{"line":433,"column":null}},"75":{"start":{"line":434,"column":0},"end":{"line":434,"column":null}},"76":{"start":{"line":436,"column":0},"end":{"line":436,"column":null}},"77":{"start":{"line":437,"column":0},"end":{"line":437,"column":null}},"78":{"start":{"line":439,"column":0},"end":{"line":439,"column":null}},"79":{"start":{"line":440,"column":0},"end":{"line":440,"column":null}},"80":{"start":{"line":442,"column":0},"end":{"line":442,"column":null}},"81":{"start":{"line":445,"column":0},"end":{"line":445,"column":null}},"82":{"start":{"line":448,"column":0},"end":{"line":448,"column":null}},"83":{"start":{"line":449,"column":0},"end":{"line":449,"column":null}},"84":{"start":{"line":450,"column":0},"end":{"line":452,"column":null}},"85":{"start":{"line":451,"column":0},"end":{"line":451,"column":null}},"86":{"start":{"line":453,"column":0},"end":{"line":453,"column":null}},"87":{"start":{"line":456,"column":0},"end":{"line":456,"column":null}},"88":{"start":{"line":458,"column":0},"end":{"line":458,"column":null}},"89":{"start":{"line":459,"column":0},"end":{"line":459,"column":null}},"90":{"start":{"line":461,"column":0},"end":{"line":461,"column":null}},"91":{"start":{"line":462,"column":0},"end":{"line":462,"column":null}},"92":{"start":{"line":464,"column":0},"end":{"line":464,"column":null}},"93":{"start":{"line":465,"column":0},"end":{"line":465,"column":null}},"94":{"start":{"line":467,"column":0},"end":{"line":467,"column":null}},"95":{"start":{"line":468,"column":0},"end":{"line":468,"column":null}},"96":{"start":{"line":470,"column":0},"end":{"line":470,"column":null}},"97":{"start":{"line":471,"column":0},"end":{"line":471,"column":null}},"98":{"start":{"line":475,"column":0},"end":{"line":475,"column":null}},"99":{"start":{"line":478,"column":0},"end":{"line":478,"column":null}},"100":{"start":{"line":479,"column":0},"end":{"line":479,"column":null}},"101":{"start":{"line":481,"column":0},"end":{"line":481,"column":null}},"102":{"start":{"line":483,"column":0},"end":{"line":483,"column":null}},"103":{"start":{"line":484,"column":0},"end":{"line":484,"column":null}},"104":{"start":{"line":486,"column":0},"end":{"line":486,"column":null}},"105":{"start":{"line":487,"column":0},"end":{"line":487,"column":null}},"106":{"start":{"line":490,"column":0},"end":{"line":490,"column":null}},"107":{"start":{"line":491,"column":0},"end":{"line":491,"column":null}}},"fnMap":{"0":{"name":"(anonymous_1)","decl":{"start":{"line":260,"column":0},"end":{"line":260,"column":null}},"loc":{"start":{"line":260,"column":0},"end":{"line":270,"column":null}}},"1":{"name":"(anonymous_2)","decl":{"start":{"line":271,"column":0},"end":{"line":271,"column":null}},"loc":{"start":{"line":271,"column":0},"end":{"line":284,"column":null}}},"2":{"name":"(anonymous_3)","decl":{"start":{"line":274,"column":0},"end":{"line":274,"column":null}},"loc":{"start":{"line":274,"column":0},"end":{"line":283,"column":null}}},"3":{"name":"(anonymous_4)","decl":{"start":{"line":285,"column":0},"end":{"line":285,"column":null}},"loc":{"start":{"line":285,"column":0},"end":{"line":287,"column":null}}},"4":{"name":"(anonymous_5)","decl":{"start":{"line":294,"column":0},"end":{"line":294,"column":null}},"loc":{"start":{"line":294,"column":0},"end":{"line":294,"column":null}}},"5":{"name":"(anonymous_6)","decl":{"start":{"line":296,"column":0},"end":{"line":296,"column":null}},"loc":{"start":{"line":296,"column":0},"end":{"line":296,"column":null}}},"6":{"name":"(anonymous_7)","decl":{"start":{"line":298,"column":0},"end":{"line":298,"column":null}},"loc":{"start":{"line":298,"column":0},"end":{"line":298,"column":null}}},"7":{"name":"(anonymous_8)","decl":{"start":{"line":299,"column":0},"end":{"line":299,"column":null}},"loc":{"start":{"line":299,"column":0},"end":{"line":299,"column":null}}},"8":{"name":"(anonymous_9)","decl":{"start":{"line":300,"column":0},"end":{"line":300,"column":null}},"loc":{"start":{"line":300,"column":0},"end":{"line":300,"column":null}}},"9":{"name":"(anonymous_10)","decl":{"start":{"line":301,"column":0},"end":{"line":301,"column":null}},"loc":{"start":{"line":301,"column":0},"end":{"line":301,"column":null}}},"10":{"name":"(anonymous_11)","decl":{"start":{"line":302,"column":0},"end":{"line":302,"column":null}},"loc":{"start":{"line":302,"column":0},"end":{"line":302,"column":null}}},"11":{"name":"(anonymous_12)","decl":{"start":{"line":303,"column":0},"end":{"line":303,"column":null}},"loc":{"start":{"line":303,"column":0},"end":{"line":303,"column":null}}},"12":{"name":"(anonymous_13)","decl":{"start":{"line":307,"column":0},"end":{"line":307,"column":null}},"loc":{"start":{"line":307,"column":0},"end":{"line":311,"column":null}}},"13":{"name":"(anonymous_14)","decl":{"start":{"line":312,"column":0},"end":{"line":312,"column":null}},"loc":{"start":{"line":312,"column":0},"end":{"line":316,"column":null}}},"14":{"name":"(anonymous_15)","decl":{"start":{"line":313,"column":0},"end":{"line":313,"column":null}},"loc":{"start":{"line":313,"column":0},"end":{"line":315,"column":null}}},"15":{"name":"(anonymous_16)","decl":{"start":{"line":317,"column":0},"end":{"line":317,"column":null}},"loc":{"start":{"line":317,"column":0},"end":{"line":330,"column":null}}},"16":{"name":"(anonymous_17)","decl":{"start":{"line":325,"column":0},"end":{"line":325,"column":null}},"loc":{"start":{"line":325,"column":0},"end":{"line":325,"column":null}}},"17":{"name":"(anonymous_18)","decl":{"start":{"line":331,"column":0},"end":{"line":331,"column":null}},"loc":{"start":{"line":331,"column":0},"end":{"line":335,"column":null}}},"18":{"name":"(anonymous_19)","decl":{"start":{"line":336,"column":0},"end":{"line":336,"column":null}},"loc":{"start":{"line":336,"column":0},"end":{"line":339,"column":null}}},"19":{"name":"(anonymous_20)","decl":{"start":{"line":340,"column":0},"end":{"line":340,"column":null}},"loc":{"start":{"line":340,"column":0},"end":{"line":343,"column":null}}},"20":{"name":"(anonymous_21)","decl":{"start":{"line":344,"column":0},"end":{"line":344,"column":null}},"loc":{"start":{"line":344,"column":0},"end":{"line":385,"column":null}}},"21":{"name":"(anonymous_22)","decl":{"start":{"line":361,"column":0},"end":{"line":361,"column":null}},"loc":{"start":{"line":361,"column":0},"end":{"line":361,"column":null}}},"22":{"name":"(anonymous_23)","decl":{"start":{"line":368,"column":0},"end":{"line":368,"column":null}},"loc":{"start":{"line":368,"column":0},"end":{"line":368,"column":null}}},"23":{"name":"(anonymous_24)","decl":{"start":{"line":386,"column":0},"end":{"line":386,"column":null}},"loc":{"start":{"line":386,"column":0},"end":{"line":428,"column":null}}},"24":{"name":"(anonymous_25)","decl":{"start":{"line":401,"column":0},"end":{"line":401,"column":null}},"loc":{"start":{"line":401,"column":0},"end":{"line":401,"column":null}}},"25":{"name":"(anonymous_26)","decl":{"start":{"line":429,"column":0},"end":{"line":429,"column":null}},"loc":{"start":{"line":429,"column":0},"end":{"line":446,"column":null}}},"26":{"name":"(anonymous_27)","decl":{"start":{"line":447,"column":0},"end":{"line":447,"column":null}},"loc":{"start":{"line":447,"column":0},"end":{"line":476,"column":null}}},"27":{"name":"(anonymous_28)","decl":{"start":{"line":477,"column":0},"end":{"line":477,"column":null}},"loc":{"start":{"line":477,"column":0},"end":{"line":488,"column":null}}},"28":{"name":"(anonymous_29)","decl":{"start":{"line":489,"column":0},"end":{"line":489,"column":null}},"loc":{"start":{"line":489,"column":0},"end":{"line":492,"column":null}}}},"branchMap":{"0":{"loc":{"start":{"line":275,"column":0},"end":{"line":282,"column":null}},"type":"if","locations":[{"start":{"line":275,"column":0},"end":{"line":282,"column":null}},{"start":{"line":275,"column":0},"end":{"line":282,"column":null}}]},"1":{"loc":{"start":{"line":346,"column":0},"end":{"line":349,"column":null}},"type":"if","locations":[{"start":{"line":346,"column":0},"end":{"line":349,"column":null}},{"start":{"line":346,"column":0},"end":{"line":349,"column":null}}]},"2":{"loc":{"start":{"line":353,"column":0},"end":{"line":378,"column":null}},"type":"if","locations":[{"start":{"line":353,"column":0},"end":{"line":378,"column":null}},{"start":{"line":353,"column":0},"end":{"line":378,"column":null}}]},"3":{"loc":{"start":{"line":353,"column":0},"end":{"line":353,"column":null}},"type":"binary-expr","locations":[{"start":{"line":353,"column":0},"end":{"line":353,"column":null}},{"start":{"line":353,"column":0},"end":{"line":353,"column":null}},{"start":{"line":353,"column":0},"end":{"line":353,"column":null}}]},"4":{"loc":{"start":{"line":360,"column":0},"end":{"line":366,"column":null}},"type":"if","locations":[{"start":{"line":360,"column":0},"end":{"line":366,"column":null}},{"start":{"line":360,"column":0},"end":{"line":366,"column":null}}]},"5":{"loc":{"start":{"line":388,"column":0},"end":{"line":391,"column":null}},"type":"if","locations":[{"start":{"line":388,"column":0},"end":{"line":391,"column":null}},{"start":{"line":388,"column":0},"end":{"line":391,"column":null}}]},"6":{"loc":{"start":{"line":395,"column":0},"end":{"line":421,"column":null}},"type":"if","locations":[{"start":{"line":395,"column":0},"end":{"line":421,"column":null}},{"start":{"line":395,"column":0},"end":{"line":421,"column":null}}]},"7":{"loc":{"start":{"line":395,"column":0},"end":{"line":395,"column":null}},"type":"binary-expr","locations":[{"start":{"line":395,"column":0},"end":{"line":395,"column":null}},{"start":{"line":395,"column":0},"end":{"line":395,"column":null}},{"start":{"line":395,"column":0},"end":{"line":395,"column":null}}]},"8":{"loc":{"start":{"line":408,"column":0},"end":{"line":417,"column":null}},"type":"if","locations":[{"start":{"line":408,"column":0},"end":{"line":417,"column":null}},{"start":{"line":408,"column":0},"end":{"line":417,"column":null}}]},"9":{"loc":{"start":{"line":408,"column":0},"end":{"line":408,"column":null}},"type":"binary-expr","locations":[{"start":{"line":408,"column":0},"end":{"line":408,"column":null}},{"start":{"line":408,"column":0},"end":{"line":408,"column":null}}]},"10":{"loc":{"start":{"line":432,"column":0},"end":{"line":434,"column":null}},"type":"switch","locations":[{"start":{"line":432,"column":0},"end":{"line":434,"column":null}},{"start":{"line":435,"column":0},"end":{"line":437,"column":null}},{"start":{"line":438,"column":0},"end":{"line":440,"column":null}}]},"11":{"loc":{"start":{"line":450,"column":0},"end":{"line":452,"column":null}},"type":"if","locations":[{"start":{"line":450,"column":0},"end":{"line":452,"column":null}},{"start":{"line":450,"column":0},"end":{"line":452,"column":null}}]},"12":{"loc":{"start":{"line":457,"column":0},"end":{"line":459,"column":null}},"type":"switch","locations":[{"start":{"line":457,"column":0},"end":{"line":459,"column":null}},{"start":{"line":460,"column":0},"end":{"line":462,"column":null}},{"start":{"line":463,"column":0},"end":{"line":465,"column":null}},{"start":{"line":466,"column":0},"end":{"line":468,"column":null}},{"start":{"line":469,"column":0},"end":{"line":471,"column":null}}]}},"s":{"0":1,"1":1,"2":1,"3":1,"4":1,"5":1,"6":1,"7":1,"8":1,"9":1,"10":0,"11":0,"12":0,"13":0,"14":0,"15":0,"16":0,"17":0,"18":0,"19":0,"20":0,"21":0,"22":0,"23":0,"24":0,"25":0,"26":0,"27":0,"28":0,"29":0,"30":0,"31":0,"32":0,"33":0,"34":0,"35":0,"36":0,"37":0,"38":0,"39":0,"40":0,"41":0,"42":0,"43":0,"44":0,"45":0,"46":0,"47":0,"48":0,"49":0,"50":0,"51":0,"52":0,"53":0,"54":0,"55":0,"56":0,"57":0,"58":0,"59":0,"60":0,"61":0,"62":0,"63":0,"64":0,"65":0,"66":0,"67":0,"68":0,"69":0,"70":0,"71":0,"72":0,"73":0,"74":0,"75":0,"76":0,"77":0,"78":0,"79":0,"80":0,"81":0,"82":0,"83":0,"84":0,"85":0,"86":0,"87":0,"88":0,"89":0,"90":0,"91":0,"92":0,"93":0,"94":0,"95":0,"96":0,"97":0,"98":0,"99":0,"100":0,"101":0,"102":0,"103":0,"104":0,"105":0,"106":0,"107":0},"f":{"0":0,"1":0,"2":0,"3":0,"4":0,"5":0,"6":0,"7":0,"8":0,"9":0,"10":0,"11":0,"12":0,"13":0,"14":0,"15":0,"16":0,"17":0,"18":0,"19":0,"20":0,"21":0,"22":0,"23":0,"24":0,"25":0,"26":0,"27":0,"28":0},"b":{"0":[0,0],"1":[0,0],"2":[0,0],"3":[0,0,0],"4":[0,0],"5":[0,0],"6":[0,0],"7":[0,0,0],"8":[0,0],"9":[0,0],"10":[0,0,0],"11":[0,0],"12":[0,0,0,0,0]}}
}
